#
# A fatal error has been detected by the Java Runtime Environment:
#
#  EXCEPTION_UNCAUGHT_CXX_EXCEPTION (0xe06d7363) at pc=0x00007ffd7f6fcf19, pid=17296, tid=5708
#
# JRE version: Java(TM) SE Runtime Environment (21.0+35) (build 21+35-LTS-2513)
# Java VM: Java HotSpot(TM) 64-Bit Server VM (21+35-LTS-2513, mixed mode, sharing, tiered, compressed oops, compressed class ptrs, g1 gc, windows-amd64)
# Problematic frame:
# C  [KERNELBASE.dll+0x2cf19]
#
# No core dump will be written. Minidumps are not enabled by default on client versions of Windows
#
# If you would like to submit a bug report, please visit:
#   https://bugreport.java.com/bugreport/crash.jsp
# The crash happened outside the Java Virtual Machine in native code.
# See problematic frame for where to report the bug.
#

---------------  S U M M A R Y ------------

Command Line: -javaagent:C:\Program Files\JetBrains\IntelliJ IDEA 2023.3.2\lib\idea_rt.jar=60555:C:\Program Files\JetBrains\IntelliJ IDEA 2023.3.2\bin -Dfile.encoding=UTF-8 -Dsun.stdout.encoding=UTF-8 -Dsun.stderr.encoding=UTF-8 Main

Host: Intel(R) Core(TM) i5-10500H CPU @ 2.50GHz, 12 cores, 15G,  Windows 10 , 64 bit Build 19041 (10.0.19041.3393)
Time: Tue Feb  6 12:44:47 2024 W. Central Africa Standard Time elapsed time: 0.272058 seconds (0d 0h 0m 0s)

---------------  T H R E A D  ---------------

Current thread (0x000001abb976e9e0):  JavaThread "main"             [_thread_in_native, id=5708, stack(0x000000572fa00000,0x000000572fb00000) (1024K)]

Stack: [0x000000572fa00000,0x000000572fb00000],  sp=0x000000572fafe6c0,  free space=1017k
Native frames: (J=compiled Java code, j=interpreted, Vv=VM code, C=native code)
C  [KERNELBASE.dll+0x2cf19]
C  [VCRUNTIME140.dll+0x66c0]
C  [myTrainerlib.dll+0x243ae]

Java frames: (J=compiled Java code, j=interpreted, Vv=VM code)
j  BinTrainer.learn(ID[DLjava/lang/String;)[D+0
j  BinTrainer.fit(IDLjava/lang/String;)I+76
j  Main.main([Ljava/lang/String;)V+42
v  ~StubRoutines::call_stub 0x000001abcb1e100d

siginfo: EXCEPTION_UNCAUGHT_CXX_EXCEPTION (0xe06d7363), ExceptionInformation=0x0000000019930520 0x000000572fafe820 0x00007ffd53d9c238 0x00007ffd53d50000 


Registers:
RAX=0x00007ffd01d2e8a0, RBX=0x00007ffd53d9c238, RCX=0x00007ffd01d2ea60, RDX=0x00007ffd01d2ec20
RSP=0x000000572fafe6c0, RBP=0x000000572fafe950, RSI=0x000000572fafe820, RDI=0x0000000019930520
R8 =0x00007ffd01d2efa0, R9 =0x00007ffd01d2f160, R10=0x00007ffd01d2f320, R11=0x00007ffd01d2f7f0
R12=0x0000000000000000, R13=0x000001ac1c408ec8, R14=0x00007ffd53d8bb10, R15=0x000001abb976e9e0
RIP=0x00007ffd7f6fcf19, EFLAGS=0x0000000000000206


Register to memory mapping:

RAX=0x00007ffd01d2e8a0 jvm.dll
RBX=0x00007ffd53d9c238 myTrainerlib.dll
RCX=0x00007ffd01d2ea60 jvm.dll
RDX=0x00007ffd01d2ec20 jvm.dll
RSP=0x000000572fafe6c0 is pointing into the stack for thread: 0x000001abb976e9e0
RBP=0x000000572fafe950 is pointing into the stack for thread: 0x000001abb976e9e0
RSI=0x000000572fafe820 is pointing into the stack for thread: 0x000001abb976e9e0
RDI=0x0000000019930520 is an unknown value
R8 =0x00007ffd01d2efa0 jvm.dll
R9 =0x00007ffd01d2f160 jvm.dll
R10=0x00007ffd01d2f320 jvm.dll
R11=0x00007ffd01d2f7f0 jvm.dll
R12=0x0 is null
R13={method} {0x000001ac1c408ed0} 'learn' '(ID[DLjava/lang/String;)[D' in 'BinTrainer'
R14=0x00007ffd53d8bb10 myTrainerlib.dll
R15=0x000001abb976e9e0 is a thread

Top of Stack: (sp=0x000000572fafe6c0)
0x000000572fafe6c0:   0000000000000000 00007ffd53d9c238
0x000000572fafe6d0:   000000572fafe820 000001ac20290000
0x000000572fafe6e0:   00000001e06d7363 0000000000000000
0x000000572fafe6f0:   00007ffd7f6fcf19 00007ffd00000004
0x000000572fafe700:   0000000019930520 000000572fafe820
0x000000572fafe710:   00007ffd53d9c238 00007ffd53d50000
0x000000572fafe720:   000001ac1c408ec8 0000000000000000
0x000000572fafe730:   000000572fafe820 000000572fafe950
0x000000572fafe740:   000000572fafe7c0 00007ffd81e04a5f
0x000000572fafe750:   0000000019930520 0000000000000000
0x000000572fafe760:   000000572fafe9f8 000000572fafe9f0
0x000000572fafe770:   00007ffd53d9d000 00007ffd53d50000
0x000000572fafe780:   00003a4cc7d2629b 0000000000000001
0x000000572fafe790:   00007ffd53d9c238 00007ffd7afc66c0
0x000000572fafe7a0:   000001ac2029c840 0000000000000040
0x000000572fafe7b0:   0000000000000036 fffffffffffffffe
0x000000572fafe7c0:   00007ffd53d50000 0000000019930520
0x000000572fafe7d0:   000000572fafe820 00007ffd53d9c238
0x000000572fafe7e0:   00007ffd53d50000 00007ffd53d8d0d8
0x000000572fafe7f0:   000000572fafe9f0 00007ffd53d743ae
0x000000572fafe800:   00007ffd01d2c930 000000572fafe890
0x000000572fafe810:   0000000000000001 00007ffd53d8d0d8
0x000000572fafe820:   00007ffd53d9c068 000001ac2021a630
0x000000572fafe830:   00007ffd53d8d070 00007ffd53d702ed
0x000000572fafe840:   00007ffd53d8cedc 0000000000000009
0x000000572fafe850:   000001ac2029c840 0000000000000036
0x000000572fafe860:   000001abb976e9e0 00007ffd53d89618
0x000000572fafe870:   00007ffd01d2dd70 000001ac200fb150
0x000000572fafe880:   0000000000000000 00007ffd01d2df20
0x000000572fafe890:   0000000000000000 000002ac2029c840
0x000000572fafe8a0:   fffffffffffffffe 0000000000000001
0x000000572fafe8b0:   000000572fafe9f0 00007ffd53d8d0d8 

Instructions: (pc=0x00007ffd7f6fcf19)
0x00007ffd7f6fce19:   09 00 48 8b 84 24 b8 00 00 00 48 8b 8c 24 b0 05
0x00007ffd7f6fce29:   00 00 48 33 cc e8 ed 86 06 00 48 81 c4 c0 05 00
0x00007ffd7f6fce39:   00 41 5f 41 5e 41 5d 5e 5b c3 cc 48 ff 15 ad 7f
0x00007ffd7f6fce49:   1b 00 0f 1f 44 00 00 eb b0 cc cc cc cc cc cc cc
0x00007ffd7f6fce59:   cc cc cc cc cc cc cc 40 53 48 83 ec 30 48 8b d1
0x00007ffd7f6fce69:   48 8d 4c 24 20 e8 5d 23 00 00 85 c0 74 26 48 8b
0x00007ffd7f6fce79:   4c 24 28 e8 ef 38 00 00 48 8d 4c 24 20 8b d8 48
0x00007ffd7f6fce89:   ff 15 b1 79 1b 00 0f 1f 44 00 00 8b c3 48 83 c4
0x00007ffd7f6fce99:   30 5b c3 cc 83 c8 ff eb f4 cc cc cc cc cc cc cc
0x00007ffd7f6fcea9:   cc cc cc cc cc cc cc 48 81 ec d8 00 00 00 48 8b
0x00007ffd7f6fceb9:   05 e2 9f 28 00 48 33 c4 48 89 84 24 c0 00 00 00
0x00007ffd7f6fcec9:   48 83 64 24 28 00 48 8d 05 da ff ff ff 83 e2 01
0x00007ffd7f6fced9:   89 4c 24 20 89 54 24 24 48 89 44 24 30 4d 85 c9
0x00007ffd7f6fcee9:   74 4c b8 0f 00 00 00 48 8d 4c 24 40 44 3b c0 49
0x00007ffd7f6fcef9:   8b d1 44 0f 47 c0 44 89 44 24 38 49 c1 e0 03 e8
0x00007ffd7f6fcf09:   ea 91 08 00 48 8d 4c 24 20 48 ff 15 ff 80 1b 00
0x00007ffd7f6fcf19:   0f 1f 44 00 00 48 8b 8c 24 c0 00 00 00 48 33 cc
0x00007ffd7f6fcf29:   e8 f2 85 06 00 48 81 c4 d8 00 00 00 c3 cc 83 64
0x00007ffd7f6fcf39:   24 38 00 eb cf cc cc cc cc cc cc cc cc cc cc cc
0x00007ffd7f6fcf49:   cc cc cc cc cc cc cc 65 48 8b 04 25 30 00 00 00
0x00007ffd7f6fcf59:   8b 40 68 c3 cc cc cc cc cc cc cc cc cc cc cc cc
0x00007ffd7f6fcf69:   cc cc cc cc cc cc cc 48 89 5c 24 10 48 89 74 24
0x00007ffd7f6fcf79:   18 57 41 54 41 55 41 56 41 57 48 81 ec b0 02 00
0x00007ffd7f6fcf89:   00 48 8b 05 0f 9f 28 00 48 33 c4 48 89 84 24 a0
0x00007ffd7f6fcf99:   02 00 00 48 8d 15 0f e6 1b 00 48 85 c9 48 0f 45
0x00007ffd7f6fcfa9:   d1 48 89 94 24 80 00 00 00 48 83 c8 ff 48 ff c0
0x00007ffd7f6fcfb9:   80 3c 02 00 75 f7 48 ff c0 48 89 84 24 88 00 00
0x00007ffd7f6fcfc9:   00 48 89 94 24 90 00 00 00 4c 8d 8c 24 88 00 00
0x00007ffd7f6fcfd9:   00 33 d2 b9 06 00 01 40 44 8d 42 02 e8 c6 fe ff
0x00007ffd7f6fcfe9:   ff e9 f0 01 00 00 33 f6 48 89 74 24 60 45 33 ff
0x00007ffd7f6fcff9:   4c 89 7c 24 48 45 33 f6 4c 89 74 24 58 33 ff 48
0x00007ffd7f6fd009:   89 7c 24 50 e8 3e ff ff ff 89 44 24 40 48 39 35 


Stack slot to memory mapping:

stack at sp + 0 slots: 0x0 is null
stack at sp + 1 slots: 0x00007ffd53d9c238 myTrainerlib.dll
stack at sp + 2 slots: 0x000000572fafe820 is pointing into the stack for thread: 0x000001abb976e9e0
stack at sp + 3 slots: 0x000001ac20290000 points into unknown readable memory: 0x0000000000001608 | 08 16 00 00 00 00 00 00
stack at sp + 4 slots: 0x00000001e06d7363 is an unknown value
stack at sp + 5 slots: 0x0 is null
stack at sp + 6 slots: 0x00007ffd7f6fcf19 KERNELBASE.dll
stack at sp + 7 slots: 0x00007ffd00000004 is an unknown value


---------------  P R O C E S S  ---------------

Threads class SMR info:
_java_thread_list=0x000001ac200efb20, length=12, elements={
0x000001abb976e9e0, 0x000001abdad91920, 0x000001abdad93e60, 0x000001abdad96ee0,
0x000001abdad99950, 0x000001abdad9c3c0, 0x000001abdada1720, 0x000001abdadaca60,
0x000001abdadaf510, 0x000001abdada3160, 0x000001abdada37f0, 0x000001abdada1090
}

Java Threads: ( => current thread )
=>0x000001abb976e9e0 JavaThread "main"                              [_thread_in_native, id=5708, stack(0x000000572fa00000,0x000000572fb00000) (1024K)]
  0x000001abdad91920 JavaThread "Reference Handler"          daemon [_thread_blocked, id=12084, stack(0x0000005730200000,0x0000005730300000) (1024K)]
  0x000001abdad93e60 JavaThread "Finalizer"                  daemon [_thread_blocked, id=18616, stack(0x0000005730300000,0x0000005730400000) (1024K)]
  0x000001abdad96ee0 JavaThread "Signal Dispatcher"          daemon [_thread_blocked, id=11300, stack(0x0000005730400000,0x0000005730500000) (1024K)]
  0x000001abdad99950 JavaThread "Attach Listener"            daemon [_thread_blocked, id=18480, stack(0x0000005730500000,0x0000005730600000) (1024K)]
  0x000001abdad9c3c0 JavaThread "Service Thread"             daemon [_thread_blocked, id=4292, stack(0x0000005730600000,0x0000005730700000) (1024K)]
  0x000001abdada1720 JavaThread "Monitor Deflation Thread"   daemon [_thread_blocked, id=10636, stack(0x0000005730700000,0x0000005730800000) (1024K)]
  0x000001abdadaca60 JavaThread "C2 CompilerThread0"         daemon [_thread_blocked, id=10476, stack(0x0000005730800000,0x0000005730900000) (1024K)]
  0x000001abdadaf510 JavaThread "C1 CompilerThread0"         daemon [_thread_blocked, id=9616, stack(0x0000005730900000,0x0000005730a00000) (1024K)]
  0x000001abdada3160 JavaThread "Common-Cleaner"             daemon [_thread_blocked, id=11696, stack(0x0000005730a00000,0x0000005730b00000) (1024K)]
  0x000001abdada37f0 JavaThread "Monitor Ctrl-Break"         daemon [_thread_in_native, id=5852, stack(0x0000005730b00000,0x0000005730c00000) (1024K)]
  0x000001abdada1090 JavaThread "Notification Thread"        daemon [_thread_blocked, id=1092, stack(0x0000005730c00000,0x0000005730d00000) (1024K)]
Total: 12

Other Threads:
  0x000001abdad71550 VMThread "VM Thread"                           [id=10420, stack(0x0000005730100000,0x0000005730200000) (1024K)]
  0x000001abdad5def0 WatcherThread "VM Periodic Task Thread"        [id=18104, stack(0x0000005730000000,0x0000005730100000) (1024K)]
  0x000001abb983b000 WorkerThread "GC Thread#0"                     [id=6404, stack(0x000000572fb00000,0x000000572fc00000) (1024K)]
  0x000001abb983c940 ConcurrentGCThread "G1 Main Marker"            [id=8404, stack(0x000000572fc00000,0x000000572fd00000) (1024K)]
  0x000001abb983d350 WorkerThread "G1 Conc#0"                       [id=13596, stack(0x000000572fd00000,0x000000572fe00000) (1024K)]
  0x000001abdac2b520 ConcurrentGCThread "G1 Refine#0"               [id=16500, stack(0x000000572fe00000,0x000000572ff00000) (1024K)]
  0x000001abdac2bea0 ConcurrentGCThread "G1 Service"                [id=17664, stack(0x000000572ff00000,0x0000005730000000) (1024K)]
Total: 7

Threads with active compile tasks:
Total: 0

VM state: not at safepoint (normal execution)

VM Mutex/Monitor currently owned by a thread: None

Heap address: 0x0000000702c00000, size: 4052 MB, Compressed Oops mode: Zero based, Oop shift amount: 3

CDS archive(s) mapped at: [0x000001abdb000000-0x000001abdbc90000-0x000001abdbc90000), size 13172736, SharedBaseAddress: 0x000001abdb000000, ArchiveRelocationMode: 1.
Compressed class space mapped at: 0x000001abdc000000-0x000001ac1c000000, reserved size: 1073741824
Narrow klass base: 0x000001abdb000000, Narrow klass shift: 0, Narrow klass range: 0x100000000

GC Precious Log:
 CardTable entry size: 512
 Card Set container configuration: InlinePtr #cards 4 size 8 Array Of Cards #cards 16 size 48 Howl #buckets 8 coarsen threshold 3686 Howl Bitmap #cards 512 size 80 coarsen threshold 460 Card regions per heap region 1 cards per card region 4096
 CPUs: 12 total, 12 available
 Memory: 16205M
 Large Page Support: Disabled
 NUMA Support: Disabled
 Compressed Oops: Enabled (Zero based)
 Heap Region Size: 2M
 Heap Min Capacity: 8M
 Heap Initial Capacity: 254M
 Heap Max Capacity: 4052M
 Pre-touch: Disabled
 Parallel Workers: 10
 Concurrent Workers: 3
 Concurrent Refinement Workers: 10
 Periodic GC: Disabled

Heap:
 garbage-first heap   total 260096K, used 4096K [0x0000000702c00000, 0x0000000800000000)
  region size 2048K, 3 young (6144K), 0 survivors (0K)
 Metaspace       used 926K, committed 1088K, reserved 1114112K
  class space    used 76K, committed 128K, reserved 1048576K

Heap Regions: E=young(eden), S=young(survivor), O=old, HS=humongous(starts), HC=humongous(continues), CS=collection set, F=free, TAMS=top-at-mark-start, PB=parsable bottom
|   0|0x0000000702c00000, 0x0000000702c00000, 0x0000000702e00000|  0%| F|  |TAMS 0x0000000702c00000| PB 0x0000000702c00000| Untracked 
|   1|0x0000000702e00000, 0x0000000702e00000, 0x0000000703000000|  0%| F|  |TAMS 0x0000000702e00000| PB 0x0000000702e00000| Untracked 
|   2|0x0000000703000000, 0x0000000703000000, 0x0000000703200000|  0%| F|  |TAMS 0x0000000703000000| PB 0x0000000703000000| Untracked 
|   3|0x0000000703200000, 0x0000000703200000, 0x0000000703400000|  0%| F|  |TAMS 0x0000000703200000| PB 0x0000000703200000| Untracked 
|   4|0x0000000703400000, 0x0000000703400000, 0x0000000703600000|  0%| F|  |TAMS 0x0000000703400000| PB 0x0000000703400000| Untracked 
|   5|0x0000000703600000, 0x0000000703600000, 0x0000000703800000|  0%| F|  |TAMS 0x0000000703600000| PB 0x0000000703600000| Untracked 
|   6|0x0000000703800000, 0x0000000703800000, 0x0000000703a00000|  0%| F|  |TAMS 0x0000000703800000| PB 0x0000000703800000| Untracked 
|   7|0x0000000703a00000, 0x0000000703a00000, 0x0000000703c00000|  0%| F|  |TAMS 0x0000000703a00000| PB 0x0000000703a00000| Untracked 
|   8|0x0000000703c00000, 0x0000000703c00000, 0x0000000703e00000|  0%| F|  |TAMS 0x0000000703c00000| PB 0x0000000703c00000| Untracked 
|   9|0x0000000703e00000, 0x0000000703e00000, 0x0000000704000000|  0%| F|  |TAMS 0x0000000703e00000| PB 0x0000000703e00000| Untracked 
|  10|0x0000000704000000, 0x0000000704000000, 0x0000000704200000|  0%| F|  |TAMS 0x0000000704000000| PB 0x0000000704000000| Untracked 
|  11|0x0000000704200000, 0x0000000704200000, 0x0000000704400000|  0%| F|  |TAMS 0x0000000704200000| PB 0x0000000704200000| Untracked 
|  12|0x0000000704400000, 0x0000000704400000, 0x0000000704600000|  0%| F|  |TAMS 0x0000000704400000| PB 0x0000000704400000| Untracked 
|  13|0x0000000704600000, 0x0000000704600000, 0x0000000704800000|  0%| F|  |TAMS 0x0000000704600000| PB 0x0000000704600000| Untracked 
|  14|0x0000000704800000, 0x0000000704800000, 0x0000000704a00000|  0%| F|  |TAMS 0x0000000704800000| PB 0x0000000704800000| Untracked 
|  15|0x0000000704a00000, 0x0000000704a00000, 0x0000000704c00000|  0%| F|  |TAMS 0x0000000704a00000| PB 0x0000000704a00000| Untracked 
|  16|0x0000000704c00000, 0x0000000704c00000, 0x0000000704e00000|  0%| F|  |TAMS 0x0000000704c00000| PB 0x0000000704c00000| Untracked 
|  17|0x0000000704e00000, 0x0000000704e00000, 0x0000000705000000|  0%| F|  |TAMS 0x0000000704e00000| PB 0x0000000704e00000| Untracked 
|  18|0x0000000705000000, 0x0000000705000000, 0x0000000705200000|  0%| F|  |TAMS 0x0000000705000000| PB 0x0000000705000000| Untracked 
|  19|0x0000000705200000, 0x0000000705200000, 0x0000000705400000|  0%| F|  |TAMS 0x0000000705200000| PB 0x0000000705200000| Untracked 
|  20|0x0000000705400000, 0x0000000705400000, 0x0000000705600000|  0%| F|  |TAMS 0x0000000705400000| PB 0x0000000705400000| Untracked 
|  21|0x0000000705600000, 0x0000000705600000, 0x0000000705800000|  0%| F|  |TAMS 0x0000000705600000| PB 0x0000000705600000| Untracked 
|  22|0x0000000705800000, 0x0000000705800000, 0x0000000705a00000|  0%| F|  |TAMS 0x0000000705800000| PB 0x0000000705800000| Untracked 
|  23|0x0000000705a00000, 0x0000000705a00000, 0x0000000705c00000|  0%| F|  |TAMS 0x0000000705a00000| PB 0x0000000705a00000| Untracked 
|  24|0x0000000705c00000, 0x0000000705c00000, 0x0000000705e00000|  0%| F|  |TAMS 0x0000000705c00000| PB 0x0000000705c00000| Untracked 
|  25|0x0000000705e00000, 0x0000000705e00000, 0x0000000706000000|  0%| F|  |TAMS 0x0000000705e00000| PB 0x0000000705e00000| Untracked 
|  26|0x0000000706000000, 0x0000000706000000, 0x0000000706200000|  0%| F|  |TAMS 0x0000000706000000| PB 0x0000000706000000| Untracked 
|  27|0x0000000706200000, 0x0000000706200000, 0x0000000706400000|  0%| F|  |TAMS 0x0000000706200000| PB 0x0000000706200000| Untracked 
|  28|0x0000000706400000, 0x0000000706400000, 0x0000000706600000|  0%| F|  |TAMS 0x0000000706400000| PB 0x0000000706400000| Untracked 
|  29|0x0000000706600000, 0x0000000706600000, 0x0000000706800000|  0%| F|  |TAMS 0x0000000706600000| PB 0x0000000706600000| Untracked 
|  30|0x0000000706800000, 0x0000000706800000, 0x0000000706a00000|  0%| F|  |TAMS 0x0000000706800000| PB 0x0000000706800000| Untracked 
|  31|0x0000000706a00000, 0x0000000706a00000, 0x0000000706c00000|  0%| F|  |TAMS 0x0000000706a00000| PB 0x0000000706a00000| Untracked 
|  32|0x0000000706c00000, 0x0000000706c00000, 0x0000000706e00000|  0%| F|  |TAMS 0x0000000706c00000| PB 0x0000000706c00000| Untracked 
|  33|0x0000000706e00000, 0x0000000706e00000, 0x0000000707000000|  0%| F|  |TAMS 0x0000000706e00000| PB 0x0000000706e00000| Untracked 
|  34|0x0000000707000000, 0x0000000707000000, 0x0000000707200000|  0%| F|  |TAMS 0x0000000707000000| PB 0x0000000707000000| Untracked 
|  35|0x0000000707200000, 0x0000000707200000, 0x0000000707400000|  0%| F|  |TAMS 0x0000000707200000| PB 0x0000000707200000| Untracked 
|  36|0x0000000707400000, 0x0000000707400000, 0x0000000707600000|  0%| F|  |TAMS 0x0000000707400000| PB 0x0000000707400000| Untracked 
|  37|0x0000000707600000, 0x0000000707600000, 0x0000000707800000|  0%| F|  |TAMS 0x0000000707600000| PB 0x0000000707600000| Untracked 
|  38|0x0000000707800000, 0x0000000707800000, 0x0000000707a00000|  0%| F|  |TAMS 0x0000000707800000| PB 0x0000000707800000| Untracked 
|  39|0x0000000707a00000, 0x0000000707a00000, 0x0000000707c00000|  0%| F|  |TAMS 0x0000000707a00000| PB 0x0000000707a00000| Untracked 
|  40|0x0000000707c00000, 0x0000000707c00000, 0x0000000707e00000|  0%| F|  |TAMS 0x0000000707c00000| PB 0x0000000707c00000| Untracked 
|  41|0x0000000707e00000, 0x0000000707e00000, 0x0000000708000000|  0%| F|  |TAMS 0x0000000707e00000| PB 0x0000000707e00000| Untracked 
|  42|0x0000000708000000, 0x0000000708000000, 0x0000000708200000|  0%| F|  |TAMS 0x0000000708000000| PB 0x0000000708000000| Untracked 
|  43|0x0000000708200000, 0x0000000708200000, 0x0000000708400000|  0%| F|  |TAMS 0x0000000708200000| PB 0x0000000708200000| Untracked 
|  44|0x0000000708400000, 0x0000000708400000, 0x0000000708600000|  0%| F|  |TAMS 0x0000000708400000| PB 0x0000000708400000| Untracked 
|  45|0x0000000708600000, 0x0000000708600000, 0x0000000708800000|  0%| F|  |TAMS 0x0000000708600000| PB 0x0000000708600000| Untracked 
|  46|0x0000000708800000, 0x0000000708800000, 0x0000000708a00000|  0%| F|  |TAMS 0x0000000708800000| PB 0x0000000708800000| Untracked 
|  47|0x0000000708a00000, 0x0000000708a00000, 0x0000000708c00000|  0%| F|  |TAMS 0x0000000708a00000| PB 0x0000000708a00000| Untracked 
|  48|0x0000000708c00000, 0x0000000708c00000, 0x0000000708e00000|  0%| F|  |TAMS 0x0000000708c00000| PB 0x0000000708c00000| Untracked 
|  49|0x0000000708e00000, 0x0000000708e00000, 0x0000000709000000|  0%| F|  |TAMS 0x0000000708e00000| PB 0x0000000708e00000| Untracked 
|  50|0x0000000709000000, 0x0000000709000000, 0x0000000709200000|  0%| F|  |TAMS 0x0000000709000000| PB 0x0000000709000000| Untracked 
|  51|0x0000000709200000, 0x0000000709200000, 0x0000000709400000|  0%| F|  |TAMS 0x0000000709200000| PB 0x0000000709200000| Untracked 
|  52|0x0000000709400000, 0x0000000709400000, 0x0000000709600000|  0%| F|  |TAMS 0x0000000709400000| PB 0x0000000709400000| Untracked 
|  53|0x0000000709600000, 0x0000000709600000, 0x0000000709800000|  0%| F|  |TAMS 0x0000000709600000| PB 0x0000000709600000| Untracked 
|  54|0x0000000709800000, 0x0000000709800000, 0x0000000709a00000|  0%| F|  |TAMS 0x0000000709800000| PB 0x0000000709800000| Untracked 
|  55|0x0000000709a00000, 0x0000000709a00000, 0x0000000709c00000|  0%| F|  |TAMS 0x0000000709a00000| PB 0x0000000709a00000| Untracked 
|  56|0x0000000709c00000, 0x0000000709c00000, 0x0000000709e00000|  0%| F|  |TAMS 0x0000000709c00000| PB 0x0000000709c00000| Untracked 
|  57|0x0000000709e00000, 0x0000000709e00000, 0x000000070a000000|  0%| F|  |TAMS 0x0000000709e00000| PB 0x0000000709e00000| Untracked 
|  58|0x000000070a000000, 0x000000070a000000, 0x000000070a200000|  0%| F|  |TAMS 0x000000070a000000| PB 0x000000070a000000| Untracked 
|  59|0x000000070a200000, 0x000000070a200000, 0x000000070a400000|  0%| F|  |TAMS 0x000000070a200000| PB 0x000000070a200000| Untracked 
|  60|0x000000070a400000, 0x000000070a400000, 0x000000070a600000|  0%| F|  |TAMS 0x000000070a400000| PB 0x000000070a400000| Untracked 
|  61|0x000000070a600000, 0x000000070a600000, 0x000000070a800000|  0%| F|  |TAMS 0x000000070a600000| PB 0x000000070a600000| Untracked 
|  62|0x000000070a800000, 0x000000070a800000, 0x000000070aa00000|  0%| F|  |TAMS 0x000000070a800000| PB 0x000000070a800000| Untracked 
|  63|0x000000070aa00000, 0x000000070aa00000, 0x000000070ac00000|  0%| F|  |TAMS 0x000000070aa00000| PB 0x000000070aa00000| Untracked 
|  64|0x000000070ac00000, 0x000000070ac00000, 0x000000070ae00000|  0%| F|  |TAMS 0x000000070ac00000| PB 0x000000070ac00000| Untracked 
|  65|0x000000070ae00000, 0x000000070ae00000, 0x000000070b000000|  0%| F|  |TAMS 0x000000070ae00000| PB 0x000000070ae00000| Untracked 
|  66|0x000000070b000000, 0x000000070b000000, 0x000000070b200000|  0%| F|  |TAMS 0x000000070b000000| PB 0x000000070b000000| Untracked 
|  67|0x000000070b200000, 0x000000070b200000, 0x000000070b400000|  0%| F|  |TAMS 0x000000070b200000| PB 0x000000070b200000| Untracked 
|  68|0x000000070b400000, 0x000000070b400000, 0x000000070b600000|  0%| F|  |TAMS 0x000000070b400000| PB 0x000000070b400000| Untracked 
|  69|0x000000070b600000, 0x000000070b600000, 0x000000070b800000|  0%| F|  |TAMS 0x000000070b600000| PB 0x000000070b600000| Untracked 
|  70|0x000000070b800000, 0x000000070b800000, 0x000000070ba00000|  0%| F|  |TAMS 0x000000070b800000| PB 0x000000070b800000| Untracked 
|  71|0x000000070ba00000, 0x000000070ba00000, 0x000000070bc00000|  0%| F|  |TAMS 0x000000070ba00000| PB 0x000000070ba00000| Untracked 
|  72|0x000000070bc00000, 0x000000070bc00000, 0x000000070be00000|  0%| F|  |TAMS 0x000000070bc00000| PB 0x000000070bc00000| Untracked 
|  73|0x000000070be00000, 0x000000070be00000, 0x000000070c000000|  0%| F|  |TAMS 0x000000070be00000| PB 0x000000070be00000| Untracked 
|  74|0x000000070c000000, 0x000000070c000000, 0x000000070c200000|  0%| F|  |TAMS 0x000000070c000000| PB 0x000000070c000000| Untracked 
|  75|0x000000070c200000, 0x000000070c200000, 0x000000070c400000|  0%| F|  |TAMS 0x000000070c200000| PB 0x000000070c200000| Untracked 
|  76|0x000000070c400000, 0x000000070c400000, 0x000000070c600000|  0%| F|  |TAMS 0x000000070c400000| PB 0x000000070c400000| Untracked 
|  77|0x000000070c600000, 0x000000070c600000, 0x000000070c800000|  0%| F|  |TAMS 0x000000070c600000| PB 0x000000070c600000| Untracked 
|  78|0x000000070c800000, 0x000000070c800000, 0x000000070ca00000|  0%| F|  |TAMS 0x000000070c800000| PB 0x000000070c800000| Untracked 
|  79|0x000000070ca00000, 0x000000070ca00000, 0x000000070cc00000|  0%| F|  |TAMS 0x000000070ca00000| PB 0x000000070ca00000| Untracked 
|  80|0x000000070cc00000, 0x000000070cc00000, 0x000000070ce00000|  0%| F|  |TAMS 0x000000070cc00000| PB 0x000000070cc00000| Untracked 
|  81|0x000000070ce00000, 0x000000070ce00000, 0x000000070d000000|  0%| F|  |TAMS 0x000000070ce00000| PB 0x000000070ce00000| Untracked 
|  82|0x000000070d000000, 0x000000070d000000, 0x000000070d200000|  0%| F|  |TAMS 0x000000070d000000| PB 0x000000070d000000| Untracked 
|  83|0x000000070d200000, 0x000000070d200000, 0x000000070d400000|  0%| F|  |TAMS 0x000000070d200000| PB 0x000000070d200000| Untracked 
|  84|0x000000070d400000, 0x000000070d400000, 0x000000070d600000|  0%| F|  |TAMS 0x000000070d400000| PB 0x000000070d400000| Untracked 
|  85|0x000000070d600000, 0x000000070d600000, 0x000000070d800000|  0%| F|  |TAMS 0x000000070d600000| PB 0x000000070d600000| Untracked 
|  86|0x000000070d800000, 0x000000070d800000, 0x000000070da00000|  0%| F|  |TAMS 0x000000070d800000| PB 0x000000070d800000| Untracked 
|  87|0x000000070da00000, 0x000000070da00000, 0x000000070dc00000|  0%| F|  |TAMS 0x000000070da00000| PB 0x000000070da00000| Untracked 
|  88|0x000000070dc00000, 0x000000070dc00000, 0x000000070de00000|  0%| F|  |TAMS 0x000000070dc00000| PB 0x000000070dc00000| Untracked 
|  89|0x000000070de00000, 0x000000070de00000, 0x000000070e000000|  0%| F|  |TAMS 0x000000070de00000| PB 0x000000070de00000| Untracked 
|  90|0x000000070e000000, 0x000000070e000000, 0x000000070e200000|  0%| F|  |TAMS 0x000000070e000000| PB 0x000000070e000000| Untracked 
|  91|0x000000070e200000, 0x000000070e200000, 0x000000070e400000|  0%| F|  |TAMS 0x000000070e200000| PB 0x000000070e200000| Untracked 
|  92|0x000000070e400000, 0x000000070e400000, 0x000000070e600000|  0%| F|  |TAMS 0x000000070e400000| PB 0x000000070e400000| Untracked 
|  93|0x000000070e600000, 0x000000070e600000, 0x000000070e800000|  0%| F|  |TAMS 0x000000070e600000| PB 0x000000070e600000| Untracked 
|  94|0x000000070e800000, 0x000000070e800000, 0x000000070ea00000|  0%| F|  |TAMS 0x000000070e800000| PB 0x000000070e800000| Untracked 
|  95|0x000000070ea00000, 0x000000070ea00000, 0x000000070ec00000|  0%| F|  |TAMS 0x000000070ea00000| PB 0x000000070ea00000| Untracked 
|  96|0x000000070ec00000, 0x000000070ec00000, 0x000000070ee00000|  0%| F|  |TAMS 0x000000070ec00000| PB 0x000000070ec00000| Untracked 
|  97|0x000000070ee00000, 0x000000070ee00000, 0x000000070f000000|  0%| F|  |TAMS 0x000000070ee00000| PB 0x000000070ee00000| Untracked 
|  98|0x000000070f000000, 0x000000070f000000, 0x000000070f200000|  0%| F|  |TAMS 0x000000070f000000| PB 0x000000070f000000| Untracked 
|  99|0x000000070f200000, 0x000000070f200000, 0x000000070f400000|  0%| F|  |TAMS 0x000000070f200000| PB 0x000000070f200000| Untracked 
| 100|0x000000070f400000, 0x000000070f400000, 0x000000070f600000|  0%| F|  |TAMS 0x000000070f400000| PB 0x000000070f400000| Untracked 
| 101|0x000000070f600000, 0x000000070f600000, 0x000000070f800000|  0%| F|  |TAMS 0x000000070f600000| PB 0x000000070f600000| Untracked 
| 102|0x000000070f800000, 0x000000070f800000, 0x000000070fa00000|  0%| F|  |TAMS 0x000000070f800000| PB 0x000000070f800000| Untracked 
| 103|0x000000070fa00000, 0x000000070fa00000, 0x000000070fc00000|  0%| F|  |TAMS 0x000000070fa00000| PB 0x000000070fa00000| Untracked 
| 104|0x000000070fc00000, 0x000000070fc00000, 0x000000070fe00000|  0%| F|  |TAMS 0x000000070fc00000| PB 0x000000070fc00000| Untracked 
| 105|0x000000070fe00000, 0x000000070fe00000, 0x0000000710000000|  0%| F|  |TAMS 0x000000070fe00000| PB 0x000000070fe00000| Untracked 
| 106|0x0000000710000000, 0x0000000710000000, 0x0000000710200000|  0%| F|  |TAMS 0x0000000710000000| PB 0x0000000710000000| Untracked 
| 107|0x0000000710200000, 0x0000000710200000, 0x0000000710400000|  0%| F|  |TAMS 0x0000000710200000| PB 0x0000000710200000| Untracked 
| 108|0x0000000710400000, 0x0000000710400000, 0x0000000710600000|  0%| F|  |TAMS 0x0000000710400000| PB 0x0000000710400000| Untracked 
| 109|0x0000000710600000, 0x0000000710600000, 0x0000000710800000|  0%| F|  |TAMS 0x0000000710600000| PB 0x0000000710600000| Untracked 
| 110|0x0000000710800000, 0x0000000710800000, 0x0000000710a00000|  0%| F|  |TAMS 0x0000000710800000| PB 0x0000000710800000| Untracked 
| 111|0x0000000710a00000, 0x0000000710a00000, 0x0000000710c00000|  0%| F|  |TAMS 0x0000000710a00000| PB 0x0000000710a00000| Untracked 
| 112|0x0000000710c00000, 0x0000000710c00000, 0x0000000710e00000|  0%| F|  |TAMS 0x0000000710c00000| PB 0x0000000710c00000| Untracked 
| 113|0x0000000710e00000, 0x0000000710e00000, 0x0000000711000000|  0%| F|  |TAMS 0x0000000710e00000| PB 0x0000000710e00000| Untracked 
| 114|0x0000000711000000, 0x0000000711000000, 0x0000000711200000|  0%| F|  |TAMS 0x0000000711000000| PB 0x0000000711000000| Untracked 
| 115|0x0000000711200000, 0x0000000711200000, 0x0000000711400000|  0%| F|  |TAMS 0x0000000711200000| PB 0x0000000711200000| Untracked 
| 116|0x0000000711400000, 0x0000000711400000, 0x0000000711600000|  0%| F|  |TAMS 0x0000000711400000| PB 0x0000000711400000| Untracked 
| 117|0x0000000711600000, 0x0000000711600000, 0x0000000711800000|  0%| F|  |TAMS 0x0000000711600000| PB 0x0000000711600000| Untracked 
| 118|0x0000000711800000, 0x0000000711800000, 0x0000000711a00000|  0%| F|  |TAMS 0x0000000711800000| PB 0x0000000711800000| Untracked 
| 119|0x0000000711a00000, 0x0000000711a00000, 0x0000000711c00000|  0%| F|  |TAMS 0x0000000711a00000| PB 0x0000000711a00000| Untracked 
| 120|0x0000000711c00000, 0x0000000711c00000, 0x0000000711e00000|  0%| F|  |TAMS 0x0000000711c00000| PB 0x0000000711c00000| Untracked 
| 121|0x0000000711e00000, 0x0000000711e00000, 0x0000000712000000|  0%| F|  |TAMS 0x0000000711e00000| PB 0x0000000711e00000| Untracked 
| 122|0x0000000712000000, 0x0000000712000000, 0x0000000712200000|  0%| F|  |TAMS 0x0000000712000000| PB 0x0000000712000000| Untracked 
| 123|0x0000000712200000, 0x0000000712200000, 0x0000000712400000|  0%| F|  |TAMS 0x0000000712200000| PB 0x0000000712200000| Untracked 
| 124|0x0000000712400000, 0x0000000712471268, 0x0000000712600000| 22%| E|  |TAMS 0x0000000712400000| PB 0x0000000712400000| Complete 
| 125|0x0000000712600000, 0x0000000712800000, 0x0000000712800000|100%| E|CS|TAMS 0x0000000712600000| PB 0x0000000712600000| Complete 
| 126|0x0000000712800000, 0x0000000712a00000, 0x0000000712a00000|100%| E|CS|TAMS 0x0000000712800000| PB 0x0000000712800000| Complete 

Card table byte_map: [0x000001abd3a10000,0x000001abd4200000] _byte_map_base: 0x000001abd01fa000

Marking Bits: (CMBitMap*) 0x000001abb983b510
 Bits: [0x000001abd4200000, 0x000001abd8150000)

Polling page: 0x000001abbb020000

Metaspace:

Usage:
  Non-class:    850.20 KB used.
      Class:     76.02 KB used.
       Both:    926.22 KB used.

Virtual space:
  Non-class space:       64.00 MB reserved,     960.00 KB (  1%) committed,  1 nodes.
      Class space:        1.00 GB reserved,     128.00 KB ( <1%) committed,  1 nodes.
             Both:        1.06 GB reserved,       1.06 MB ( <1%) committed. 

Chunk freelists:
   Non-Class:  11.92 MB
       Class:  15.72 MB
        Both:  27.64 MB

MaxMetaspaceSize: unlimited
CompressedClassSpaceSize: 1.00 GB
Initial GC threshold: 21.00 MB
Current GC threshold: 21.00 MB
CDS: on
 - commit_granule_bytes: 65536.
 - commit_granule_words: 8192.
 - virtual_space_node_default_size: 8388608.
 - enlarge_chunks_in_place: 1.
 - use_allocation_guard: 0.


Internal statistics:

num_allocs_failed_limit: 0.
num_arena_births: 48.
num_arena_deaths: 0.
num_vsnodes_births: 2.
num_vsnodes_deaths: 0.
num_space_committed: 17.
num_space_uncommitted: 0.
num_chunks_returned_to_freelist: 0.
num_chunks_taken_from_freelist: 55.
num_chunk_merges: 0.
num_chunk_splits: 37.
num_chunks_enlarged: 21.
num_inconsistent_stats: 0.

CodeHeap 'non-profiled nmethods': size=120000Kb used=114Kb max_used=114Kb free=119885Kb
 bounds [0x000001abcb780000, 0x000001abcb9f0000, 0x000001abd2cb0000]
CodeHeap 'profiled nmethods': size=120000Kb used=373Kb max_used=373Kb free=119626Kb
 bounds [0x000001abc3cb0000, 0x000001abc3f20000, 0x000001abcb1e0000]
CodeHeap 'non-nmethods': size=5760Kb used=1318Kb max_used=1332Kb free=4441Kb
 bounds [0x000001abcb1e0000, 0x000001abcb450000, 0x000001abcb780000]
 total_blobs=729 nmethods=299 adapters=335
 compilation: enabled
              stopped_count=0, restarted_count=0
 full_count=0

Compilation events (20 events):
Event: 0.243 Thread 0x000001abdadaf510 nmethod 269 0x000001abcb799610 code [0x000001abcb7997a0, 0x000001abcb799870]
Event: 0.243 Thread 0x000001abdadaf510  273       3       java.lang.invoke.LambdaForm$Name::initIndex (26 bytes)
Event: 0.243 Thread 0x000001abdadaf510 nmethod 273 0x000001abc3cfe390 code [0x000001abc3cfe540, 0x000001abc3cfe700]
Event: 0.243 Thread 0x000001abdadaf510  274       3       java.util.Arrays::copyOf (40 bytes)
Event: 0.244 Thread 0x000001abdadaf510 nmethod 274 0x000001abc3cfe790 code [0x000001abc3cfe9a0, 0x000001abc3cff080]
Event: 0.244 Thread 0x000001abdadaf510  275       3       jdk.internal.org.objectweb.asm.Frame::push (109 bytes)
Event: 0.245 Thread 0x000001abdadaf510 nmethod 275 0x000001abc3cff290 code [0x000001abc3cff460, 0x000001abc3cffa00]
Event: 0.245 Thread 0x000001abdadaf510  276       3       jdk.internal.org.objectweb.asm.ByteVector::put12 (64 bytes)
Event: 0.245 Thread 0x000001abdadaf510 nmethod 276 0x000001abc3cffc10 code [0x000001abc3cffdc0, 0x000001abc3d00000]
Event: 0.245 Thread 0x000001abdadaf510  277       3       java.lang.reflect.Modifier::isStatic (13 bytes)
Event: 0.245 Thread 0x000001abdadaf510 nmethod 277 0x000001abc3d00190 code [0x000001abc3d00320, 0x000001abc3d00470]
Event: 0.245 Thread 0x000001abdadaf510  281       1       java.lang.invoke.LambdaForm$BasicType::basicTypeClass (5 bytes)
Event: 0.245 Thread 0x000001abdadaf510 nmethod 281 0x000001abcb79a510 code [0x000001abcb79a6a0, 0x000001abcb79a770]
Event: 0.245 Thread 0x000001abdadaf510  282       1       java.lang.invoke.LambdaForm$Name::type (5 bytes)
Event: 0.246 Thread 0x000001abdadaf510 nmethod 282 0x000001abcb79ac10 code [0x000001abcb79ada0, 0x000001abcb79ae70]
Event: 0.246 Thread 0x000001abdadaf510  285       3       jdk.internal.org.objectweb.asm.Frame::execute (2305 bytes)
Event: 0.246 Thread 0x000001abdadaca60  286       4       jdk.internal.org.objectweb.asm.SymbolTable::get (13 bytes)
Event: 0.247 Thread 0x000001abdadaca60 nmethod 286 0x000001abcb79b610 code [0x000001abcb79b7a0, 0x000001abcb79b8a8]
Event: 0.252 Thread 0x000001abdadaf510 nmethod 285 0x000001abc3d00510 code [0x000001abc3d01340, 0x000001abc3d07b68]
Event: 0.252 Thread 0x000001abdadaf510  295       3       java.lang.invoke.MethodType::checkPtypes (76 bytes)

GC Heap History (0 events):
No events

Dll operation events (10 events):
Event: 0.017 Loaded shared library C:\Program Files\Java\jdk-21\bin\java.dll
Event: 0.082 Loaded shared library C:\Program Files\Java\jdk-21\bin\jsvml.dll
Event: 0.156 Loaded shared library C:\Program Files\Java\jdk-21\bin\zip.dll
Event: 0.161 Loaded shared library C:\Program Files\Java\jdk-21\bin\instrument.dll
Event: 0.169 Loaded shared library C:\Program Files\Java\jdk-21\bin\net.dll
Event: 0.172 Loaded shared library C:\Program Files\Java\jdk-21\bin\nio.dll
Event: 0.179 Loaded shared library C:\Program Files\Java\jdk-21\bin\zip.dll
Event: 0.203 Loaded shared library C:\Program Files\JetBrains\IntelliJ IDEA 2023.3.2\bin\breakgen64.dll
Event: 0.212 Loaded shared library C:\Users\MSI\IdeaProjects\RustJava\Rust\myTrainerlib\target\debug\myTrainerlib.dll
Event: 0.220 Loaded shared library C:\Program Files\Java\jdk-21\bin\extnet.dll

Deoptimization events (16 events):
Event: 0.180 Thread 0x000001abb976e9e0 Uncommon trap: trap_request=0xffffffde fr.pc=0x000001abcb78ec70 relative=0x00000000000009b0
Event: 0.180 Thread 0x000001abb976e9e0 Uncommon trap: reason=class_check action=maybe_recompile pc=0x000001abcb78ec70 method=java.util.HashMap.putVal(ILjava/lang/Object;Ljava/lang/Object;ZZ)Ljava/lang/Object; @ 152 c2
Event: 0.180 Thread 0x000001abb976e9e0 DEOPT PACKING pc=0x000001abcb78ec70 sp=0x000000572fafe530
Event: 0.180 Thread 0x000001abb976e9e0 DEOPT UNPACKING pc=0x000001abcb2346a2 sp=0x000000572fafe4c0 mode 2
Event: 0.180 Thread 0x000001abb976e9e0 Uncommon trap: trap_request=0xffffffde fr.pc=0x000001abcb78ec70 relative=0x00000000000009b0
Event: 0.180 Thread 0x000001abb976e9e0 Uncommon trap: reason=class_check action=maybe_recompile pc=0x000001abcb78ec70 method=java.util.HashMap.putVal(ILjava/lang/Object;Ljava/lang/Object;ZZ)Ljava/lang/Object; @ 152 c2
Event: 0.180 Thread 0x000001abb976e9e0 DEOPT PACKING pc=0x000001abcb78ec70 sp=0x000000572fafe530
Event: 0.180 Thread 0x000001abb976e9e0 DEOPT UNPACKING pc=0x000001abcb2346a2 sp=0x000000572fafe4c0 mode 2
Event: 0.180 Thread 0x000001abb976e9e0 Uncommon trap: trap_request=0xffffffde fr.pc=0x000001abcb78ec70 relative=0x00000000000009b0
Event: 0.180 Thread 0x000001abb976e9e0 Uncommon trap: reason=class_check action=maybe_recompile pc=0x000001abcb78ec70 method=java.util.HashMap.putVal(ILjava/lang/Object;Ljava/lang/Object;ZZ)Ljava/lang/Object; @ 152 c2
Event: 0.180 Thread 0x000001abb976e9e0 DEOPT PACKING pc=0x000001abcb78ec70 sp=0x000000572fafe530
Event: 0.181 Thread 0x000001abb976e9e0 DEOPT UNPACKING pc=0x000001abcb2346a2 sp=0x000000572fafe4c0 mode 2
Event: 0.181 Thread 0x000001abb976e9e0 Uncommon trap: trap_request=0xffffffde fr.pc=0x000001abcb78ec70 relative=0x00000000000009b0
Event: 0.181 Thread 0x000001abb976e9e0 Uncommon trap: reason=class_check action=maybe_recompile pc=0x000001abcb78ec70 method=java.util.HashMap.putVal(ILjava/lang/Object;Ljava/lang/Object;ZZ)Ljava/lang/Object; @ 152 c2
Event: 0.181 Thread 0x000001abb976e9e0 DEOPT PACKING pc=0x000001abcb78ec70 sp=0x000000572fafe530
Event: 0.181 Thread 0x000001abb976e9e0 DEOPT UNPACKING pc=0x000001abcb2346a2 sp=0x000000572fafe4c0 mode 2

Classes loaded (20 events):
Event: 0.229 Loading class sun/net/NetHooks
Event: 0.229 Loading class sun/net/NetHooks done
Event: 0.229 Loading class sun/nio/ch/NativeThread
Event: 0.229 Loading class sun/nio/ch/NativeThread done
Event: 0.230 Loading class java/net/Socket$SocketInputStream
Event: 0.230 Loading class java/net/Socket$SocketInputStream done
Event: 0.230 Loading class sun/nio/ch/NioSocketImpl$1
Event: 0.230 Loading class sun/nio/ch/NioSocketImpl$1 done
Event: 0.231 Loading class sun/nio/cs/US_ASCII$Decoder
Event: 0.231 Loading class sun/nio/cs/US_ASCII$Decoder done
Event: 0.231 Loading class sun/nio/ch/Util
Event: 0.231 Loading class sun/nio/ch/Util done
Event: 0.232 Loading class sun/nio/ch/Util$1
Event: 0.232 Loading class sun/nio/ch/Util$1 done
Event: 0.232 Loading class sun/nio/ch/Util$BufferCache
Event: 0.232 Loading class sun/nio/ch/Util$BufferCache done
Event: 0.232 Loading class java/nio/DirectByteBuffer$Deallocator
Event: 0.232 Loading class java/nio/DirectByteBuffer$Deallocator done
Event: 0.234 Loading class java/lang/Math$RandomNumberGeneratorHolder
Event: 0.235 Loading class java/lang/Math$RandomNumberGeneratorHolder done

Classes unloaded (0 events):
No events

Classes redefined (0 events):
No events

Internal exceptions (3 events):
Event: 0.187 Thread 0x000001abb976e9e0 Exception <a 'java/lang/NoSuchMethodError'{0x0000000712707dd8}: 'void java.lang.invoke.DirectMethodHandle$Holder.invokeStatic(java.lang.Object, java.lang.Object, java.lang.Object)'> (0x0000000712707dd8) 
thrown [s\open\src\hotspot\share\interpreter\linkResolver.cpp, line 773]
Event: 0.195 Thread 0x000001abb976e9e0 Exception <a 'java/lang/NoSuchMethodError'{0x000000071271f2e0}: 'java.lang.Object java.lang.invoke.Invokers$Holder.invokeExact_MT(java.lang.Object, java.lang.Object, java.lang.Object, java.lang.Object, java.lang.Object)'> (0x000000071271f2e0) 
thrown [s\open\src\hotspot\share\interpreter\linkResolver.cpp, line 773]
Event: 0.222 Thread 0x000001abdada37f0 Exception <a 'java/lang/NoSuchMethodError'{0x000000071275a8f8}: 'void java.lang.invoke.DirectMethodHandle$Holder.invokeStatic(java.lang.Object, java.lang.Object)'> (0x000000071275a8f8) 
thrown [s\open\src\hotspot\share\interpreter\linkResolver.cpp, line 773]

ZGC Phase Switch (0 events):
No events

VM Operations (2 events):
Event: 0.135 Executing VM operation: HandshakeAllThreads (Deoptimize)
Event: 0.135 Executing VM operation: HandshakeAllThreads (Deoptimize) done

Events (12 events):
Event: 0.050 Thread 0x000001abb976e9e0 Thread added: 0x000001abb976e9e0
Event: 0.076 Thread 0x000001abdad91920 Thread added: 0x000001abdad91920
Event: 0.077 Thread 0x000001abdad93e60 Thread added: 0x000001abdad93e60
Event: 0.077 Thread 0x000001abdad96ee0 Thread added: 0x000001abdad96ee0
Event: 0.077 Thread 0x000001abdad99950 Thread added: 0x000001abdad99950
Event: 0.077 Thread 0x000001abdad9c3c0 Thread added: 0x000001abdad9c3c0
Event: 0.078 Thread 0x000001abdada1720 Thread added: 0x000001abdada1720
Event: 0.078 Thread 0x000001abdadaca60 Thread added: 0x000001abdadaca60
Event: 0.078 Thread 0x000001abdadaf510 Thread added: 0x000001abdadaf510
Event: 0.124 Thread 0x000001abdada3160 Thread added: 0x000001abdada3160
Event: 0.204 Thread 0x000001abdada37f0 Thread added: 0x000001abdada37f0
Event: 0.204 Thread 0x000001abdada1090 Thread added: 0x000001abdada1090


Dynamic libraries:
0x00007ff7044f0000 - 0x00007ff704500000 	C:\Program Files\Java\jdk-21\bin\java.exe
0x00007ffd81dd0000 - 0x00007ffd81fc8000 	C:\Windows\SYSTEM32\ntdll.dll
0x00007ffd810f0000 - 0x00007ffd811ad000 	C:\Windows\System32\KERNEL32.DLL
0x00007ffd7f6d0000 - 0x00007ffd7f9c6000 	C:\Windows\System32\KERNELBASE.dll
0x00007ffd7f4b0000 - 0x00007ffd7f5b0000 	C:\Windows\System32\ucrtbase.dll
0x00007ffd7b0e0000 - 0x00007ffd7b0f9000 	C:\Program Files\Java\jdk-21\bin\jli.dll
0x00007ffd7afc0000 - 0x00007ffd7afdb000 	C:\Program Files\Java\jdk-21\bin\VCRUNTIME140.dll
0x00007ffd812e0000 - 0x00007ffd8138e000 	C:\Windows\System32\ADVAPI32.dll
0x00007ffd804d0000 - 0x00007ffd8056e000 	C:\Windows\System32\msvcrt.dll
0x00007ffd815a0000 - 0x00007ffd8163c000 	C:\Windows\System32\sechost.dll
0x00007ffd813c0000 - 0x00007ffd814e6000 	C:\Windows\System32\RPCRT4.dll
0x00007ffd80260000 - 0x00007ffd803fe000 	C:\Windows\System32\USER32.dll
0x00007ffd62c90000 - 0x00007ffd62f2a000 	C:\Windows\WinSxS\amd64_microsoft.windows.common-controls_6595b64144ccf1df_6.0.19041.1110_none_60b5254171f9507e\COMCTL32.dll
0x00007ffd7fd70000 - 0x00007ffd7fd92000 	C:\Windows\System32\win32u.dll
0x00007ffd81570000 - 0x00007ffd8159c000 	C:\Windows\System32\GDI32.dll
0x00007ffd7fc00000 - 0x00007ffd7fd1a000 	C:\Windows\System32\gdi32full.dll
0x00007ffd7fb60000 - 0x00007ffd7fbfd000 	C:\Windows\System32\msvcp_win.dll
0x00007ffd789c0000 - 0x00007ffd789ca000 	C:\Windows\SYSTEM32\VERSION.dll
0x00007ffd81390000 - 0x00007ffd813c0000 	C:\Windows\System32\IMM32.DLL
0x00007ffd7b0c0000 - 0x00007ffd7b0cc000 	C:\Program Files\Java\jdk-21\bin\vcruntime140_1.dll
0x00007ffd53f20000 - 0x00007ffd53fae000 	C:\Program Files\Java\jdk-21\bin\msvcp140.dll
0x00007ffd018f0000 - 0x00007ffd02603000 	C:\Program Files\Java\jdk-21\bin\server\jvm.dll
0x00007ffd805d0000 - 0x00007ffd8063b000 	C:\Windows\System32\WS2_32.dll
0x00007ffd7f310000 - 0x00007ffd7f35b000 	C:\Windows\SYSTEM32\POWRPROF.dll
0x00007ffd64080000 - 0x00007ffd640a7000 	C:\Windows\SYSTEM32\WINMM.dll
0x00007ffd7f2f0000 - 0x00007ffd7f302000 	C:\Windows\SYSTEM32\UMPDC.dll
0x00007ffd7d340000 - 0x00007ffd7d352000 	C:\Windows\SYSTEM32\kernel.appcore.dll
0x00007ffd7afa0000 - 0x00007ffd7afaa000 	C:\Program Files\Java\jdk-21\bin\jimage.dll
0x00007ffd6a970000 - 0x00007ffd6ab54000 	C:\Windows\SYSTEM32\DBGHELP.DLL
0x00007ffd66a40000 - 0x00007ffd66a74000 	C:\Windows\SYSTEM32\dbgcore.DLL
0x00007ffd7fda0000 - 0x00007ffd7fe22000 	C:\Windows\System32\bcryptPrimitives.dll
0x00007ffd77f10000 - 0x00007ffd77f1f000 	C:\Program Files\Java\jdk-21\bin\instrument.dll
0x00007ffd77e60000 - 0x00007ffd77e7f000 	C:\Program Files\Java\jdk-21\bin\java.dll
0x00007ffd81640000 - 0x00007ffd81d85000 	C:\Windows\System32\SHELL32.dll
0x00007ffd7d540000 - 0x00007ffd7dcdb000 	C:\Windows\SYSTEM32\windows.storage.dll
0x00007ffd7fef0000 - 0x00007ffd80244000 	C:\Windows\System32\combase.dll
0x00007ffd7ee20000 - 0x00007ffd7ee4e000 	C:\Windows\SYSTEM32\Wldp.dll
0x00007ffd7fe40000 - 0x00007ffd7feed000 	C:\Windows\System32\SHCORE.dll
0x00007ffd80570000 - 0x00007ffd805c5000 	C:\Windows\System32\shlwapi.dll
0x00007ffd7f3e0000 - 0x00007ffd7f405000 	C:\Windows\SYSTEM32\profapi.dll
0x00007ffd53910000 - 0x00007ffd539e7000 	C:\Program Files\Java\jdk-21\bin\jsvml.dll
0x00007ffd74400000 - 0x00007ffd74418000 	C:\Program Files\Java\jdk-21\bin\zip.dll
0x00007ffd77f00000 - 0x00007ffd77f10000 	C:\Program Files\Java\jdk-21\bin\net.dll
0x00007ffd79240000 - 0x00007ffd7934a000 	C:\Windows\SYSTEM32\WINHTTP.dll
0x00007ffd7eb80000 - 0x00007ffd7ebea000 	C:\Windows\system32\mswsock.dll
0x00007ffd75660000 - 0x00007ffd75676000 	C:\Program Files\Java\jdk-21\bin\nio.dll
0x00007ffd5cf30000 - 0x00007ffd5cf4a000 	C:\Program Files\JetBrains\IntelliJ IDEA 2023.3.2\bin\breakgen64.dll
0x00007ffd53d50000 - 0x00007ffd53da1000 	C:\Users\MSI\IdeaProjects\RustJava\Rust\myTrainerlib\target\debug\myTrainerlib.dll
0x00007ffd74450000 - 0x00007ffd74457000 	C:\Program Files\Java\jdk-21\bin\extnet.dll

dbghelp: loaded successfully - version: 4.0.5 - missing functions: none
symbol engine: initialized successfully - sym options: 0x614 - pdb path: .;C:\Program Files\Java\jdk-21\bin;C:\Windows\SYSTEM32;C:\Windows\WinSxS\amd64_microsoft.windows.common-controls_6595b64144ccf1df_6.0.19041.1110_none_60b5254171f9507e;C:\Program Files\Java\jdk-21\bin\server;C:\Program Files\JetBrains\IntelliJ IDEA 2023.3.2\bin;C:\Users\MSI\IdeaProjects\RustJava\Rust\myTrainerlib\target\debug

VM Arguments:
jvm_args: -javaagent:C:\Program Files\JetBrains\IntelliJ IDEA 2023.3.2\lib\idea_rt.jar=60555:C:\Program Files\JetBrains\IntelliJ IDEA 2023.3.2\bin -Dfile.encoding=UTF-8 -Dsun.stdout.encoding=UTF-8 -Dsun.stderr.encoding=UTF-8 
java_command: Main
java_class_path (initial): C:\Users\MSI\IdeaProjects\RustJava\out\production\RustJava;C:\Users\MSI\Downloads\jna-jpms-5.14.0.jar
Launcher Type: SUN_STANDARD

[Global flags]
     intx CICompilerCount                          = 4                                         {product} {ergonomic}
     uint ConcGCThreads                            = 3                                         {product} {ergonomic}
     uint G1ConcRefinementThreads                  = 10                                        {product} {ergonomic}
   size_t G1HeapRegionSize                         = 2097152                                   {product} {ergonomic}
    uintx GCDrainStackTargetSize                   = 64                                        {product} {ergonomic}
   size_t InitialHeapSize                          = 266338304                                 {product} {ergonomic}
   size_t MarkStackSize                            = 4194304                                   {product} {ergonomic}
   size_t MaxHeapSize                              = 4248829952                                {product} {ergonomic}
   size_t MaxNewSize                               = 2548039680                                {product} {ergonomic}
   size_t MinHeapDeltaBytes                        = 2097152                                   {product} {ergonomic}
   size_t MinHeapSize                              = 8388608                                   {product} {ergonomic}
    uintx NonNMethodCodeHeapSize                   = 5839372                                {pd product} {ergonomic}
    uintx NonProfiledCodeHeapSize                  = 122909434                              {pd product} {ergonomic}
    uintx ProfiledCodeHeapSize                     = 122909434                              {pd product} {ergonomic}
    uintx ReservedCodeCacheSize                    = 251658240                              {pd product} {ergonomic}
     bool SegmentedCodeCache                       = true                                      {product} {ergonomic}
   size_t SoftMaxHeapSize                          = 4248829952                             {manageable} {ergonomic}
     bool UseCompressedOops                        = true                           {product lp64_product} {ergonomic}
     bool UseG1GC                                  = true                                      {product} {ergonomic}
     bool UseLargePagesIndividualAllocation        = false                                  {pd product} {ergonomic}

Logging:
Log output configuration:
 #0: stdout all=warning uptime,level,tags foldmultilines=false
 #1: stderr all=off uptime,level,tags foldmultilines=false

Environment Variables:
PATH=C:\Program Files (x86)\VMware\VMware Player\bin\;C:\Program Files\Common Files\Oracle\Java\javapath;C:\Windows\system32;C:\Windows;C:\Windows\System32\Wbem;C:\Windows\System32\WindowsPowerShell\v1.0\;C:\Windows\System32\OpenSSH\;C:\Program Files\Git\cmd;C:\Users\MSI\AppData\Roaming\nvm;C:\Program Files\nodejs;C:\Program Files\Java\jdk-21\bin;C:\Users\MSI\AppData\Local\Programs\Python\Python312\Scripts\;C:\Users\MSI\AppData\Local\Programs\Python\Python312\;C:\Users\MSI\AppData\Local\Programs\Python\Launcher\;C:\Users\MSI\.cargo\bin;C:\Users\MSI\AppData\Local\Microsoft\WindowsApps;C:\Users\MSI\AppData\Local\GitHubDesktop\bin;C:\Program Files\JetBrains\IntelliJ IDEA Educational Edition 2022.2.2\bin;;C:\Program Files\JetBrains\PyCharm Community Edition 2022.1.2\bin;;C:\Users\MSI\AppData\Local\Programs\Microsoft VS Code\bin;C:\Users\MSI\AppData\Roaming\npm;C:\Users\MSI\AppData\Roaming\nvm;C:\Program Files\nodejs;C:\Program Files\JetBrains\CLion 2023.3.2\bin;;C:\Program Files\JetBrains\IntelliJ IDEA 2023.3.2\bin;;C:\Program Files\Neovim\bin
USERNAME=MSI
OS=Windows_NT
PROCESSOR_IDENTIFIER=Intel64 Family 6 Model 165 Stepping 2, GenuineIntel
TMP=C:\Users\MSI\AppData\Local\Temp
TEMP=C:\Users\MSI\AppData\Local\Temp




---------------  S Y S T E M  ---------------

OS:
 Windows 10 , 64 bit Build 19041 (10.0.19041.3393)
OS uptime: 16 days 22:39 hours

CPU: total 12 (initial active 12) (6 cores per cpu, 2 threads per core) family 6 model 165 stepping 2 microcode 0xe2, cx8, cmov, fxsr, ht, mmx, 3dnowpref, sse, sse2, sse3, ssse3, sse4.1, sse4.2, popcnt, lzcnt, tsc, tscinvbit, avx, avx2, aes, erms, clmul, bmi1, bmi2, adx, fma, vzeroupper, clflush, clflushopt, rdtscp, f16c, pku
Processor Information for all 12 processors :
  Max Mhz: 2496, Current Mhz: 2496, Mhz Limit: 2496

Memory: 4k page, system-wide physical 16205M (5773M free)
TotalPageFile size 18637M (AvailPageFile size 2118M)
current process WorkingSet (physical memory assigned to process): 41M, peak: 41M
current process commit charge ("private bytes"): 344M, peak: 344M

vm_info: Java HotSpot(TM) 64-Bit Server VM (21+35-LTS-2513) for windows-amd64 JRE (21+35-LTS-2513), built on 2023-08-09T20:25:10Z by "mach5one" with MS VC++ 17.1 (VS2022)

END.
