#
# A fatal error has been detected by the Java Runtime Environment:
#
#  EXCEPTION_ACCESS_VIOLATION (0xc0000005) at pc=0x00007ffd01d2eb5c, pid=10812, tid=17684
#
# JRE version: Java(TM) SE Runtime Environment (21.0+35) (build 21+35-LTS-2513)
# Java VM: Java HotSpot(TM) 64-Bit Server VM (21+35-LTS-2513, mixed mode, sharing, tiered, compressed oops, compressed class ptrs, g1 gc, windows-amd64)
# Problematic frame:
# V  [jvm.dll+0x43eb5c]
#
# No core dump will be written. Minidumps are not enabled by default on client versions of Windows
#
# If you would like to submit a bug report, please visit:
#   https://bugreport.java.com/bugreport/crash.jsp
#

---------------  S U M M A R Y ------------

Command Line: -javaagent:C:\Program Files\JetBrains\IntelliJ IDEA 2023.3.2\lib\idea_rt.jar=51191:C:\Program Files\JetBrains\IntelliJ IDEA 2023.3.2\bin -Dfile.encoding=UTF-8 -Dsun.stdout.encoding=UTF-8 -Dsun.stderr.encoding=UTF-8 Main

Host: Intel(R) Core(TM) i5-10500H CPU @ 2.50GHz, 12 cores, 15G,  Windows 10 , 64 bit Build 19041 (10.0.19041.3393)
Time: Sun Feb  4 18:57:51 2024 W. Central Africa Standard Time elapsed time: 0.151776 seconds (0d 0h 0m 0s)

---------------  T H R E A D  ---------------

Current thread (0x000002be32cd9c50):  JavaThread "main"             [_thread_in_vm, id=17684, stack(0x000000d82a800000,0x000000d82a900000) (1024K)]

Stack: [0x000000d82a800000,0x000000d82a900000],  sp=0x000000d82a8fd250,  free space=1012k
Native frames: (J=compiled Java code, j=interpreted, Vv=VM code, C=native code)
V  [jvm.dll+0x43eb5c]
C  [myTrainerlib.dll+0x6f9a]

Java frames: (J=compiled Java code, j=interpreted, Vv=VM code)
j  BinTrainer.learn(ID[D[[D)[D+0
j  BinTrainer.fit(IDLjava/lang/String;)I+71
j  Main.main([Ljava/lang/String;)V+42
v  ~StubRoutines::call_stub 0x000002be43e4100d

siginfo: EXCEPTION_ACCESS_VIOLATION (0xc0000005), reading address 0x0000000666666674


Registers:
RAX=0x000000000000000c, RBX=0x000002be32cd9c50, RCX=0x0000000000000000, RDX=0x0000000000000000
RSP=0x000000d82a8fd250, RBP=0x0000000000000000, RSI=0x0000000000000000, RDI=0x0000000666666668
R8 =0x0000000000000000, R9 =0x000002be32cd9c50, R10=0x0000000000000008, R11=0x0000000000000000
R12=0x0000000000000000, R13=0x000002be96408ec0, R14=0x0000000000000000, R15=0x0000000000000010
RIP=0x00007ffd01d2eb5c, EFLAGS=0x0000000000010202


Register to memory mapping:

RAX=0x000000000000000c is an unknown value
RBX=0x000002be32cd9c50 is a thread
RCX=0x0 is null
RDX=0x0 is null
RSP=0x000000d82a8fd250 is pointing into the stack for thread: 0x000002be32cd9c50
RBP=0x0 is null
RSI=0x0 is null
RDI=0x0000000666666668 is an unknown value
R8 =0x0 is null
R9 =0x000002be32cd9c50 is a thread
R10=0x0000000000000008 is an unknown value
R11=0x0 is null
R12=0x0 is null
R13={method} {0x000002be96408ec8} 'learn' '(ID[D[[D)[D' in 'BinTrainer'
R14=0x0 is null
R15=0x0000000000000010 is an unknown value

Top of Stack: (sp=0x000000d82a8fd250)
0x000000d82a8fd250:   0000000000000000 000000d82a8fdc30
0x000000d82a8fd260:   000000d82a8fdc40 00007ffd5cf47bf3
0x000000d82a8fd270:   000002be32cd9c50 0000000000000000
0x000000d82a8fd280:   000000d82a8fe7c0 000002be32b06970
0x000000d82a8fd290:   000002be32cd9c50 000000d82a8ff0b0
0x000000d82a8fd2a0:   0000000000000000 00007ffd5cf46f9a
0x000000d82a8fd2b0:   000002be96408ec0 000000d82a8fe8e0
0x000000d82a8fd2c0:   0000000000003894 00007ffd5cf457ed
0x000000d82a8fd2d0:   0000000000000008 0000000000003894
0x000000d82a8fd2e0:   00007ffd01d30c30 000000d82a8fe8e0
0x000000d82a8fd2f0:   000002be32cda008 00007ffd01d2ea60
0x000000d82a8fd300:   00007ffd024aa600 000002be32cda008
0x000000d82a8fd310:   0000000032cda008 000000d82a8fe9f8
0x000000d82a8fd320:   000002be32b06970 000000d82a8fecf8
0x000000d82a8fd330:   000000d82a8fecf8 0000000000000000
0x000000d82a8fd340:   0000000000000008 000002be32b06968
0x000000d82a8fd350:   000000d82a8fed30 000000d82a8fed30
0x000000d82a8fd360:   0000000000000002 00007ffd01d13cd5
0x000000d82a8fd370:   000002be32bc0000 00007ffd01d13cd5
0x000000d82a8fd380:   0000000000000005 00007ffd01d13cd5
0x000000d82a8fd390:   0000000000000000 0000000000000005
0x000000d82a8fd3a0:   0000000200000000 0000000000000000
0x000000d82a8fd3b0:   00007ffd02552806 00007ffd01d13cd5
0x000000d82a8fd3c0:   00007ffd02552812 00007ffd01d13cd5
0x000000d82a8fd3d0:   00007ffd02552814 00007ffd01d13cd5
0x000000d82a8fd3e0:   0000000000000005 00007ffd02552800
0x000000d82a8fd3f0:   0000000000000000 0000000000000005
0x000000d82a8fd400:   00007ffd02552800 0000000000000000
0x000000d82a8fd410:   00007ffd02552800 00007ffd02552800
0x000000d82a8fd420:   00007ffd02552800 00007ffd01d13cd5
0x000000d82a8fd430:   00007ffd02552800 00007ffd01d13cd5
0x000000d82a8fd440:   0000000000000000 0000000000000000 

Instructions: (pc=0x00007ffd01d2eb5c)
0x00007ffd01d2ea5c:   cc cc cc cc 48 89 5c 24 08 48 89 6c 24 10 48 89
0x00007ffd01d2ea6c:   74 24 18 57 41 56 41 57 48 83 ec 40 8b 81 b8 00
0x00007ffd01d2ea7c:   00 00 48 8d 99 48 fc ff ff 05 53 21 ff ff 49 63
0x00007ffd01d2ea8c:   f1 49 63 e8 48 8b fa 83 f8 01 77 08 48 8b cb e8
0x00007ffd01d2ea9c:   60 cf fa ff 80 3d 0a 1a 7e 00 00 c7 83 4c 04 00
0x00007ffd01d2eaac:   00 06 00 00 00 75 06 e8 18 af 27 00 90 48 8b 83
0x00007ffd01d2eabc:   50 04 00 00 a8 01 74 0d 45 33 c0 b2 01 48 8b cb
0x00007ffd01d2eacc:   e8 5f ab 2e 00 8b 83 48 04 00 00 a8 0c 74 08 48
0x00007ffd01d2eadc:   8b cb e8 cd e4 fa ff 45 33 f6 c7 83 4c 04 00 00
0x00007ffd01d2eaec:   06 00 00 00 48 89 5c 24 20 4c 89 74 24 28 4c 39
0x00007ffd01d2eafc:   73 08 74 0a 48 8d 4c 24 20 e8 e6 74 2b 00 48 8b
0x00007ffd01d2eb0c:   c7 83 e0 03 48 83 f8 01 75 0f 48 8d 4f ff ff 15
0x00007ffd01d2eb1c:   80 8e 77 00 48 8b f8 eb 18 48 83 f8 02 75 0f 48
0x00007ffd01d2eb2c:   8d 4f fe ff 15 eb 04 77 00 48 8b f8 eb 03 48 8b
0x00007ffd01d2eb3c:   3f 44 38 35 da a9 77 00 b9 0c 00 00 00 41 bf 10
0x00007ffd01d2eb4c:   00 00 00 4c 8b cb 41 8b c7 8b d6 0f 45 c1 8b cd
0x00007ffd01d2eb5c:   44 8b 04 38 e8 9b 04 01 00 4c 39 73 08 75 32 85
0x00007ffd01d2eb6c:   f6 7e 2e 44 38 35 a8 a9 77 00 b9 18 00 00 00 48
0x00007ffd01d2eb7c:   8b 94 24 80 00 00 00 4c 8b c6 41 0f 45 cf 48 8d
0x00007ffd01d2eb8c:   0c e9 48 03 cf 48 85 ff 49 0f 44 ce e8 23 d6 bc
0x00007ffd01d2eb9c:   ff 4c 39 74 24 28 74 0a 48 8d 4c 24 20 e8 c2 74
0x00007ffd01d2ebac:   2b 00 48 8b bb 98 01 00 00 48 8b 47 10 4c 39 30
0x00007ffd01d2ebbc:   74 08 48 8b cf e8 4a fc f5 ff 48 8b 4f 08 48 8b
0x00007ffd01d2ebcc:   47 10 48 89 41 10 48 8b 4f 08 48 8b 47 18 48 89
0x00007ffd01d2ebdc:   41 18 48 8b 4f 08 48 8b 47 20 48 89 41 20 48 8d
0x00007ffd01d2ebec:   8b 98 03 00 00 e8 da 7e ed ff 48 8b 6c 24 68 90
0x00007ffd01d2ebfc:   48 8b 74 24 70 c7 83 4c 04 00 00 04 00 00 00 48
0x00007ffd01d2ec0c:   8b 5c 24 60 48 83 c4 40 41 5f 41 5e 5f c3 cc cc
0x00007ffd01d2ec1c:   cc cc cc cc 48 89 5c 24 08 48 89 6c 24 10 48 89
0x00007ffd01d2ec2c:   74 24 18 57 41 56 41 57 48 83 ec 40 8b 81 b8 00
0x00007ffd01d2ec3c:   00 00 48 8d 99 48 fc ff ff 05 53 21 ff ff 49 63
0x00007ffd01d2ec4c:   f1 49 63 e8 48 8b fa 83 f8 01 77 08 48 8b cb e8 


Stack slot to memory mapping:

stack at sp + 0 slots: 0x0 is null
stack at sp + 1 slots: 0x000000d82a8fdc30 is pointing into the stack for thread: 0x000002be32cd9c50
stack at sp + 2 slots: 0x000000d82a8fdc40 is pointing into the stack for thread: 0x000002be32cd9c50
stack at sp + 3 slots: 0x00007ffd5cf47bf3 myTrainerlib.dll
stack at sp + 4 slots: 0x000002be32cd9c50 is a thread
stack at sp + 5 slots: 0x0 is null
stack at sp + 6 slots: 0x000000d82a8fe7c0 is pointing into the stack for thread: 0x000002be32cd9c50
stack at sp + 7 slots: 0x000002be32b06970 points into unknown readable memory: 0x0000000666666668 | 68 66 66 66 06 00 00 00


---------------  P R O C E S S  ---------------

Threads class SMR info:
_java_thread_list=0x000002be54453ee0, length=12, elements={
0x000002be32cd9c50, 0x000002be541c4790, 0x000002be541c54b0, 0x000002be541c8090,
0x000002be541c8af0, 0x000002be541d17e0, 0x000002be541f2250, 0x000002be541fdd40,
0x000002be541fe830, 0x000002be543e42e0, 0x000002be54466d50, 0x000002be545414a0
}

Java Threads: ( => current thread )
=>0x000002be32cd9c50 JavaThread "main"                              [_thread_in_vm, id=17684, stack(0x000000d82a800000,0x000000d82a900000) (1024K)]
  0x000002be541c4790 JavaThread "Reference Handler"          daemon [_thread_blocked, id=1868, stack(0x000000d82b000000,0x000000d82b100000) (1024K)]
  0x000002be541c54b0 JavaThread "Finalizer"                  daemon [_thread_blocked, id=15340, stack(0x000000d82b100000,0x000000d82b200000) (1024K)]
  0x000002be541c8090 JavaThread "Signal Dispatcher"          daemon [_thread_blocked, id=8772, stack(0x000000d82b200000,0x000000d82b300000) (1024K)]
  0x000002be541c8af0 JavaThread "Attach Listener"            daemon [_thread_blocked, id=6804, stack(0x000000d82b300000,0x000000d82b400000) (1024K)]
  0x000002be541d17e0 JavaThread "Service Thread"             daemon [_thread_blocked, id=13340, stack(0x000000d82b400000,0x000000d82b500000) (1024K)]
  0x000002be541f2250 JavaThread "Monitor Deflation Thread"   daemon [_thread_blocked, id=16588, stack(0x000000d82b500000,0x000000d82b600000) (1024K)]
  0x000002be541fdd40 JavaThread "C2 CompilerThread0"         daemon [_thread_blocked, id=8308, stack(0x000000d82b600000,0x000000d82b700000) (1024K)]
  0x000002be541fe830 JavaThread "C1 CompilerThread0"         daemon [_thread_blocked, id=19172, stack(0x000000d82b700000,0x000000d82b800000) (1024K)]
  0x000002be543e42e0 JavaThread "Common-Cleaner"             daemon [_thread_blocked, id=18956, stack(0x000000d82b800000,0x000000d82b900000) (1024K)]
  0x000002be54466d50 JavaThread "Monitor Ctrl-Break"         daemon [_thread_in_native, id=16348, stack(0x000000d82b900000,0x000000d82ba00000) (1024K)]
  0x000002be545414a0 JavaThread "Notification Thread"        daemon [_thread_blocked, id=5716, stack(0x000000d82ba00000,0x000000d82bb00000) (1024K)]
Total: 12

Other Threads:
  0x000002be541a3230 VMThread "VM Thread"                           [id=14528, stack(0x000000d82af00000,0x000000d82b000000) (1024K)]
  0x000002be5418da10 WatcherThread "VM Periodic Task Thread"        [id=14748, stack(0x000000d82ae00000,0x000000d82af00000) (1024K)]
  0x000002be32d3d400 WorkerThread "GC Thread#0"                     [id=17556, stack(0x000000d82a900000,0x000000d82aa00000) (1024K)]
  0x000002be32d4e2d0 ConcurrentGCThread "G1 Main Marker"            [id=15708, stack(0x000000d82aa00000,0x000000d82ab00000) (1024K)]
  0x000002be32d4edd0 WorkerThread "G1 Conc#0"                       [id=8212, stack(0x000000d82ab00000,0x000000d82ac00000) (1024K)]
  0x000002be32dae450 ConcurrentGCThread "G1 Refine#0"               [id=13852, stack(0x000000d82ac00000,0x000000d82ad00000) (1024K)]
  0x000002be54061560 ConcurrentGCThread "G1 Service"                [id=12192, stack(0x000000d82ad00000,0x000000d82ae00000) (1024K)]
Total: 7

Threads with active compile tasks:
Total: 0

VM state: not at safepoint (normal execution)

VM Mutex/Monitor currently owned by a thread: None

Heap address: 0x0000000702c00000, size: 4052 MB, Compressed Oops mode: Zero based, Oop shift amount: 3

CDS archive(s) mapped at: [0x000002be55000000-0x000002be55c90000-0x000002be55c90000), size 13172736, SharedBaseAddress: 0x000002be55000000, ArchiveRelocationMode: 1.
Compressed class space mapped at: 0x000002be56000000-0x000002be96000000, reserved size: 1073741824
Narrow klass base: 0x000002be55000000, Narrow klass shift: 0, Narrow klass range: 0x100000000

GC Precious Log:
 CardTable entry size: 512
 Card Set container configuration: InlinePtr #cards 4 size 8 Array Of Cards #cards 16 size 48 Howl #buckets 8 coarsen threshold 3686 Howl Bitmap #cards 512 size 80 coarsen threshold 460 Card regions per heap region 1 cards per card region 4096
 CPUs: 12 total, 12 available
 Memory: 16205M
 Large Page Support: Disabled
 NUMA Support: Disabled
 Compressed Oops: Enabled (Zero based)
 Heap Region Size: 2M
 Heap Min Capacity: 8M
 Heap Initial Capacity: 254M
 Heap Max Capacity: 4052M
 Pre-touch: Disabled
 Parallel Workers: 10
 Concurrent Workers: 3
 Concurrent Refinement Workers: 10
 Periodic GC: Disabled

Heap:
 garbage-first heap   total 260096K, used 4096K [0x0000000702c00000, 0x0000000800000000)
  region size 2048K, 3 young (6144K), 0 survivors (0K)
 Metaspace       used 887K, committed 1088K, reserved 1114112K
  class space    used 73K, committed 128K, reserved 1048576K

Heap Regions: E=young(eden), S=young(survivor), O=old, HS=humongous(starts), HC=humongous(continues), CS=collection set, F=free, TAMS=top-at-mark-start, PB=parsable bottom
|   0|0x0000000702c00000, 0x0000000702c00000, 0x0000000702e00000|  0%| F|  |TAMS 0x0000000702c00000| PB 0x0000000702c00000| Untracked 
|   1|0x0000000702e00000, 0x0000000702e00000, 0x0000000703000000|  0%| F|  |TAMS 0x0000000702e00000| PB 0x0000000702e00000| Untracked 
|   2|0x0000000703000000, 0x0000000703000000, 0x0000000703200000|  0%| F|  |TAMS 0x0000000703000000| PB 0x0000000703000000| Untracked 
|   3|0x0000000703200000, 0x0000000703200000, 0x0000000703400000|  0%| F|  |TAMS 0x0000000703200000| PB 0x0000000703200000| Untracked 
|   4|0x0000000703400000, 0x0000000703400000, 0x0000000703600000|  0%| F|  |TAMS 0x0000000703400000| PB 0x0000000703400000| Untracked 
|   5|0x0000000703600000, 0x0000000703600000, 0x0000000703800000|  0%| F|  |TAMS 0x0000000703600000| PB 0x0000000703600000| Untracked 
|   6|0x0000000703800000, 0x0000000703800000, 0x0000000703a00000|  0%| F|  |TAMS 0x0000000703800000| PB 0x0000000703800000| Untracked 
|   7|0x0000000703a00000, 0x0000000703a00000, 0x0000000703c00000|  0%| F|  |TAMS 0x0000000703a00000| PB 0x0000000703a00000| Untracked 
|   8|0x0000000703c00000, 0x0000000703c00000, 0x0000000703e00000|  0%| F|  |TAMS 0x0000000703c00000| PB 0x0000000703c00000| Untracked 
|   9|0x0000000703e00000, 0x0000000703e00000, 0x0000000704000000|  0%| F|  |TAMS 0x0000000703e00000| PB 0x0000000703e00000| Untracked 
|  10|0x0000000704000000, 0x0000000704000000, 0x0000000704200000|  0%| F|  |TAMS 0x0000000704000000| PB 0x0000000704000000| Untracked 
|  11|0x0000000704200000, 0x0000000704200000, 0x0000000704400000|  0%| F|  |TAMS 0x0000000704200000| PB 0x0000000704200000| Untracked 
|  12|0x0000000704400000, 0x0000000704400000, 0x0000000704600000|  0%| F|  |TAMS 0x0000000704400000| PB 0x0000000704400000| Untracked 
|  13|0x0000000704600000, 0x0000000704600000, 0x0000000704800000|  0%| F|  |TAMS 0x0000000704600000| PB 0x0000000704600000| Untracked 
|  14|0x0000000704800000, 0x0000000704800000, 0x0000000704a00000|  0%| F|  |TAMS 0x0000000704800000| PB 0x0000000704800000| Untracked 
|  15|0x0000000704a00000, 0x0000000704a00000, 0x0000000704c00000|  0%| F|  |TAMS 0x0000000704a00000| PB 0x0000000704a00000| Untracked 
|  16|0x0000000704c00000, 0x0000000704c00000, 0x0000000704e00000|  0%| F|  |TAMS 0x0000000704c00000| PB 0x0000000704c00000| Untracked 
|  17|0x0000000704e00000, 0x0000000704e00000, 0x0000000705000000|  0%| F|  |TAMS 0x0000000704e00000| PB 0x0000000704e00000| Untracked 
|  18|0x0000000705000000, 0x0000000705000000, 0x0000000705200000|  0%| F|  |TAMS 0x0000000705000000| PB 0x0000000705000000| Untracked 
|  19|0x0000000705200000, 0x0000000705200000, 0x0000000705400000|  0%| F|  |TAMS 0x0000000705200000| PB 0x0000000705200000| Untracked 
|  20|0x0000000705400000, 0x0000000705400000, 0x0000000705600000|  0%| F|  |TAMS 0x0000000705400000| PB 0x0000000705400000| Untracked 
|  21|0x0000000705600000, 0x0000000705600000, 0x0000000705800000|  0%| F|  |TAMS 0x0000000705600000| PB 0x0000000705600000| Untracked 
|  22|0x0000000705800000, 0x0000000705800000, 0x0000000705a00000|  0%| F|  |TAMS 0x0000000705800000| PB 0x0000000705800000| Untracked 
|  23|0x0000000705a00000, 0x0000000705a00000, 0x0000000705c00000|  0%| F|  |TAMS 0x0000000705a00000| PB 0x0000000705a00000| Untracked 
|  24|0x0000000705c00000, 0x0000000705c00000, 0x0000000705e00000|  0%| F|  |TAMS 0x0000000705c00000| PB 0x0000000705c00000| Untracked 
|  25|0x0000000705e00000, 0x0000000705e00000, 0x0000000706000000|  0%| F|  |TAMS 0x0000000705e00000| PB 0x0000000705e00000| Untracked 
|  26|0x0000000706000000, 0x0000000706000000, 0x0000000706200000|  0%| F|  |TAMS 0x0000000706000000| PB 0x0000000706000000| Untracked 
|  27|0x0000000706200000, 0x0000000706200000, 0x0000000706400000|  0%| F|  |TAMS 0x0000000706200000| PB 0x0000000706200000| Untracked 
|  28|0x0000000706400000, 0x0000000706400000, 0x0000000706600000|  0%| F|  |TAMS 0x0000000706400000| PB 0x0000000706400000| Untracked 
|  29|0x0000000706600000, 0x0000000706600000, 0x0000000706800000|  0%| F|  |TAMS 0x0000000706600000| PB 0x0000000706600000| Untracked 
|  30|0x0000000706800000, 0x0000000706800000, 0x0000000706a00000|  0%| F|  |TAMS 0x0000000706800000| PB 0x0000000706800000| Untracked 
|  31|0x0000000706a00000, 0x0000000706a00000, 0x0000000706c00000|  0%| F|  |TAMS 0x0000000706a00000| PB 0x0000000706a00000| Untracked 
|  32|0x0000000706c00000, 0x0000000706c00000, 0x0000000706e00000|  0%| F|  |TAMS 0x0000000706c00000| PB 0x0000000706c00000| Untracked 
|  33|0x0000000706e00000, 0x0000000706e00000, 0x0000000707000000|  0%| F|  |TAMS 0x0000000706e00000| PB 0x0000000706e00000| Untracked 
|  34|0x0000000707000000, 0x0000000707000000, 0x0000000707200000|  0%| F|  |TAMS 0x0000000707000000| PB 0x0000000707000000| Untracked 
|  35|0x0000000707200000, 0x0000000707200000, 0x0000000707400000|  0%| F|  |TAMS 0x0000000707200000| PB 0x0000000707200000| Untracked 
|  36|0x0000000707400000, 0x0000000707400000, 0x0000000707600000|  0%| F|  |TAMS 0x0000000707400000| PB 0x0000000707400000| Untracked 
|  37|0x0000000707600000, 0x0000000707600000, 0x0000000707800000|  0%| F|  |TAMS 0x0000000707600000| PB 0x0000000707600000| Untracked 
|  38|0x0000000707800000, 0x0000000707800000, 0x0000000707a00000|  0%| F|  |TAMS 0x0000000707800000| PB 0x0000000707800000| Untracked 
|  39|0x0000000707a00000, 0x0000000707a00000, 0x0000000707c00000|  0%| F|  |TAMS 0x0000000707a00000| PB 0x0000000707a00000| Untracked 
|  40|0x0000000707c00000, 0x0000000707c00000, 0x0000000707e00000|  0%| F|  |TAMS 0x0000000707c00000| PB 0x0000000707c00000| Untracked 
|  41|0x0000000707e00000, 0x0000000707e00000, 0x0000000708000000|  0%| F|  |TAMS 0x0000000707e00000| PB 0x0000000707e00000| Untracked 
|  42|0x0000000708000000, 0x0000000708000000, 0x0000000708200000|  0%| F|  |TAMS 0x0000000708000000| PB 0x0000000708000000| Untracked 
|  43|0x0000000708200000, 0x0000000708200000, 0x0000000708400000|  0%| F|  |TAMS 0x0000000708200000| PB 0x0000000708200000| Untracked 
|  44|0x0000000708400000, 0x0000000708400000, 0x0000000708600000|  0%| F|  |TAMS 0x0000000708400000| PB 0x0000000708400000| Untracked 
|  45|0x0000000708600000, 0x0000000708600000, 0x0000000708800000|  0%| F|  |TAMS 0x0000000708600000| PB 0x0000000708600000| Untracked 
|  46|0x0000000708800000, 0x0000000708800000, 0x0000000708a00000|  0%| F|  |TAMS 0x0000000708800000| PB 0x0000000708800000| Untracked 
|  47|0x0000000708a00000, 0x0000000708a00000, 0x0000000708c00000|  0%| F|  |TAMS 0x0000000708a00000| PB 0x0000000708a00000| Untracked 
|  48|0x0000000708c00000, 0x0000000708c00000, 0x0000000708e00000|  0%| F|  |TAMS 0x0000000708c00000| PB 0x0000000708c00000| Untracked 
|  49|0x0000000708e00000, 0x0000000708e00000, 0x0000000709000000|  0%| F|  |TAMS 0x0000000708e00000| PB 0x0000000708e00000| Untracked 
|  50|0x0000000709000000, 0x0000000709000000, 0x0000000709200000|  0%| F|  |TAMS 0x0000000709000000| PB 0x0000000709000000| Untracked 
|  51|0x0000000709200000, 0x0000000709200000, 0x0000000709400000|  0%| F|  |TAMS 0x0000000709200000| PB 0x0000000709200000| Untracked 
|  52|0x0000000709400000, 0x0000000709400000, 0x0000000709600000|  0%| F|  |TAMS 0x0000000709400000| PB 0x0000000709400000| Untracked 
|  53|0x0000000709600000, 0x0000000709600000, 0x0000000709800000|  0%| F|  |TAMS 0x0000000709600000| PB 0x0000000709600000| Untracked 
|  54|0x0000000709800000, 0x0000000709800000, 0x0000000709a00000|  0%| F|  |TAMS 0x0000000709800000| PB 0x0000000709800000| Untracked 
|  55|0x0000000709a00000, 0x0000000709a00000, 0x0000000709c00000|  0%| F|  |TAMS 0x0000000709a00000| PB 0x0000000709a00000| Untracked 
|  56|0x0000000709c00000, 0x0000000709c00000, 0x0000000709e00000|  0%| F|  |TAMS 0x0000000709c00000| PB 0x0000000709c00000| Untracked 
|  57|0x0000000709e00000, 0x0000000709e00000, 0x000000070a000000|  0%| F|  |TAMS 0x0000000709e00000| PB 0x0000000709e00000| Untracked 
|  58|0x000000070a000000, 0x000000070a000000, 0x000000070a200000|  0%| F|  |TAMS 0x000000070a000000| PB 0x000000070a000000| Untracked 
|  59|0x000000070a200000, 0x000000070a200000, 0x000000070a400000|  0%| F|  |TAMS 0x000000070a200000| PB 0x000000070a200000| Untracked 
|  60|0x000000070a400000, 0x000000070a400000, 0x000000070a600000|  0%| F|  |TAMS 0x000000070a400000| PB 0x000000070a400000| Untracked 
|  61|0x000000070a600000, 0x000000070a600000, 0x000000070a800000|  0%| F|  |TAMS 0x000000070a600000| PB 0x000000070a600000| Untracked 
|  62|0x000000070a800000, 0x000000070a800000, 0x000000070aa00000|  0%| F|  |TAMS 0x000000070a800000| PB 0x000000070a800000| Untracked 
|  63|0x000000070aa00000, 0x000000070aa00000, 0x000000070ac00000|  0%| F|  |TAMS 0x000000070aa00000| PB 0x000000070aa00000| Untracked 
|  64|0x000000070ac00000, 0x000000070ac00000, 0x000000070ae00000|  0%| F|  |TAMS 0x000000070ac00000| PB 0x000000070ac00000| Untracked 
|  65|0x000000070ae00000, 0x000000070ae00000, 0x000000070b000000|  0%| F|  |TAMS 0x000000070ae00000| PB 0x000000070ae00000| Untracked 
|  66|0x000000070b000000, 0x000000070b000000, 0x000000070b200000|  0%| F|  |TAMS 0x000000070b000000| PB 0x000000070b000000| Untracked 
|  67|0x000000070b200000, 0x000000070b200000, 0x000000070b400000|  0%| F|  |TAMS 0x000000070b200000| PB 0x000000070b200000| Untracked 
|  68|0x000000070b400000, 0x000000070b400000, 0x000000070b600000|  0%| F|  |TAMS 0x000000070b400000| PB 0x000000070b400000| Untracked 
|  69|0x000000070b600000, 0x000000070b600000, 0x000000070b800000|  0%| F|  |TAMS 0x000000070b600000| PB 0x000000070b600000| Untracked 
|  70|0x000000070b800000, 0x000000070b800000, 0x000000070ba00000|  0%| F|  |TAMS 0x000000070b800000| PB 0x000000070b800000| Untracked 
|  71|0x000000070ba00000, 0x000000070ba00000, 0x000000070bc00000|  0%| F|  |TAMS 0x000000070ba00000| PB 0x000000070ba00000| Untracked 
|  72|0x000000070bc00000, 0x000000070bc00000, 0x000000070be00000|  0%| F|  |TAMS 0x000000070bc00000| PB 0x000000070bc00000| Untracked 
|  73|0x000000070be00000, 0x000000070be00000, 0x000000070c000000|  0%| F|  |TAMS 0x000000070be00000| PB 0x000000070be00000| Untracked 
|  74|0x000000070c000000, 0x000000070c000000, 0x000000070c200000|  0%| F|  |TAMS 0x000000070c000000| PB 0x000000070c000000| Untracked 
|  75|0x000000070c200000, 0x000000070c200000, 0x000000070c400000|  0%| F|  |TAMS 0x000000070c200000| PB 0x000000070c200000| Untracked 
|  76|0x000000070c400000, 0x000000070c400000, 0x000000070c600000|  0%| F|  |TAMS 0x000000070c400000| PB 0x000000070c400000| Untracked 
|  77|0x000000070c600000, 0x000000070c600000, 0x000000070c800000|  0%| F|  |TAMS 0x000000070c600000| PB 0x000000070c600000| Untracked 
|  78|0x000000070c800000, 0x000000070c800000, 0x000000070ca00000|  0%| F|  |TAMS 0x000000070c800000| PB 0x000000070c800000| Untracked 
|  79|0x000000070ca00000, 0x000000070ca00000, 0x000000070cc00000|  0%| F|  |TAMS 0x000000070ca00000| PB 0x000000070ca00000| Untracked 
|  80|0x000000070cc00000, 0x000000070cc00000, 0x000000070ce00000|  0%| F|  |TAMS 0x000000070cc00000| PB 0x000000070cc00000| Untracked 
|  81|0x000000070ce00000, 0x000000070ce00000, 0x000000070d000000|  0%| F|  |TAMS 0x000000070ce00000| PB 0x000000070ce00000| Untracked 
|  82|0x000000070d000000, 0x000000070d000000, 0x000000070d200000|  0%| F|  |TAMS 0x000000070d000000| PB 0x000000070d000000| Untracked 
|  83|0x000000070d200000, 0x000000070d200000, 0x000000070d400000|  0%| F|  |TAMS 0x000000070d200000| PB 0x000000070d200000| Untracked 
|  84|0x000000070d400000, 0x000000070d400000, 0x000000070d600000|  0%| F|  |TAMS 0x000000070d400000| PB 0x000000070d400000| Untracked 
|  85|0x000000070d600000, 0x000000070d600000, 0x000000070d800000|  0%| F|  |TAMS 0x000000070d600000| PB 0x000000070d600000| Untracked 
|  86|0x000000070d800000, 0x000000070d800000, 0x000000070da00000|  0%| F|  |TAMS 0x000000070d800000| PB 0x000000070d800000| Untracked 
|  87|0x000000070da00000, 0x000000070da00000, 0x000000070dc00000|  0%| F|  |TAMS 0x000000070da00000| PB 0x000000070da00000| Untracked 
|  88|0x000000070dc00000, 0x000000070dc00000, 0x000000070de00000|  0%| F|  |TAMS 0x000000070dc00000| PB 0x000000070dc00000| Untracked 
|  89|0x000000070de00000, 0x000000070de00000, 0x000000070e000000|  0%| F|  |TAMS 0x000000070de00000| PB 0x000000070de00000| Untracked 
|  90|0x000000070e000000, 0x000000070e000000, 0x000000070e200000|  0%| F|  |TAMS 0x000000070e000000| PB 0x000000070e000000| Untracked 
|  91|0x000000070e200000, 0x000000070e200000, 0x000000070e400000|  0%| F|  |TAMS 0x000000070e200000| PB 0x000000070e200000| Untracked 
|  92|0x000000070e400000, 0x000000070e400000, 0x000000070e600000|  0%| F|  |TAMS 0x000000070e400000| PB 0x000000070e400000| Untracked 
|  93|0x000000070e600000, 0x000000070e600000, 0x000000070e800000|  0%| F|  |TAMS 0x000000070e600000| PB 0x000000070e600000| Untracked 
|  94|0x000000070e800000, 0x000000070e800000, 0x000000070ea00000|  0%| F|  |TAMS 0x000000070e800000| PB 0x000000070e800000| Untracked 
|  95|0x000000070ea00000, 0x000000070ea00000, 0x000000070ec00000|  0%| F|  |TAMS 0x000000070ea00000| PB 0x000000070ea00000| Untracked 
|  96|0x000000070ec00000, 0x000000070ec00000, 0x000000070ee00000|  0%| F|  |TAMS 0x000000070ec00000| PB 0x000000070ec00000| Untracked 
|  97|0x000000070ee00000, 0x000000070ee00000, 0x000000070f000000|  0%| F|  |TAMS 0x000000070ee00000| PB 0x000000070ee00000| Untracked 
|  98|0x000000070f000000, 0x000000070f000000, 0x000000070f200000|  0%| F|  |TAMS 0x000000070f000000| PB 0x000000070f000000| Untracked 
|  99|0x000000070f200000, 0x000000070f200000, 0x000000070f400000|  0%| F|  |TAMS 0x000000070f200000| PB 0x000000070f200000| Untracked 
| 100|0x000000070f400000, 0x000000070f400000, 0x000000070f600000|  0%| F|  |TAMS 0x000000070f400000| PB 0x000000070f400000| Untracked 
| 101|0x000000070f600000, 0x000000070f600000, 0x000000070f800000|  0%| F|  |TAMS 0x000000070f600000| PB 0x000000070f600000| Untracked 
| 102|0x000000070f800000, 0x000000070f800000, 0x000000070fa00000|  0%| F|  |TAMS 0x000000070f800000| PB 0x000000070f800000| Untracked 
| 103|0x000000070fa00000, 0x000000070fa00000, 0x000000070fc00000|  0%| F|  |TAMS 0x000000070fa00000| PB 0x000000070fa00000| Untracked 
| 104|0x000000070fc00000, 0x000000070fc00000, 0x000000070fe00000|  0%| F|  |TAMS 0x000000070fc00000| PB 0x000000070fc00000| Untracked 
| 105|0x000000070fe00000, 0x000000070fe00000, 0x0000000710000000|  0%| F|  |TAMS 0x000000070fe00000| PB 0x000000070fe00000| Untracked 
| 106|0x0000000710000000, 0x0000000710000000, 0x0000000710200000|  0%| F|  |TAMS 0x0000000710000000| PB 0x0000000710000000| Untracked 
| 107|0x0000000710200000, 0x0000000710200000, 0x0000000710400000|  0%| F|  |TAMS 0x0000000710200000| PB 0x0000000710200000| Untracked 
| 108|0x0000000710400000, 0x0000000710400000, 0x0000000710600000|  0%| F|  |TAMS 0x0000000710400000| PB 0x0000000710400000| Untracked 
| 109|0x0000000710600000, 0x0000000710600000, 0x0000000710800000|  0%| F|  |TAMS 0x0000000710600000| PB 0x0000000710600000| Untracked 
| 110|0x0000000710800000, 0x0000000710800000, 0x0000000710a00000|  0%| F|  |TAMS 0x0000000710800000| PB 0x0000000710800000| Untracked 
| 111|0x0000000710a00000, 0x0000000710a00000, 0x0000000710c00000|  0%| F|  |TAMS 0x0000000710a00000| PB 0x0000000710a00000| Untracked 
| 112|0x0000000710c00000, 0x0000000710c00000, 0x0000000710e00000|  0%| F|  |TAMS 0x0000000710c00000| PB 0x0000000710c00000| Untracked 
| 113|0x0000000710e00000, 0x0000000710e00000, 0x0000000711000000|  0%| F|  |TAMS 0x0000000710e00000| PB 0x0000000710e00000| Untracked 
| 114|0x0000000711000000, 0x0000000711000000, 0x0000000711200000|  0%| F|  |TAMS 0x0000000711000000| PB 0x0000000711000000| Untracked 
| 115|0x0000000711200000, 0x0000000711200000, 0x0000000711400000|  0%| F|  |TAMS 0x0000000711200000| PB 0x0000000711200000| Untracked 
| 116|0x0000000711400000, 0x0000000711400000, 0x0000000711600000|  0%| F|  |TAMS 0x0000000711400000| PB 0x0000000711400000| Untracked 
| 117|0x0000000711600000, 0x0000000711600000, 0x0000000711800000|  0%| F|  |TAMS 0x0000000711600000| PB 0x0000000711600000| Untracked 
| 118|0x0000000711800000, 0x0000000711800000, 0x0000000711a00000|  0%| F|  |TAMS 0x0000000711800000| PB 0x0000000711800000| Untracked 
| 119|0x0000000711a00000, 0x0000000711a00000, 0x0000000711c00000|  0%| F|  |TAMS 0x0000000711a00000| PB 0x0000000711a00000| Untracked 
| 120|0x0000000711c00000, 0x0000000711c00000, 0x0000000711e00000|  0%| F|  |TAMS 0x0000000711c00000| PB 0x0000000711c00000| Untracked 
| 121|0x0000000711e00000, 0x0000000711e00000, 0x0000000712000000|  0%| F|  |TAMS 0x0000000711e00000| PB 0x0000000711e00000| Untracked 
| 122|0x0000000712000000, 0x0000000712000000, 0x0000000712200000|  0%| F|  |TAMS 0x0000000712000000| PB 0x0000000712000000| Untracked 
| 123|0x0000000712200000, 0x0000000712200000, 0x0000000712400000|  0%| F|  |TAMS 0x0000000712200000| PB 0x0000000712200000| Untracked 
| 124|0x0000000712400000, 0x0000000712471258, 0x0000000712600000| 22%| E|  |TAMS 0x0000000712400000| PB 0x0000000712400000| Complete 
| 125|0x0000000712600000, 0x0000000712800000, 0x0000000712800000|100%| E|CS|TAMS 0x0000000712600000| PB 0x0000000712600000| Complete 
| 126|0x0000000712800000, 0x0000000712a00000, 0x0000000712a00000|100%| E|CS|TAMS 0x0000000712800000| PB 0x0000000712800000| Complete 

Card table byte_map: [0x000002be4cdb0000,0x000002be4d5a0000] _byte_map_base: 0x000002be4959a000

Marking Bits: (CMBitMap*) 0x000002be32d3db00
 Bits: [0x000002be4d5a0000, 0x000002be514f0000)

Polling page: 0x000002be3c8f0000

Metaspace:

Usage:
  Non-class:    814.06 KB used.
      Class:     73.02 KB used.
       Both:    887.09 KB used.

Virtual space:
  Non-class space:       64.00 MB reserved,     960.00 KB (  1%) committed,  1 nodes.
      Class space:        1.00 GB reserved,     128.00 KB ( <1%) committed,  1 nodes.
             Both:        1.06 GB reserved,       1.06 MB ( <1%) committed. 

Chunk freelists:
   Non-Class:  11.93 MB
       Class:  15.73 MB
        Both:  27.66 MB

MaxMetaspaceSize: unlimited
CompressedClassSpaceSize: 1.00 GB
Initial GC threshold: 21.00 MB
Current GC threshold: 21.00 MB
CDS: on
 - commit_granule_bytes: 65536.
 - commit_granule_words: 8192.
 - virtual_space_node_default_size: 8388608.
 - enlarge_chunks_in_place: 1.
 - use_allocation_guard: 0.


Internal statistics:

num_allocs_failed_limit: 0.
num_arena_births: 36.
num_arena_deaths: 0.
num_vsnodes_births: 2.
num_vsnodes_deaths: 0.
num_space_committed: 17.
num_space_uncommitted: 0.
num_chunks_returned_to_freelist: 0.
num_chunks_taken_from_freelist: 43.
num_chunk_merges: 0.
num_chunk_splits: 29.
num_chunks_enlarged: 17.
num_inconsistent_stats: 0.

CodeHeap 'non-profiled nmethods': size=120000Kb used=108Kb max_used=108Kb free=119891Kb
 bounds [0x000002be443e0000, 0x000002be44650000, 0x000002be4b910000]
CodeHeap 'profiled nmethods': size=120000Kb used=322Kb max_used=322Kb free=119678Kb
 bounds [0x000002be3c910000, 0x000002be3cb80000, 0x000002be43e40000]
CodeHeap 'non-nmethods': size=5760Kb used=1316Kb max_used=1320Kb free=4443Kb
 bounds [0x000002be43e40000, 0x000002be440b0000, 0x000002be443e0000]
 total_blobs=718 nmethods=289 adapters=334
 compilation: enabled
              stopped_count=0, restarted_count=0
 full_count=0

Compilation events (20 events):
Event: 0.135 Thread 0x000002be541fe830  273       3       jdk.internal.org.objectweb.asm.SymbolTable::put (150 bytes)
Event: 0.135 Thread 0x000002be541fe830 nmethod 273 0x000002be3c95b390 code [0x000002be3c95b580, 0x000002be3c95be48]
Event: 0.135 Thread 0x000002be541fe830  274       3       java.lang.StringBuilder::<init> (7 bytes)
Event: 0.135 Thread 0x000002be541fe830 nmethod 274 0x000002be3c95c110 code [0x000002be3c95c2c0, 0x000002be3c95c408]
Event: 0.135 Thread 0x000002be541fe830  275   !   3       java.lang.invoke.MemberName::clone (14 bytes)
Event: 0.136 Thread 0x000002be541fe830 nmethod 275 0x000002be3c95c490 code [0x000002be3c95c660, 0x000002be3c95c9c0]
Event: 0.136 Thread 0x000002be541fe830  278       3       java.lang.invoke.LambdaForm::internArgument (85 bytes)
Event: 0.136 Thread 0x000002be541fe830 nmethod 278 0x000002be3c95cb10 code [0x000002be3c95cce0, 0x000002be3c95d048]
Event: 0.136 Thread 0x000002be541fe830  281       3       jdk.internal.org.objectweb.asm.Frame::push (109 bytes)
Event: 0.136 Thread 0x000002be541fe830 nmethod 281 0x000002be3c95d210 code [0x000002be3c95d3e0, 0x000002be3c95d980]
Event: 0.136 Thread 0x000002be541fe830  284       3       java.util.ArrayList::grow (60 bytes)
Event: 0.136 Thread 0x000002be541fe830 nmethod 284 0x000002be3c95db90 code [0x000002be3c95dda0, 0x000002be3c95e410]
Event: 0.136 Thread 0x000002be541fe830  285       3       java.lang.invoke.MethodType$ConcurrentWeakInternSet::get (47 bytes)
Event: 0.136 Thread 0x000002be541fe830 nmethod 285 0x000002be3c95e610 code [0x000002be3c95e840, 0x000002be3c95f050]
Event: 0.136 Thread 0x000002be541fe830  286       3       java.lang.invoke.LambdaForm$BasicType::basicType (187 bytes)
Event: 0.137 Thread 0x000002be541fe830 nmethod 286 0x000002be3c95f290 code [0x000002be3c95f540, 0x000002be3c95fff0]
Event: 0.137 Thread 0x000002be541fe830  282       1       java.lang.invoke.LambdaForm$BasicType::basicTypeClass (5 bytes)
Event: 0.137 Thread 0x000002be541fe830 nmethod 282 0x000002be443faf10 code [0x000002be443fb0a0, 0x000002be443fb170]
Event: 0.137 Thread 0x000002be541fe830  283       3       jdk.internal.org.objectweb.asm.ByteVector::put12 (64 bytes)
Event: 0.137 Thread 0x000002be541fe830 nmethod 283 0x000002be3c960290 code [0x000002be3c960440, 0x000002be3c960680]

GC Heap History (0 events):
No events

Dll operation events (10 events):
Event: 0.021 Loaded shared library C:\Program Files\Java\jdk-21\bin\java.dll
Event: 0.077 Loaded shared library C:\Program Files\Java\jdk-21\bin\jsvml.dll
Event: 0.104 Loaded shared library C:\Program Files\Java\jdk-21\bin\zip.dll
Event: 0.106 Loaded shared library C:\Program Files\Java\jdk-21\bin\instrument.dll
Event: 0.109 Loaded shared library C:\Program Files\Java\jdk-21\bin\net.dll
Event: 0.110 Loaded shared library C:\Program Files\Java\jdk-21\bin\nio.dll
Event: 0.113 Loaded shared library C:\Program Files\Java\jdk-21\bin\zip.dll
Event: 0.121 Loaded shared library C:\Program Files\JetBrains\IntelliJ IDEA 2023.3.2\bin\breakgen64.dll
Event: 0.124 Loaded shared library C:\Users\MSI\IdeaProjects\RustJava\Rust\myTrainerlib\target\debug\myTrainerlib.dll
Event: 0.126 Loaded shared library C:\Program Files\Java\jdk-21\bin\extnet.dll

Deoptimization events (20 events):
Event: 0.113 Thread 0x000002be32cd9c50 Uncommon trap: trap_request=0xffffffde fr.pc=0x000002be443edf70 relative=0x00000000000009b0
Event: 0.113 Thread 0x000002be32cd9c50 Uncommon trap: reason=class_check action=maybe_recompile pc=0x000002be443edf70 method=java.util.HashMap.putVal(ILjava/lang/Object;Ljava/lang/Object;ZZ)Ljava/lang/Object; @ 152 c2
Event: 0.113 Thread 0x000002be32cd9c50 DEOPT PACKING pc=0x000002be443edf70 sp=0x000000d82a8fe220
Event: 0.113 Thread 0x000002be32cd9c50 DEOPT UNPACKING pc=0x000002be43e946a2 sp=0x000000d82a8fe1b0 mode 2
Event: 0.113 Thread 0x000002be32cd9c50 Uncommon trap: trap_request=0xffffffde fr.pc=0x000002be443edf70 relative=0x00000000000009b0
Event: 0.113 Thread 0x000002be32cd9c50 Uncommon trap: reason=class_check action=maybe_recompile pc=0x000002be443edf70 method=java.util.HashMap.putVal(ILjava/lang/Object;Ljava/lang/Object;ZZ)Ljava/lang/Object; @ 152 c2
Event: 0.113 Thread 0x000002be32cd9c50 DEOPT PACKING pc=0x000002be443edf70 sp=0x000000d82a8fe220
Event: 0.113 Thread 0x000002be32cd9c50 DEOPT UNPACKING pc=0x000002be43e946a2 sp=0x000000d82a8fe1b0 mode 2
Event: 0.113 Thread 0x000002be32cd9c50 Uncommon trap: trap_request=0xffffffde fr.pc=0x000002be443edf70 relative=0x00000000000009b0
Event: 0.113 Thread 0x000002be32cd9c50 Uncommon trap: reason=class_check action=maybe_recompile pc=0x000002be443edf70 method=java.util.HashMap.putVal(ILjava/lang/Object;Ljava/lang/Object;ZZ)Ljava/lang/Object; @ 152 c2
Event: 0.113 Thread 0x000002be32cd9c50 DEOPT PACKING pc=0x000002be443edf70 sp=0x000000d82a8fe220
Event: 0.113 Thread 0x000002be32cd9c50 DEOPT UNPACKING pc=0x000002be43e946a2 sp=0x000000d82a8fe1b0 mode 2
Event: 0.113 Thread 0x000002be32cd9c50 Uncommon trap: trap_request=0xffffffde fr.pc=0x000002be443edf70 relative=0x00000000000009b0
Event: 0.113 Thread 0x000002be32cd9c50 Uncommon trap: reason=class_check action=maybe_recompile pc=0x000002be443edf70 method=java.util.HashMap.putVal(ILjava/lang/Object;Ljava/lang/Object;ZZ)Ljava/lang/Object; @ 152 c2
Event: 0.113 Thread 0x000002be32cd9c50 DEOPT PACKING pc=0x000002be443edf70 sp=0x000000d82a8fe220
Event: 0.113 Thread 0x000002be32cd9c50 DEOPT UNPACKING pc=0x000002be43e946a2 sp=0x000000d82a8fe1b0 mode 2
Event: 0.122 Thread 0x000002be32cd9c50 Uncommon trap: trap_request=0xffffff45 fr.pc=0x000002be443f0fec relative=0x00000000000000cc
Event: 0.122 Thread 0x000002be32cd9c50 Uncommon trap: reason=unstable_if action=reinterpret pc=0x000002be443f0fec method=java.lang.String.isLatin1()Z @ 10 c2
Event: 0.122 Thread 0x000002be32cd9c50 DEOPT PACKING pc=0x000002be443f0fec sp=0x000000d82a8fec90
Event: 0.122 Thread 0x000002be32cd9c50 DEOPT UNPACKING pc=0x000002be43e946a2 sp=0x000000d82a8febd0 mode 2

Classes loaded (20 events):
Event: 0.129 Loading class sun/net/NetHooks
Event: 0.130 Loading class sun/net/NetHooks done
Event: 0.130 Loading class sun/nio/ch/NativeThread
Event: 0.130 Loading class sun/nio/ch/NativeThread done
Event: 0.130 Loading class java/net/Socket$SocketInputStream
Event: 0.130 Loading class java/net/Socket$SocketInputStream done
Event: 0.130 Loading class sun/nio/ch/NioSocketImpl$1
Event: 0.130 Loading class sun/nio/ch/NioSocketImpl$1 done
Event: 0.130 Loading class sun/nio/cs/US_ASCII$Decoder
Event: 0.130 Loading class sun/nio/cs/US_ASCII$Decoder done
Event: 0.131 Loading class sun/nio/ch/Util
Event: 0.131 Loading class sun/nio/ch/Util done
Event: 0.131 Loading class sun/nio/ch/Util$1
Event: 0.131 Loading class sun/nio/ch/Util$1 done
Event: 0.131 Loading class sun/nio/ch/Util$BufferCache
Event: 0.131 Loading class sun/nio/ch/Util$BufferCache done
Event: 0.131 Loading class java/nio/DirectByteBuffer$Deallocator
Event: 0.131 Loading class java/nio/DirectByteBuffer$Deallocator done
Event: 0.132 Loading class java/lang/Math$RandomNumberGeneratorHolder
Event: 0.132 Loading class java/lang/Math$RandomNumberGeneratorHolder done

Classes unloaded (0 events):
No events

Classes redefined (0 events):
No events

Internal exceptions (3 events):
Event: 0.116 Thread 0x000002be32cd9c50 Exception <a 'java/lang/NoSuchMethodError'{0x0000000712707dc8}: 'void java.lang.invoke.DirectMethodHandle$Holder.invokeStatic(java.lang.Object, java.lang.Object, java.lang.Object)'> (0x0000000712707dc8) 
thrown [s\open\src\hotspot\share\interpreter\linkResolver.cpp, line 773]
Event: 0.118 Thread 0x000002be32cd9c50 Exception <a 'java/lang/NoSuchMethodError'{0x000000071271f2d0}: 'java.lang.Object java.lang.invoke.Invokers$Holder.invokeExact_MT(java.lang.Object, java.lang.Object, java.lang.Object, java.lang.Object, java.lang.Object)'> (0x000000071271f2d0) 
thrown [s\open\src\hotspot\share\interpreter\linkResolver.cpp, line 773]
Event: 0.127 Thread 0x000002be54466d50 Exception <a 'java/lang/NoSuchMethodError'{0x000000071275a8f8}: 'void java.lang.invoke.DirectMethodHandle$Holder.invokeStatic(java.lang.Object, java.lang.Object)'> (0x000000071275a8f8) 
thrown [s\open\src\hotspot\share\interpreter\linkResolver.cpp, line 773]

ZGC Phase Switch (0 events):
No events

VM Operations (2 events):
Event: 0.096 Executing VM operation: HandshakeAllThreads (Deoptimize)
Event: 0.096 Executing VM operation: HandshakeAllThreads (Deoptimize) done

Events (12 events):
Event: 0.064 Thread 0x000002be32cd9c50 Thread added: 0x000002be32cd9c50
Event: 0.076 Thread 0x000002be541c4790 Thread added: 0x000002be541c4790
Event: 0.076 Thread 0x000002be541c54b0 Thread added: 0x000002be541c54b0
Event: 0.076 Thread 0x000002be541c8090 Thread added: 0x000002be541c8090
Event: 0.076 Thread 0x000002be541c8af0 Thread added: 0x000002be541c8af0
Event: 0.076 Thread 0x000002be541d17e0 Thread added: 0x000002be541d17e0
Event: 0.076 Thread 0x000002be541f2250 Thread added: 0x000002be541f2250
Event: 0.076 Thread 0x000002be541fdd40 Thread added: 0x000002be541fdd40
Event: 0.076 Thread 0x000002be541fe830 Thread added: 0x000002be541fe830
Event: 0.092 Thread 0x000002be543e42e0 Thread added: 0x000002be543e42e0
Event: 0.121 Thread 0x000002be54466d50 Thread added: 0x000002be54466d50
Event: 0.121 Thread 0x000002be545414a0 Thread added: 0x000002be545414a0


Dynamic libraries:
0x00007ff7044f0000 - 0x00007ff704500000 	C:\Program Files\Java\jdk-21\bin\java.exe
0x00007ffd81dd0000 - 0x00007ffd81fc8000 	C:\Windows\SYSTEM32\ntdll.dll
0x00007ffd810f0000 - 0x00007ffd811ad000 	C:\Windows\System32\KERNEL32.DLL
0x00007ffd7f6d0000 - 0x00007ffd7f9c6000 	C:\Windows\System32\KERNELBASE.dll
0x00007ffd7f4b0000 - 0x00007ffd7f5b0000 	C:\Windows\System32\ucrtbase.dll
0x00007ffd7b0e0000 - 0x00007ffd7b0f9000 	C:\Program Files\Java\jdk-21\bin\jli.dll
0x00007ffd7afc0000 - 0x00007ffd7afdb000 	C:\Program Files\Java\jdk-21\bin\VCRUNTIME140.dll
0x00007ffd812e0000 - 0x00007ffd8138e000 	C:\Windows\System32\ADVAPI32.dll
0x00007ffd804d0000 - 0x00007ffd8056e000 	C:\Windows\System32\msvcrt.dll
0x00007ffd815a0000 - 0x00007ffd8163c000 	C:\Windows\System32\sechost.dll
0x00007ffd813c0000 - 0x00007ffd814e6000 	C:\Windows\System32\RPCRT4.dll
0x00007ffd80260000 - 0x00007ffd803fe000 	C:\Windows\System32\USER32.dll
0x00007ffd7fd70000 - 0x00007ffd7fd92000 	C:\Windows\System32\win32u.dll
0x00007ffd62c90000 - 0x00007ffd62f2a000 	C:\Windows\WinSxS\amd64_microsoft.windows.common-controls_6595b64144ccf1df_6.0.19041.1110_none_60b5254171f9507e\COMCTL32.dll
0x00007ffd81570000 - 0x00007ffd8159c000 	C:\Windows\System32\GDI32.dll
0x00007ffd7fc00000 - 0x00007ffd7fd1a000 	C:\Windows\System32\gdi32full.dll
0x00007ffd7fb60000 - 0x00007ffd7fbfd000 	C:\Windows\System32\msvcp_win.dll
0x00007ffd789c0000 - 0x00007ffd789ca000 	C:\Windows\SYSTEM32\VERSION.dll
0x00007ffd81390000 - 0x00007ffd813c0000 	C:\Windows\System32\IMM32.DLL
0x00007ffd7afa0000 - 0x00007ffd7afac000 	C:\Program Files\Java\jdk-21\bin\vcruntime140_1.dll
0x00007ffd5cff0000 - 0x00007ffd5d07e000 	C:\Program Files\Java\jdk-21\bin\msvcp140.dll
0x00007ffd018f0000 - 0x00007ffd02603000 	C:\Program Files\Java\jdk-21\bin\server\jvm.dll
0x00007ffd805d0000 - 0x00007ffd8063b000 	C:\Windows\System32\WS2_32.dll
0x00007ffd7f310000 - 0x00007ffd7f35b000 	C:\Windows\SYSTEM32\POWRPROF.dll
0x00007ffd64080000 - 0x00007ffd640a7000 	C:\Windows\SYSTEM32\WINMM.dll
0x00007ffd7f2f0000 - 0x00007ffd7f302000 	C:\Windows\SYSTEM32\UMPDC.dll
0x00007ffd7d340000 - 0x00007ffd7d352000 	C:\Windows\SYSTEM32\kernel.appcore.dll
0x00007ffd79e30000 - 0x00007ffd79e3a000 	C:\Program Files\Java\jdk-21\bin\jimage.dll
0x00007ffd6a970000 - 0x00007ffd6ab54000 	C:\Windows\SYSTEM32\DBGHELP.DLL
0x00007ffd66a40000 - 0x00007ffd66a74000 	C:\Windows\SYSTEM32\dbgcore.DLL
0x00007ffd7fda0000 - 0x00007ffd7fe22000 	C:\Windows\System32\bcryptPrimitives.dll
0x00007ffd79540000 - 0x00007ffd7954f000 	C:\Program Files\Java\jdk-21\bin\instrument.dll
0x00007ffd77f00000 - 0x00007ffd77f1f000 	C:\Program Files\Java\jdk-21\bin\java.dll
0x00007ffd81640000 - 0x00007ffd81d85000 	C:\Windows\System32\SHELL32.dll
0x00007ffd7d540000 - 0x00007ffd7dcdb000 	C:\Windows\SYSTEM32\windows.storage.dll
0x00007ffd7fef0000 - 0x00007ffd80244000 	C:\Windows\System32\combase.dll
0x00007ffd7ee20000 - 0x00007ffd7ee4e000 	C:\Windows\SYSTEM32\Wldp.dll
0x00007ffd7fe40000 - 0x00007ffd7feed000 	C:\Windows\System32\SHCORE.dll
0x00007ffd80570000 - 0x00007ffd805c5000 	C:\Windows\System32\shlwapi.dll
0x00007ffd7f3e0000 - 0x00007ffd7f405000 	C:\Windows\SYSTEM32\profapi.dll
0x00007ffd53ed0000 - 0x00007ffd53fa7000 	C:\Program Files\Java\jdk-21\bin\jsvml.dll
0x00007ffd5e720000 - 0x00007ffd5e738000 	C:\Program Files\Java\jdk-21\bin\zip.dll
0x00007ffd77e70000 - 0x00007ffd77e80000 	C:\Program Files\Java\jdk-21\bin\net.dll
0x00007ffd79240000 - 0x00007ffd7934a000 	C:\Windows\SYSTEM32\WINHTTP.dll
0x00007ffd7eb80000 - 0x00007ffd7ebea000 	C:\Windows\system32\mswsock.dll
0x00007ffd74400000 - 0x00007ffd74416000 	C:\Program Files\Java\jdk-21\bin\nio.dll
0x00007ffd5e6d0000 - 0x00007ffd5e6ea000 	C:\Program Files\JetBrains\IntelliJ IDEA 2023.3.2\bin\breakgen64.dll
0x00007ffd5cf40000 - 0x00007ffd5cf7c000 	C:\Users\MSI\IdeaProjects\RustJava\Rust\myTrainerlib\target\debug\myTrainerlib.dll
0x00007ffd77e60000 - 0x00007ffd77e67000 	C:\Program Files\Java\jdk-21\bin\extnet.dll

dbghelp: loaded successfully - version: 4.0.5 - missing functions: none
symbol engine: initialized successfully - sym options: 0x614 - pdb path: .;C:\Program Files\Java\jdk-21\bin;C:\Windows\SYSTEM32;C:\Windows\WinSxS\amd64_microsoft.windows.common-controls_6595b64144ccf1df_6.0.19041.1110_none_60b5254171f9507e;C:\Program Files\Java\jdk-21\bin\server;C:\Program Files\JetBrains\IntelliJ IDEA 2023.3.2\bin;C:\Users\MSI\IdeaProjects\RustJava\Rust\myTrainerlib\target\debug

VM Arguments:
jvm_args: -javaagent:C:\Program Files\JetBrains\IntelliJ IDEA 2023.3.2\lib\idea_rt.jar=51191:C:\Program Files\JetBrains\IntelliJ IDEA 2023.3.2\bin -Dfile.encoding=UTF-8 -Dsun.stdout.encoding=UTF-8 -Dsun.stderr.encoding=UTF-8 
java_command: Main
java_class_path (initial): C:\Users\MSI\IdeaProjects\RustJava\out\production\RustJava;C:\Users\MSI\Downloads\jna-jpms-5.14.0.jar
Launcher Type: SUN_STANDARD

[Global flags]
     intx CICompilerCount                          = 4                                         {product} {ergonomic}
     uint ConcGCThreads                            = 3                                         {product} {ergonomic}
     uint G1ConcRefinementThreads                  = 10                                        {product} {ergonomic}
   size_t G1HeapRegionSize                         = 2097152                                   {product} {ergonomic}
    uintx GCDrainStackTargetSize                   = 64                                        {product} {ergonomic}
   size_t InitialHeapSize                          = 266338304                                 {product} {ergonomic}
   size_t MarkStackSize                            = 4194304                                   {product} {ergonomic}
   size_t MaxHeapSize                              = 4248829952                                {product} {ergonomic}
   size_t MaxNewSize                               = 2548039680                                {product} {ergonomic}
   size_t MinHeapDeltaBytes                        = 2097152                                   {product} {ergonomic}
   size_t MinHeapSize                              = 8388608                                   {product} {ergonomic}
    uintx NonNMethodCodeHeapSize                   = 5839372                                {pd product} {ergonomic}
    uintx NonProfiledCodeHeapSize                  = 122909434                              {pd product} {ergonomic}
    uintx ProfiledCodeHeapSize                     = 122909434                              {pd product} {ergonomic}
    uintx ReservedCodeCacheSize                    = 251658240                              {pd product} {ergonomic}
     bool SegmentedCodeCache                       = true                                      {product} {ergonomic}
   size_t SoftMaxHeapSize                          = 4248829952                             {manageable} {ergonomic}
     bool UseCompressedOops                        = true                           {product lp64_product} {ergonomic}
     bool UseG1GC                                  = true                                      {product} {ergonomic}
     bool UseLargePagesIndividualAllocation        = false                                  {pd product} {ergonomic}

Logging:
Log output configuration:
 #0: stdout all=warning uptime,level,tags foldmultilines=false
 #1: stderr all=off uptime,level,tags foldmultilines=false

Environment Variables:
PATH=C:\Program Files (x86)\VMware\VMware Player\bin\;C:\Program Files\Common Files\Oracle\Java\javapath;C:\Windows\system32;C:\Windows;C:\Windows\System32\Wbem;C:\Windows\System32\WindowsPowerShell\v1.0\;C:\Windows\System32\OpenSSH\;C:\Program Files\Git\cmd;C:\Users\MSI\AppData\Roaming\nvm;C:\Program Files\nodejs;C:\Program Files\Java\jdk-21\bin;C:\Users\MSI\AppData\Local\Programs\Python\Python312\Scripts\;C:\Users\MSI\AppData\Local\Programs\Python\Python312\;C:\Users\MSI\AppData\Local\Programs\Python\Launcher\;C:\Users\MSI\.cargo\bin;C:\Users\MSI\AppData\Local\Microsoft\WindowsApps;C:\Users\MSI\AppData\Local\GitHubDesktop\bin;C:\Program Files\JetBrains\IntelliJ IDEA Educational Edition 2022.2.2\bin;;C:\Program Files\JetBrains\PyCharm Community Edition 2022.1.2\bin;;C:\Users\MSI\AppData\Local\Programs\Microsoft VS Code\bin;C:\Users\MSI\AppData\Roaming\npm;C:\Users\MSI\AppData\Roaming\nvm;C:\Program Files\nodejs;C:\Program Files\JetBrains\CLion 2023.3.2\bin;;C:\Program Files\JetBrains\IntelliJ IDEA 2023.3.2\bin;;C:\Program Files\Neovim\bin
USERNAME=MSI
OS=Windows_NT
PROCESSOR_IDENTIFIER=Intel64 Family 6 Model 165 Stepping 2, GenuineIntel
TMP=C:\Users\MSI\AppData\Local\Temp
TEMP=C:\Users\MSI\AppData\Local\Temp




---------------  S Y S T E M  ---------------

OS:
 Windows 10 , 64 bit Build 19041 (10.0.19041.3393)
OS uptime: 15 days 4:52 hours

CPU: total 12 (initial active 12) (6 cores per cpu, 2 threads per core) family 6 model 165 stepping 2 microcode 0xe2, cx8, cmov, fxsr, ht, mmx, 3dnowpref, sse, sse2, sse3, ssse3, sse4.1, sse4.2, popcnt, lzcnt, tsc, tscinvbit, avx, avx2, aes, erms, clmul, bmi1, bmi2, adx, fma, vzeroupper, clflush, clflushopt, rdtscp, f16c, pku
Processor Information for all 12 processors :
  Max Mhz: 2496, Current Mhz: 2496, Mhz Limit: 2496

Memory: 4k page, system-wide physical 16205M (7891M free)
TotalPageFile size 18637M (AvailPageFile size 5284M)
current process WorkingSet (physical memory assigned to process): 40M, peak: 40M
current process commit charge ("private bytes"): 344M, peak: 344M

vm_info: Java HotSpot(TM) 64-Bit Server VM (21+35-LTS-2513) for windows-amd64 JRE (21+35-LTS-2513), built on 2023-08-09T20:25:10Z by "mach5one" with MS VC++ 17.1 (VS2022)

END.
