#
# A fatal error has been detected by the Java Runtime Environment:
#
#  EXCEPTION_ACCESS_VIOLATION (0xc0000005) at pc=0x00007ffc1006cd7a, pid=11772, tid=6188
#
# JRE version: Java(TM) SE Runtime Environment (21.0+35) (build 21+35-LTS-2513)
# Java VM: Java HotSpot(TM) 64-Bit Server VM (21+35-LTS-2513, mixed mode, sharing, tiered, compressed oops, compressed class ptrs, g1 gc, windows-amd64)
# Problematic frame:
# V  [jvm.dll+0x3dcd7a]
#
# No core dump will be written. Minidumps are not enabled by default on client versions of Windows
#
# If you would like to submit a bug report, please visit:
#   https://bugreport.java.com/bugreport/crash.jsp
#

---------------  S U M M A R Y ------------

Command Line: -javaagent:C:\Program Files\JetBrains\IntelliJ IDEA 2023.3.2\lib\idea_rt.jar=63497:C:\Program Files\JetBrains\IntelliJ IDEA 2023.3.2\bin -Dfile.encoding=UTF-8 -Dsun.stdout.encoding=UTF-8 -Dsun.stderr.encoding=UTF-8 Main

Host: Intel(R) Core(TM) i5-10500H CPU @ 2.50GHz, 12 cores, 15G,  Windows 10 , 64 bit Build 19041 (10.0.19041.3393)
Time: Mon Jan 15 17:32:35 2024 W. Central Africa Standard Time elapsed time: 0.203033 seconds (0d 0h 0m 0s)

---------------  T H R E A D  ---------------

Current thread (0x000001c3907fee50):  JavaThread "main"             [_thread_in_Java, id=6188, stack(0x000000b093f00000,0x000000b094000000) (1024K)]

Stack: [0x000000b093f00000,0x000000b094000000],  sp=0x000000b093fee020,  free space=952k
Native frames: (J=compiled Java code, j=interpreted, Vv=VM code, C=native code)
V  [jvm.dll+0x3dcd7a]
V  [jvm.dll+0x6c8c52]
V  [jvm.dll+0x3dc95e]
V  [jvm.dll+0x44fbd1]
V  [jvm.dll+0x446753]
C  [myTrainerlib.dll+0x4939]


siginfo: EXCEPTION_ACCESS_VIOLATION (0xc0000005), reading address 0x000001c300000000


Registers:
RAX=0x000000b093fee258, RBX=0x000001c3907fee50, RCX=0x0000000000000000, RDX=0x000001c300000000
RSP=0x000000b093fee020, RBP=0x000000b093fee120, RSI=0x000000b093fee250, RDI=0x0000000000000001
R8 =0x000001c3907e06b0, R9 =0x0000000000000187, R10=0x0000000000000000, R11=0x000000b093fee018
R12=0x000000b093fee240, R13=0x000000000000000a, R14=0x0000000000000001, R15=0x000000b093fee350
RIP=0x00007ffc1006cd7a, EFLAGS=0x0000000000010293


Register to memory mapping:

RAX=0x000000b093fee258 is pointing into the stack for thread: 0x000001c3907fee50
RBX=0x000001c3907fee50 is a thread
RCX=0x0 is null
RDX=0x000001c300000000 is an unknown value
RSP=0x000000b093fee020 is pointing into the stack for thread: 0x000001c3907fee50
RBP=0x000000b093fee120 is pointing into the stack for thread: 0x000001c3907fee50
RSI=0x000000b093fee250 is pointing into the stack for thread: 0x000001c3907fee50
RDI=0x0000000000000001 is an unknown value
R8 =0x000001c3907e06b0 points into unknown readable memory: 0x0000000000000002 | 02 00 00 00 00 00 00 00
R9 =0x0000000000000187 is an unknown value
R10=0x0 is null
R11=0x000000b093fee018 is pointing into the stack for thread: 0x000001c3907fee50
R12=0x000000b093fee240 is pointing into the stack for thread: 0x000001c3907fee50
R13=0x000000000000000a is an unknown value
R14=0x0000000000000001 is an unknown value
R15=0x000000b093fee350 is pointing into the stack for thread: 0x000001c3907fee50

Top of Stack: (sp=0x000000b093fee020)
0x000000b093fee020:   000001c3907fee50 000000b093fee250
0x000000b093fee030:   000001c3b1eddbd0 0000000000000001
0x000000b093fee040:   000000b093fee258 0000000000000000
0x000000b093fee050:   000001c3b1eddbd0 000000b093fff440
0x000000b093fee060:   000001c3907fee50 000001c390810e00
0x000000b093fee070:   000001c3b20bce60 00000007127345b0
0x000000b093fee080:   000000b093fff480 000001c3a22fcddc
0x000000b093fee090:   000000b093fff500 000000b093fee350
0x000000b093fee0a0:   000000b093fee248 0000000000000000
0x000000b093fee0b0:   000000b093fff440 000000b093fff450
0x000000b093fee0c0:   0000000000000001 0000000000000001
0x000000b093fee0d0:   0000000000000001 0000000000000001
0x000000b093fee0e0:   0000000000000001 000000b093fee258
0x000000b093fee0f0:   0000000000000000 000000b093fee258
0x000000b093fee100:   000001c3907fee50 000001c3907e06b0
0x000000b093fee110:   000001c3907ff4c0 000001c3907ff4d8
0x000000b093fee120:   000001c3907ff5a8 00000000000000d8
0x000000b093fee130:   000000b093fff870 000000b093fee260
0x000000b093fee140:   000000b093fee380 000001c392953520
0x000000b093fee150:   000000b093fee350 000001c392953530
0x000000b093fee160:   000001c3907e0130 000001c3907fee50
0x000000b093fee170:   000000b093fee2c1 00007ffc10358c52
0x000000b093fee180:   00007ffc1006c970 0000000000000008
0x000000b093fee190:   0000000000000000 000001c3a22fba00
0x000000b093fee1a0:   000001c392953908 00007ffc1006c95e
0x000000b093fee1b0:   0000000000000008 000001c3b1eddbd0
0x000000b093fee1c0:   000001c3b1eddbd0 0000000000000000
0x000000b093fee1d0:   000001c3907fee50 000000b093fff440
0x000000b093fee1e0:   000001c3907fee50 00007ffc100dfbd1
0x000000b093fee1f0:   0000000000000000 000001c392953908
0x000000b093fee200:   000000b093fee2c1 000001c3907fee50
0x000000b093fee210:   0000000000000000 0000000000000001 

Instructions: (pc=0x00007ffc1006cd7a)
0x00007ffc1006cc7a:   5c 24 40 48 8b 83 28 04 00 00 48 89 44 24 48 48
0x00007ffc1006cc8a:   8b 83 98 03 00 00 48 3b c8 74 05 4c 89 54 24 60
0x00007ffc1006cc9a:   48 8b 83 a8 03 00 00 48 89 44 24 70 48 8b 83 a0
0x00007ffc1006ccaa:   03 00 00 48 89 44 24 68 48 8b 83 98 03 00 00 48
0x00007ffc1006ccba:   89 44 24 60 4c 89 93 98 03 00 00 4c 89 93 a8 03
0x00007ffc1006ccca:   00 00 4c 89 93 a0 03 00 00 48 8b 44 24 40 48 89
0x00007ffc1006ccda:   b8 28 04 00 00 48 83 7b 08 00 0f 85 29 01 00 00
0x00007ffc1006ccea:   48 8b d3 48 8d 4d e0 e8 4a 1b fc ff 45 33 f6 44
0x00007ffc1006ccfa:   39 76 68 0f 8e 96 00 00 00 33 ff 66 66 66 0f 1f
0x00007ffc1006cd0a:   84 00 00 00 00 00 48 8b 46 60 0f b6 0c 38 85 c9
0x00007ffc1006cd1a:   74 6d 48 8b 46 58 48 8b 14 f8 83 e9 02 74 48 83
0x00007ffc1006cd2a:   f9 01 0f 85 78 02 00 00 33 c9 48 85 d2 74 44 48
0x00007ffc1006cd3a:   8b ca 83 e1 03 48 83 f9 01 75 13 48 8d 4a ff ff
0x00007ffc1006cd4a:   15 51 ac 7d 00 48 8b c8 48 8b 46 58 eb 25 48 83
0x00007ffc1006cd5a:   f9 02 75 1c 48 8d 4a fe ff 15 b8 22 7d 00 48 8b
0x00007ffc1006cd6a:   c8 48 8b 46 58 eb 0c 48 85 d2 75 04 33 c9 eb 03
0x00007ffc1006cd7a:   48 8b 0a 48 89 0c f8 48 8b 46 60 c6 04 07 01 41
0x00007ffc1006cd8a:   ff c6 48 ff c7 44 3b 76 68 0f 8c 77 ff ff ff 48
0x00007ffc1006cd9a:   8b 46 78 48 8b 7e 58 48 85 c0 74 26 48 8b 10 33
0x00007ffc1006cdaa:   c9 e8 40 82 13 00 48 85 c0 74 17 48 89 83 98 04
0x00007ffc1006cdba:   00 00 49 8b 04 24 48 8b 48 20 48 8b 41 08 48 89
0x00007ffc1006cdca:   45 78 8b 46 68 49 8d 57 08 4d 8b 0c 24 48 8d 4c
0x00007ffc1006cdda:   24 40 48 89 5c 24 38 45 8b c5 89 44 24 30 48 8b
0x00007ffc1006cdea:   45 78 48 89 7c 24 28 48 89 44 24 20 ff 15 54 1b
0x00007ffc1006cdfa:   86 00 48 83 7b 08 00 0f 84 bc 00 00 00 48 8d 4d
0x00007ffc1006ce0a:   e0 e8 d0 18 fc ff 45 33 d2 48 8b 4c 24 40 48 8b
0x00007ffc1006ce1a:   44 24 48 4c 8b 89 28 04 00 00 48 89 81 28 04 00
0x00007ffc1006ce2a:   00 48 8b 44 24 40 4c 89 90 98 03 00 00 48 8b 44
0x00007ffc1006ce3a:   24 40 c7 80 4c 04 00 00 06 00 00 00 48 8b 54 24
0x00007ffc1006ce4a:   60 4c 8b 44 24 40 49 8b 80 98 03 00 00 48 3b c2
0x00007ffc1006ce5a:   74 07 4d 89 90 98 03 00 00 48 8b 44 24 70 49 8b
0x00007ffc1006ce6a:   c9 49 89 80 a8 03 00 00 48 8b 44 24 68 49 89 80 


Stack slot to memory mapping:

stack at sp + 0 slots: 0x000001c3907fee50 is a thread
stack at sp + 1 slots: 0x000000b093fee250 is pointing into the stack for thread: 0x000001c3907fee50
stack at sp + 2 slots: 0x000001c3b1eddbd0 points into unknown readable memory: 0x000001c300000000 | 00 00 00 00 c3 01 00 00
stack at sp + 3 slots: 0x0000000000000001 is an unknown value
stack at sp + 4 slots: 0x000000b093fee258 is pointing into the stack for thread: 0x000001c3907fee50
stack at sp + 5 slots: 0x0 is null
stack at sp + 6 slots: 0x000001c3b1eddbd0 points into unknown readable memory: 0x000001c300000000 | 00 00 00 00 c3 01 00 00
stack at sp + 7 slots: 0x000000b093fff440 is pointing into the stack for thread: 0x000001c3907fee50


---------------  P R O C E S S  ---------------

Threads class SMR info:
_java_thread_list=0x000001c3f7206e60, length=12, elements={
0x000001c3907fee50, 0x000001c3b1ea6d50, 0x000001c3b1ea7c70, 0x000001c3b1eab0e0,
0x000001c3b1eadb50, 0x000001c3b1eae5b0, 0x000001c3b1eb7020, 0x000001c3b1ebb840,
0x000001c3b1ec9970, 0x000001c3f70ff620, 0x000001c3f70fef90, 0x000001c3f70fe900
}

Java Threads: ( => current thread )
=>0x000001c3907fee50 JavaThread "main"                              [_thread_in_Java, id=6188, stack(0x000000b093f00000,0x000000b094000000) (1024K)]
  0x000001c3b1ea6d50 JavaThread "Reference Handler"          daemon [_thread_blocked, id=15740, stack(0x000000b094700000,0x000000b094800000) (1024K)]
  0x000001c3b1ea7c70 JavaThread "Finalizer"                  daemon [_thread_blocked, id=1228, stack(0x000000b094800000,0x000000b094900000) (1024K)]
  0x000001c3b1eab0e0 JavaThread "Signal Dispatcher"          daemon [_thread_blocked, id=4808, stack(0x000000b094900000,0x000000b094a00000) (1024K)]
  0x000001c3b1eadb50 JavaThread "Attach Listener"            daemon [_thread_blocked, id=11396, stack(0x000000b094a00000,0x000000b094b00000) (1024K)]
  0x000001c3b1eae5b0 JavaThread "Service Thread"             daemon [_thread_blocked, id=17164, stack(0x000000b094b00000,0x000000b094c00000) (1024K)]
  0x000001c3b1eb7020 JavaThread "Monitor Deflation Thread"   daemon [_thread_blocked, id=14680, stack(0x000000b094c00000,0x000000b094d00000) (1024K)]
  0x000001c3b1ebb840 JavaThread "C2 CompilerThread0"         daemon [_thread_blocked, id=15356, stack(0x000000b094d00000,0x000000b094e00000) (1024K)]
  0x000001c3b1ec9970 JavaThread "C1 CompilerThread0"         daemon [_thread_blocked, id=6404, stack(0x000000b094e00000,0x000000b094f00000) (1024K)]
  0x000001c3f70ff620 JavaThread "Common-Cleaner"             daemon [_thread_blocked, id=8772, stack(0x000000b094f00000,0x000000b095000000) (1024K)]
  0x000001c3f70fef90 JavaThread "Monitor Ctrl-Break"         daemon [_thread_in_native, id=13032, stack(0x000000b095000000,0x000000b095100000) (1024K)]
  0x000001c3f70fe900 JavaThread "Notification Thread"        daemon [_thread_blocked, id=14936, stack(0x000000b095100000,0x000000b095200000) (1024K)]
Total: 12

Other Threads:
  0x000001c3b1e86590 VMThread "VM Thread"                           [id=16520, stack(0x000000b094600000,0x000000b094700000) (1024K)]
  0x000001c3b1e6f170 WatcherThread "VM Periodic Task Thread"        [id=2392, stack(0x000000b094500000,0x000000b094600000) (1024K)]
  0x000001c3929ba130 WorkerThread "GC Thread#0"                     [id=12976, stack(0x000000b094000000,0x000000b094100000) (1024K)]
  0x000001c3929cc010 ConcurrentGCThread "G1 Main Marker"            [id=9872, stack(0x000000b094100000,0x000000b094200000) (1024K)]
  0x000001c3929cd2b0 WorkerThread "G1 Conc#0"                       [id=8696, stack(0x000000b094200000,0x000000b094300000) (1024K)]
  0x000001c3b1d42400 ConcurrentGCThread "G1 Refine#0"               [id=3056, stack(0x000000b094300000,0x000000b094400000) (1024K)]
  0x000001c3b1d42f70 ConcurrentGCThread "G1 Service"                [id=9280, stack(0x000000b094400000,0x000000b094500000) (1024K)]
Total: 7

Threads with active compile tasks:
Total: 0

VM state: not at safepoint (normal execution)

VM Mutex/Monitor currently owned by a thread: None

Heap address: 0x0000000702c00000, size: 4052 MB, Compressed Oops mode: Zero based, Oop shift amount: 3

CDS archive(s) mapped at: [0x000001c3b2000000-0x000001c3b2c90000-0x000001c3b2c90000), size 13172736, SharedBaseAddress: 0x000001c3b2000000, ArchiveRelocationMode: 1.
Compressed class space mapped at: 0x000001c3b3000000-0x000001c3f3000000, reserved size: 1073741824
Narrow klass base: 0x000001c3b2000000, Narrow klass shift: 0, Narrow klass range: 0x100000000

GC Precious Log:
 CardTable entry size: 512
 Card Set container configuration: InlinePtr #cards 4 size 8 Array Of Cards #cards 16 size 48 Howl #buckets 8 coarsen threshold 3686 Howl Bitmap #cards 512 size 80 coarsen threshold 460 Card regions per heap region 1 cards per card region 4096
 CPUs: 12 total, 12 available
 Memory: 16205M
 Large Page Support: Disabled
 NUMA Support: Disabled
 Compressed Oops: Enabled (Zero based)
 Heap Region Size: 2M
 Heap Min Capacity: 8M
 Heap Initial Capacity: 254M
 Heap Max Capacity: 4052M
 Pre-touch: Disabled
 Parallel Workers: 10
 Concurrent Workers: 3
 Concurrent Refinement Workers: 10
 Periodic GC: Disabled

Heap:
 garbage-first heap   total 260096K, used 2048K [0x0000000702c00000, 0x0000000800000000)
  region size 2048K, 2 young (4096K), 0 survivors (0K)
 Metaspace       used 788K, committed 896K, reserved 1114112K
  class space    used 65K, committed 128K, reserved 1048576K

Heap Regions: E=young(eden), S=young(survivor), O=old, HS=humongous(starts), HC=humongous(continues), CS=collection set, F=free, TAMS=top-at-mark-start, PB=parsable bottom
|   0|0x0000000702c00000, 0x0000000702c00000, 0x0000000702e00000|  0%| F|  |TAMS 0x0000000702c00000| PB 0x0000000702c00000| Untracked 
|   1|0x0000000702e00000, 0x0000000702e00000, 0x0000000703000000|  0%| F|  |TAMS 0x0000000702e00000| PB 0x0000000702e00000| Untracked 
|   2|0x0000000703000000, 0x0000000703000000, 0x0000000703200000|  0%| F|  |TAMS 0x0000000703000000| PB 0x0000000703000000| Untracked 
|   3|0x0000000703200000, 0x0000000703200000, 0x0000000703400000|  0%| F|  |TAMS 0x0000000703200000| PB 0x0000000703200000| Untracked 
|   4|0x0000000703400000, 0x0000000703400000, 0x0000000703600000|  0%| F|  |TAMS 0x0000000703400000| PB 0x0000000703400000| Untracked 
|   5|0x0000000703600000, 0x0000000703600000, 0x0000000703800000|  0%| F|  |TAMS 0x0000000703600000| PB 0x0000000703600000| Untracked 
|   6|0x0000000703800000, 0x0000000703800000, 0x0000000703a00000|  0%| F|  |TAMS 0x0000000703800000| PB 0x0000000703800000| Untracked 
|   7|0x0000000703a00000, 0x0000000703a00000, 0x0000000703c00000|  0%| F|  |TAMS 0x0000000703a00000| PB 0x0000000703a00000| Untracked 
|   8|0x0000000703c00000, 0x0000000703c00000, 0x0000000703e00000|  0%| F|  |TAMS 0x0000000703c00000| PB 0x0000000703c00000| Untracked 
|   9|0x0000000703e00000, 0x0000000703e00000, 0x0000000704000000|  0%| F|  |TAMS 0x0000000703e00000| PB 0x0000000703e00000| Untracked 
|  10|0x0000000704000000, 0x0000000704000000, 0x0000000704200000|  0%| F|  |TAMS 0x0000000704000000| PB 0x0000000704000000| Untracked 
|  11|0x0000000704200000, 0x0000000704200000, 0x0000000704400000|  0%| F|  |TAMS 0x0000000704200000| PB 0x0000000704200000| Untracked 
|  12|0x0000000704400000, 0x0000000704400000, 0x0000000704600000|  0%| F|  |TAMS 0x0000000704400000| PB 0x0000000704400000| Untracked 
|  13|0x0000000704600000, 0x0000000704600000, 0x0000000704800000|  0%| F|  |TAMS 0x0000000704600000| PB 0x0000000704600000| Untracked 
|  14|0x0000000704800000, 0x0000000704800000, 0x0000000704a00000|  0%| F|  |TAMS 0x0000000704800000| PB 0x0000000704800000| Untracked 
|  15|0x0000000704a00000, 0x0000000704a00000, 0x0000000704c00000|  0%| F|  |TAMS 0x0000000704a00000| PB 0x0000000704a00000| Untracked 
|  16|0x0000000704c00000, 0x0000000704c00000, 0x0000000704e00000|  0%| F|  |TAMS 0x0000000704c00000| PB 0x0000000704c00000| Untracked 
|  17|0x0000000704e00000, 0x0000000704e00000, 0x0000000705000000|  0%| F|  |TAMS 0x0000000704e00000| PB 0x0000000704e00000| Untracked 
|  18|0x0000000705000000, 0x0000000705000000, 0x0000000705200000|  0%| F|  |TAMS 0x0000000705000000| PB 0x0000000705000000| Untracked 
|  19|0x0000000705200000, 0x0000000705200000, 0x0000000705400000|  0%| F|  |TAMS 0x0000000705200000| PB 0x0000000705200000| Untracked 
|  20|0x0000000705400000, 0x0000000705400000, 0x0000000705600000|  0%| F|  |TAMS 0x0000000705400000| PB 0x0000000705400000| Untracked 
|  21|0x0000000705600000, 0x0000000705600000, 0x0000000705800000|  0%| F|  |TAMS 0x0000000705600000| PB 0x0000000705600000| Untracked 
|  22|0x0000000705800000, 0x0000000705800000, 0x0000000705a00000|  0%| F|  |TAMS 0x0000000705800000| PB 0x0000000705800000| Untracked 
|  23|0x0000000705a00000, 0x0000000705a00000, 0x0000000705c00000|  0%| F|  |TAMS 0x0000000705a00000| PB 0x0000000705a00000| Untracked 
|  24|0x0000000705c00000, 0x0000000705c00000, 0x0000000705e00000|  0%| F|  |TAMS 0x0000000705c00000| PB 0x0000000705c00000| Untracked 
|  25|0x0000000705e00000, 0x0000000705e00000, 0x0000000706000000|  0%| F|  |TAMS 0x0000000705e00000| PB 0x0000000705e00000| Untracked 
|  26|0x0000000706000000, 0x0000000706000000, 0x0000000706200000|  0%| F|  |TAMS 0x0000000706000000| PB 0x0000000706000000| Untracked 
|  27|0x0000000706200000, 0x0000000706200000, 0x0000000706400000|  0%| F|  |TAMS 0x0000000706200000| PB 0x0000000706200000| Untracked 
|  28|0x0000000706400000, 0x0000000706400000, 0x0000000706600000|  0%| F|  |TAMS 0x0000000706400000| PB 0x0000000706400000| Untracked 
|  29|0x0000000706600000, 0x0000000706600000, 0x0000000706800000|  0%| F|  |TAMS 0x0000000706600000| PB 0x0000000706600000| Untracked 
|  30|0x0000000706800000, 0x0000000706800000, 0x0000000706a00000|  0%| F|  |TAMS 0x0000000706800000| PB 0x0000000706800000| Untracked 
|  31|0x0000000706a00000, 0x0000000706a00000, 0x0000000706c00000|  0%| F|  |TAMS 0x0000000706a00000| PB 0x0000000706a00000| Untracked 
|  32|0x0000000706c00000, 0x0000000706c00000, 0x0000000706e00000|  0%| F|  |TAMS 0x0000000706c00000| PB 0x0000000706c00000| Untracked 
|  33|0x0000000706e00000, 0x0000000706e00000, 0x0000000707000000|  0%| F|  |TAMS 0x0000000706e00000| PB 0x0000000706e00000| Untracked 
|  34|0x0000000707000000, 0x0000000707000000, 0x0000000707200000|  0%| F|  |TAMS 0x0000000707000000| PB 0x0000000707000000| Untracked 
|  35|0x0000000707200000, 0x0000000707200000, 0x0000000707400000|  0%| F|  |TAMS 0x0000000707200000| PB 0x0000000707200000| Untracked 
|  36|0x0000000707400000, 0x0000000707400000, 0x0000000707600000|  0%| F|  |TAMS 0x0000000707400000| PB 0x0000000707400000| Untracked 
|  37|0x0000000707600000, 0x0000000707600000, 0x0000000707800000|  0%| F|  |TAMS 0x0000000707600000| PB 0x0000000707600000| Untracked 
|  38|0x0000000707800000, 0x0000000707800000, 0x0000000707a00000|  0%| F|  |TAMS 0x0000000707800000| PB 0x0000000707800000| Untracked 
|  39|0x0000000707a00000, 0x0000000707a00000, 0x0000000707c00000|  0%| F|  |TAMS 0x0000000707a00000| PB 0x0000000707a00000| Untracked 
|  40|0x0000000707c00000, 0x0000000707c00000, 0x0000000707e00000|  0%| F|  |TAMS 0x0000000707c00000| PB 0x0000000707c00000| Untracked 
|  41|0x0000000707e00000, 0x0000000707e00000, 0x0000000708000000|  0%| F|  |TAMS 0x0000000707e00000| PB 0x0000000707e00000| Untracked 
|  42|0x0000000708000000, 0x0000000708000000, 0x0000000708200000|  0%| F|  |TAMS 0x0000000708000000| PB 0x0000000708000000| Untracked 
|  43|0x0000000708200000, 0x0000000708200000, 0x0000000708400000|  0%| F|  |TAMS 0x0000000708200000| PB 0x0000000708200000| Untracked 
|  44|0x0000000708400000, 0x0000000708400000, 0x0000000708600000|  0%| F|  |TAMS 0x0000000708400000| PB 0x0000000708400000| Untracked 
|  45|0x0000000708600000, 0x0000000708600000, 0x0000000708800000|  0%| F|  |TAMS 0x0000000708600000| PB 0x0000000708600000| Untracked 
|  46|0x0000000708800000, 0x0000000708800000, 0x0000000708a00000|  0%| F|  |TAMS 0x0000000708800000| PB 0x0000000708800000| Untracked 
|  47|0x0000000708a00000, 0x0000000708a00000, 0x0000000708c00000|  0%| F|  |TAMS 0x0000000708a00000| PB 0x0000000708a00000| Untracked 
|  48|0x0000000708c00000, 0x0000000708c00000, 0x0000000708e00000|  0%| F|  |TAMS 0x0000000708c00000| PB 0x0000000708c00000| Untracked 
|  49|0x0000000708e00000, 0x0000000708e00000, 0x0000000709000000|  0%| F|  |TAMS 0x0000000708e00000| PB 0x0000000708e00000| Untracked 
|  50|0x0000000709000000, 0x0000000709000000, 0x0000000709200000|  0%| F|  |TAMS 0x0000000709000000| PB 0x0000000709000000| Untracked 
|  51|0x0000000709200000, 0x0000000709200000, 0x0000000709400000|  0%| F|  |TAMS 0x0000000709200000| PB 0x0000000709200000| Untracked 
|  52|0x0000000709400000, 0x0000000709400000, 0x0000000709600000|  0%| F|  |TAMS 0x0000000709400000| PB 0x0000000709400000| Untracked 
|  53|0x0000000709600000, 0x0000000709600000, 0x0000000709800000|  0%| F|  |TAMS 0x0000000709600000| PB 0x0000000709600000| Untracked 
|  54|0x0000000709800000, 0x0000000709800000, 0x0000000709a00000|  0%| F|  |TAMS 0x0000000709800000| PB 0x0000000709800000| Untracked 
|  55|0x0000000709a00000, 0x0000000709a00000, 0x0000000709c00000|  0%| F|  |TAMS 0x0000000709a00000| PB 0x0000000709a00000| Untracked 
|  56|0x0000000709c00000, 0x0000000709c00000, 0x0000000709e00000|  0%| F|  |TAMS 0x0000000709c00000| PB 0x0000000709c00000| Untracked 
|  57|0x0000000709e00000, 0x0000000709e00000, 0x000000070a000000|  0%| F|  |TAMS 0x0000000709e00000| PB 0x0000000709e00000| Untracked 
|  58|0x000000070a000000, 0x000000070a000000, 0x000000070a200000|  0%| F|  |TAMS 0x000000070a000000| PB 0x000000070a000000| Untracked 
|  59|0x000000070a200000, 0x000000070a200000, 0x000000070a400000|  0%| F|  |TAMS 0x000000070a200000| PB 0x000000070a200000| Untracked 
|  60|0x000000070a400000, 0x000000070a400000, 0x000000070a600000|  0%| F|  |TAMS 0x000000070a400000| PB 0x000000070a400000| Untracked 
|  61|0x000000070a600000, 0x000000070a600000, 0x000000070a800000|  0%| F|  |TAMS 0x000000070a600000| PB 0x000000070a600000| Untracked 
|  62|0x000000070a800000, 0x000000070a800000, 0x000000070aa00000|  0%| F|  |TAMS 0x000000070a800000| PB 0x000000070a800000| Untracked 
|  63|0x000000070aa00000, 0x000000070aa00000, 0x000000070ac00000|  0%| F|  |TAMS 0x000000070aa00000| PB 0x000000070aa00000| Untracked 
|  64|0x000000070ac00000, 0x000000070ac00000, 0x000000070ae00000|  0%| F|  |TAMS 0x000000070ac00000| PB 0x000000070ac00000| Untracked 
|  65|0x000000070ae00000, 0x000000070ae00000, 0x000000070b000000|  0%| F|  |TAMS 0x000000070ae00000| PB 0x000000070ae00000| Untracked 
|  66|0x000000070b000000, 0x000000070b000000, 0x000000070b200000|  0%| F|  |TAMS 0x000000070b000000| PB 0x000000070b000000| Untracked 
|  67|0x000000070b200000, 0x000000070b200000, 0x000000070b400000|  0%| F|  |TAMS 0x000000070b200000| PB 0x000000070b200000| Untracked 
|  68|0x000000070b400000, 0x000000070b400000, 0x000000070b600000|  0%| F|  |TAMS 0x000000070b400000| PB 0x000000070b400000| Untracked 
|  69|0x000000070b600000, 0x000000070b600000, 0x000000070b800000|  0%| F|  |TAMS 0x000000070b600000| PB 0x000000070b600000| Untracked 
|  70|0x000000070b800000, 0x000000070b800000, 0x000000070ba00000|  0%| F|  |TAMS 0x000000070b800000| PB 0x000000070b800000| Untracked 
|  71|0x000000070ba00000, 0x000000070ba00000, 0x000000070bc00000|  0%| F|  |TAMS 0x000000070ba00000| PB 0x000000070ba00000| Untracked 
|  72|0x000000070bc00000, 0x000000070bc00000, 0x000000070be00000|  0%| F|  |TAMS 0x000000070bc00000| PB 0x000000070bc00000| Untracked 
|  73|0x000000070be00000, 0x000000070be00000, 0x000000070c000000|  0%| F|  |TAMS 0x000000070be00000| PB 0x000000070be00000| Untracked 
|  74|0x000000070c000000, 0x000000070c000000, 0x000000070c200000|  0%| F|  |TAMS 0x000000070c000000| PB 0x000000070c000000| Untracked 
|  75|0x000000070c200000, 0x000000070c200000, 0x000000070c400000|  0%| F|  |TAMS 0x000000070c200000| PB 0x000000070c200000| Untracked 
|  76|0x000000070c400000, 0x000000070c400000, 0x000000070c600000|  0%| F|  |TAMS 0x000000070c400000| PB 0x000000070c400000| Untracked 
|  77|0x000000070c600000, 0x000000070c600000, 0x000000070c800000|  0%| F|  |TAMS 0x000000070c600000| PB 0x000000070c600000| Untracked 
|  78|0x000000070c800000, 0x000000070c800000, 0x000000070ca00000|  0%| F|  |TAMS 0x000000070c800000| PB 0x000000070c800000| Untracked 
|  79|0x000000070ca00000, 0x000000070ca00000, 0x000000070cc00000|  0%| F|  |TAMS 0x000000070ca00000| PB 0x000000070ca00000| Untracked 
|  80|0x000000070cc00000, 0x000000070cc00000, 0x000000070ce00000|  0%| F|  |TAMS 0x000000070cc00000| PB 0x000000070cc00000| Untracked 
|  81|0x000000070ce00000, 0x000000070ce00000, 0x000000070d000000|  0%| F|  |TAMS 0x000000070ce00000| PB 0x000000070ce00000| Untracked 
|  82|0x000000070d000000, 0x000000070d000000, 0x000000070d200000|  0%| F|  |TAMS 0x000000070d000000| PB 0x000000070d000000| Untracked 
|  83|0x000000070d200000, 0x000000070d200000, 0x000000070d400000|  0%| F|  |TAMS 0x000000070d200000| PB 0x000000070d200000| Untracked 
|  84|0x000000070d400000, 0x000000070d400000, 0x000000070d600000|  0%| F|  |TAMS 0x000000070d400000| PB 0x000000070d400000| Untracked 
|  85|0x000000070d600000, 0x000000070d600000, 0x000000070d800000|  0%| F|  |TAMS 0x000000070d600000| PB 0x000000070d600000| Untracked 
|  86|0x000000070d800000, 0x000000070d800000, 0x000000070da00000|  0%| F|  |TAMS 0x000000070d800000| PB 0x000000070d800000| Untracked 
|  87|0x000000070da00000, 0x000000070da00000, 0x000000070dc00000|  0%| F|  |TAMS 0x000000070da00000| PB 0x000000070da00000| Untracked 
|  88|0x000000070dc00000, 0x000000070dc00000, 0x000000070de00000|  0%| F|  |TAMS 0x000000070dc00000| PB 0x000000070dc00000| Untracked 
|  89|0x000000070de00000, 0x000000070de00000, 0x000000070e000000|  0%| F|  |TAMS 0x000000070de00000| PB 0x000000070de00000| Untracked 
|  90|0x000000070e000000, 0x000000070e000000, 0x000000070e200000|  0%| F|  |TAMS 0x000000070e000000| PB 0x000000070e000000| Untracked 
|  91|0x000000070e200000, 0x000000070e200000, 0x000000070e400000|  0%| F|  |TAMS 0x000000070e200000| PB 0x000000070e200000| Untracked 
|  92|0x000000070e400000, 0x000000070e400000, 0x000000070e600000|  0%| F|  |TAMS 0x000000070e400000| PB 0x000000070e400000| Untracked 
|  93|0x000000070e600000, 0x000000070e600000, 0x000000070e800000|  0%| F|  |TAMS 0x000000070e600000| PB 0x000000070e600000| Untracked 
|  94|0x000000070e800000, 0x000000070e800000, 0x000000070ea00000|  0%| F|  |TAMS 0x000000070e800000| PB 0x000000070e800000| Untracked 
|  95|0x000000070ea00000, 0x000000070ea00000, 0x000000070ec00000|  0%| F|  |TAMS 0x000000070ea00000| PB 0x000000070ea00000| Untracked 
|  96|0x000000070ec00000, 0x000000070ec00000, 0x000000070ee00000|  0%| F|  |TAMS 0x000000070ec00000| PB 0x000000070ec00000| Untracked 
|  97|0x000000070ee00000, 0x000000070ee00000, 0x000000070f000000|  0%| F|  |TAMS 0x000000070ee00000| PB 0x000000070ee00000| Untracked 
|  98|0x000000070f000000, 0x000000070f000000, 0x000000070f200000|  0%| F|  |TAMS 0x000000070f000000| PB 0x000000070f000000| Untracked 
|  99|0x000000070f200000, 0x000000070f200000, 0x000000070f400000|  0%| F|  |TAMS 0x000000070f200000| PB 0x000000070f200000| Untracked 
| 100|0x000000070f400000, 0x000000070f400000, 0x000000070f600000|  0%| F|  |TAMS 0x000000070f400000| PB 0x000000070f400000| Untracked 
| 101|0x000000070f600000, 0x000000070f600000, 0x000000070f800000|  0%| F|  |TAMS 0x000000070f600000| PB 0x000000070f600000| Untracked 
| 102|0x000000070f800000, 0x000000070f800000, 0x000000070fa00000|  0%| F|  |TAMS 0x000000070f800000| PB 0x000000070f800000| Untracked 
| 103|0x000000070fa00000, 0x000000070fa00000, 0x000000070fc00000|  0%| F|  |TAMS 0x000000070fa00000| PB 0x000000070fa00000| Untracked 
| 104|0x000000070fc00000, 0x000000070fc00000, 0x000000070fe00000|  0%| F|  |TAMS 0x000000070fc00000| PB 0x000000070fc00000| Untracked 
| 105|0x000000070fe00000, 0x000000070fe00000, 0x0000000710000000|  0%| F|  |TAMS 0x000000070fe00000| PB 0x000000070fe00000| Untracked 
| 106|0x0000000710000000, 0x0000000710000000, 0x0000000710200000|  0%| F|  |TAMS 0x0000000710000000| PB 0x0000000710000000| Untracked 
| 107|0x0000000710200000, 0x0000000710200000, 0x0000000710400000|  0%| F|  |TAMS 0x0000000710200000| PB 0x0000000710200000| Untracked 
| 108|0x0000000710400000, 0x0000000710400000, 0x0000000710600000|  0%| F|  |TAMS 0x0000000710400000| PB 0x0000000710400000| Untracked 
| 109|0x0000000710600000, 0x0000000710600000, 0x0000000710800000|  0%| F|  |TAMS 0x0000000710600000| PB 0x0000000710600000| Untracked 
| 110|0x0000000710800000, 0x0000000710800000, 0x0000000710a00000|  0%| F|  |TAMS 0x0000000710800000| PB 0x0000000710800000| Untracked 
| 111|0x0000000710a00000, 0x0000000710a00000, 0x0000000710c00000|  0%| F|  |TAMS 0x0000000710a00000| PB 0x0000000710a00000| Untracked 
| 112|0x0000000710c00000, 0x0000000710c00000, 0x0000000710e00000|  0%| F|  |TAMS 0x0000000710c00000| PB 0x0000000710c00000| Untracked 
| 113|0x0000000710e00000, 0x0000000710e00000, 0x0000000711000000|  0%| F|  |TAMS 0x0000000710e00000| PB 0x0000000710e00000| Untracked 
| 114|0x0000000711000000, 0x0000000711000000, 0x0000000711200000|  0%| F|  |TAMS 0x0000000711000000| PB 0x0000000711000000| Untracked 
| 115|0x0000000711200000, 0x0000000711200000, 0x0000000711400000|  0%| F|  |TAMS 0x0000000711200000| PB 0x0000000711200000| Untracked 
| 116|0x0000000711400000, 0x0000000711400000, 0x0000000711600000|  0%| F|  |TAMS 0x0000000711400000| PB 0x0000000711400000| Untracked 
| 117|0x0000000711600000, 0x0000000711600000, 0x0000000711800000|  0%| F|  |TAMS 0x0000000711600000| PB 0x0000000711600000| Untracked 
| 118|0x0000000711800000, 0x0000000711800000, 0x0000000711a00000|  0%| F|  |TAMS 0x0000000711800000| PB 0x0000000711800000| Untracked 
| 119|0x0000000711a00000, 0x0000000711a00000, 0x0000000711c00000|  0%| F|  |TAMS 0x0000000711a00000| PB 0x0000000711a00000| Untracked 
| 120|0x0000000711c00000, 0x0000000711c00000, 0x0000000711e00000|  0%| F|  |TAMS 0x0000000711c00000| PB 0x0000000711c00000| Untracked 
| 121|0x0000000711e00000, 0x0000000711e00000, 0x0000000712000000|  0%| F|  |TAMS 0x0000000711e00000| PB 0x0000000711e00000| Untracked 
| 122|0x0000000712000000, 0x0000000712000000, 0x0000000712200000|  0%| F|  |TAMS 0x0000000712000000| PB 0x0000000712000000| Untracked 
| 123|0x0000000712200000, 0x0000000712200000, 0x0000000712400000|  0%| F|  |TAMS 0x0000000712200000| PB 0x0000000712200000| Untracked 
| 124|0x0000000712400000, 0x0000000712400000, 0x0000000712600000|  0%| F|  |TAMS 0x0000000712400000| PB 0x0000000712400000| Untracked 
| 125|0x0000000712600000, 0x00000007127c3160, 0x0000000712800000| 88%| E|  |TAMS 0x0000000712600000| PB 0x0000000712600000| Complete 
| 126|0x0000000712800000, 0x0000000712a00000, 0x0000000712a00000|100%| E|CS|TAMS 0x0000000712800000| PB 0x0000000712800000| Complete 

Card table byte_map: [0x000001c3aab00000,0x000001c3ab2f0000] _byte_map_base: 0x000001c3a72ea000

Marking Bits: (CMBitMap*) 0x000001c3929ba830
 Bits: [0x000001c3ab2f0000, 0x000001c3af240000)

Polling page: 0x000001c390970000

Metaspace:

Usage:
  Non-class:    723.25 KB used.
      Class:     65.59 KB used.
       Both:    788.84 KB used.

Virtual space:
  Non-class space:       64.00 MB reserved,     768.00 KB (  1%) committed,  1 nodes.
      Class space:        1.00 GB reserved,     128.00 KB ( <1%) committed,  1 nodes.
             Both:        1.06 GB reserved,     896.00 KB ( <1%) committed. 

Chunk freelists:
   Non-Class:  11.95 MB
       Class:  15.73 MB
        Both:  27.68 MB

MaxMetaspaceSize: unlimited
CompressedClassSpaceSize: 1.00 GB
Initial GC threshold: 21.00 MB
Current GC threshold: 21.00 MB
CDS: on
 - commit_granule_bytes: 65536.
 - commit_granule_words: 8192.
 - virtual_space_node_default_size: 8388608.
 - enlarge_chunks_in_place: 1.
 - use_allocation_guard: 0.


Internal statistics:

num_allocs_failed_limit: 0.
num_arena_births: 24.
num_arena_deaths: 0.
num_vsnodes_births: 2.
num_vsnodes_deaths: 0.
num_space_committed: 14.
num_space_uncommitted: 0.
num_chunks_returned_to_freelist: 0.
num_chunks_taken_from_freelist: 30.
num_chunk_merges: 0.
num_chunk_splits: 20.
num_chunks_enlarged: 12.
num_inconsistent_stats: 0.

CodeHeap 'non-profiled nmethods': size=120000Kb used=80Kb max_used=80Kb free=119919Kb
 bounds [0x000001c3a2890000, 0x000001c3a2b00000, 0x000001c3a9dc0000]
CodeHeap 'profiled nmethods': size=120000Kb used=247Kb max_used=247Kb free=119752Kb
 bounds [0x000001c39adc0000, 0x000001c39b030000, 0x000001c3a22f0000]
CodeHeap 'non-nmethods': size=5760Kb used=1310Kb max_used=1320Kb free=4449Kb
 bounds [0x000001c3a22f0000, 0x000001c3a2560000, 0x000001c3a2890000]
 total_blobs=656 nmethods=233 adapters=328
 compilation: enabled
              stopped_count=0, restarted_count=0
 full_count=0

Compilation events (20 events):
Event: 0.174 Thread 0x000001c3b1ec9970  216       3       jdk.internal.org.objectweb.asm.ByteVector::putShort (52 bytes)
Event: 0.174 Thread 0x000001c3b1ec9970 nmethod 216 0x000001c39adf8610 code [0x000001c39adf87c0, 0x000001c39adf89d8]
Event: 0.174 Thread 0x000001c3b1ec9970  217       1       java.lang.invoke.MethodTypeForm::erasedType (5 bytes)
Event: 0.174 Thread 0x000001c3b1ec9970 nmethod 217 0x000001c3a28a2910 code [0x000001c3a28a2aa0, 0x000001c3a28a2b70]
Event: 0.175 Thread 0x000001c3b1ec9970  218       3       java.util.zip.ZipUtils::CENHOW (9 bytes)
Event: 0.175 Thread 0x000001c3b1ec9970 nmethod 218 0x000001c39adf8b10 code [0x000001c39adf8cc0, 0x000001c39adf8e70]
Event: 0.176 Thread 0x000001c3b1ec9970  219       3       java.lang.StringLatin1::newString (24 bytes)
Event: 0.177 Thread 0x000001c3b1ec9970 nmethod 219 0x000001c39adf8f90 code [0x000001c39adf9260, 0x000001c39adfa068]
Event: 0.181 Thread 0x000001c3b1ec9970  220       3       java.lang.System::getSecurityManager (12 bytes)
Event: 0.181 Thread 0x000001c3b1ec9970 nmethod 220 0x000001c39adfa590 code [0x000001c39adfa740, 0x000001c39adfa8b0]
Event: 0.183 Thread 0x000001c3b1ec9970  221       3       java.lang.StringUTF16::getChar (60 bytes)
Event: 0.183 Thread 0x000001c3b1ec9970 nmethod 221 0x000001c39adfa990 code [0x000001c39adfab40, 0x000001c39adfacb0]
Event: 0.183 Thread 0x000001c3b1ec9970  222       3       java.lang.String::charAt (25 bytes)
Event: 0.183 Thread 0x000001c3b1ebb840  223       4       java.lang.StringLatin1::charAt (15 bytes)
Event: 0.184 Thread 0x000001c3b1ec9970 nmethod 222 0x000001c39adfad90 code [0x000001c39adfaf80, 0x000001c39adfb4e0]
Event: 0.185 Thread 0x000001c3b1ebb840 nmethod 223 0x000001c3a28a2c10 code [0x000001c3a28a2da0, 0x000001c3a28a2e70]
Event: 0.191 Thread 0x000001c3b1ec9970  224       3       java.lang.StringLatin1::lastIndexOf (40 bytes)
Event: 0.192 Thread 0x000001c3b1ec9970 nmethod 224 0x000001c39adfb710 code [0x000001c39adfb8e0, 0x000001c39adfbce8]
Event: 0.192 Thread 0x000001c3b1ec9970  225       3       java.util.Arrays::copyOf (33 bytes)
Event: 0.193 Thread 0x000001c3b1ec9970 nmethod 225 0x000001c39adfbe90 code [0x000001c39adfc080, 0x000001c39adfc580]

GC Heap History (0 events):
No events

Dll operation events (9 events):
Event: 0.012 Loaded shared library C:\Program Files\Java\jdk-21\bin\java.dll
Event: 0.063 Loaded shared library C:\Program Files\Java\jdk-21\bin\jsvml.dll
Event: 0.134 Loaded shared library C:\Program Files\Java\jdk-21\bin\zip.dll
Event: 0.140 Loaded shared library C:\Program Files\Java\jdk-21\bin\instrument.dll
Event: 0.149 Loaded shared library C:\Program Files\Java\jdk-21\bin\net.dll
Event: 0.152 Loaded shared library C:\Program Files\Java\jdk-21\bin\nio.dll
Event: 0.158 Loaded shared library C:\Program Files\Java\jdk-21\bin\zip.dll
Event: 0.180 Loaded shared library C:\Program Files\JetBrains\IntelliJ IDEA 2023.3.2\bin\breakgen64.dll
Event: 0.190 Loaded shared library C:\Users\MSI\IdeaProjects\RustJava\Rust\myTrainerlib\target\debug\myTrainerlib.dll

Deoptimization events (20 events):
Event: 0.160 Thread 0x000001c3907fee50 Uncommon trap: trap_request=0xffffffde fr.pc=0x000001c3a289ec70 relative=0x00000000000009b0
Event: 0.160 Thread 0x000001c3907fee50 Uncommon trap: reason=class_check action=maybe_recompile pc=0x000001c3a289ec70 method=java.util.HashMap.putVal(ILjava/lang/Object;Ljava/lang/Object;ZZ)Ljava/lang/Object; @ 152 c2
Event: 0.160 Thread 0x000001c3907fee50 DEOPT PACKING pc=0x000001c3a289ec70 sp=0x000000b093ffe610
Event: 0.160 Thread 0x000001c3907fee50 DEOPT UNPACKING pc=0x000001c3a23446a2 sp=0x000000b093ffe5a0 mode 2
Event: 0.160 Thread 0x000001c3907fee50 Uncommon trap: trap_request=0xffffffde fr.pc=0x000001c3a289ec70 relative=0x00000000000009b0
Event: 0.160 Thread 0x000001c3907fee50 Uncommon trap: reason=class_check action=maybe_recompile pc=0x000001c3a289ec70 method=java.util.HashMap.putVal(ILjava/lang/Object;Ljava/lang/Object;ZZ)Ljava/lang/Object; @ 152 c2
Event: 0.160 Thread 0x000001c3907fee50 DEOPT PACKING pc=0x000001c3a289ec70 sp=0x000000b093ffe610
Event: 0.160 Thread 0x000001c3907fee50 DEOPT UNPACKING pc=0x000001c3a23446a2 sp=0x000000b093ffe5a0 mode 2
Event: 0.160 Thread 0x000001c3907fee50 Uncommon trap: trap_request=0xffffffde fr.pc=0x000001c3a289ec70 relative=0x00000000000009b0
Event: 0.160 Thread 0x000001c3907fee50 Uncommon trap: reason=class_check action=maybe_recompile pc=0x000001c3a289ec70 method=java.util.HashMap.putVal(ILjava/lang/Object;Ljava/lang/Object;ZZ)Ljava/lang/Object; @ 152 c2
Event: 0.160 Thread 0x000001c3907fee50 DEOPT PACKING pc=0x000001c3a289ec70 sp=0x000000b093ffe610
Event: 0.160 Thread 0x000001c3907fee50 DEOPT UNPACKING pc=0x000001c3a23446a2 sp=0x000000b093ffe5a0 mode 2
Event: 0.160 Thread 0x000001c3907fee50 Uncommon trap: trap_request=0xffffffde fr.pc=0x000001c3a289ec70 relative=0x00000000000009b0
Event: 0.160 Thread 0x000001c3907fee50 Uncommon trap: reason=class_check action=maybe_recompile pc=0x000001c3a289ec70 method=java.util.HashMap.putVal(ILjava/lang/Object;Ljava/lang/Object;ZZ)Ljava/lang/Object; @ 152 c2
Event: 0.160 Thread 0x000001c3907fee50 DEOPT PACKING pc=0x000001c3a289ec70 sp=0x000000b093ffe610
Event: 0.160 Thread 0x000001c3907fee50 DEOPT UNPACKING pc=0x000001c3a23446a2 sp=0x000000b093ffe5a0 mode 2
Event: 0.183 Thread 0x000001c3907fee50 Uncommon trap: trap_request=0xffffff45 fr.pc=0x000001c3a28a156c relative=0x00000000000000cc
Event: 0.183 Thread 0x000001c3907fee50 Uncommon trap: reason=unstable_if action=reinterpret pc=0x000001c3a28a156c method=java.lang.String.isLatin1()Z @ 10 c2
Event: 0.183 Thread 0x000001c3907fee50 DEOPT PACKING pc=0x000001c3a28a156c sp=0x000000b093fff080
Event: 0.183 Thread 0x000001c3907fee50 DEOPT UNPACKING pc=0x000001c3a23446a2 sp=0x000000b093ffefc0 mode 2

Classes loaded (20 events):
Event: 0.193 Loading class sun/net/ext/ExtendedSocketOptions
Event: 0.193 Loading class sun/net/ext/ExtendedSocketOptions done
Event: 0.193 Loading class jdk/net/ExtendedSocketOptions
Event: 0.193 Loading class jdk/net/ExtendedSocketOptions done
Event: 0.193 Loading class jdk/net/ExtendedSocketOptions$ExtSocketOption
Event: 0.193 Loading class java/net/SocketOption
Event: 0.193 Loading class java/net/SocketOption done
Event: 0.193 Loading class jdk/net/ExtendedSocketOptions$ExtSocketOption done
Event: 0.193 Loading class jdk/net/UnixDomainPrincipal
Event: 0.193 Loading class jdk/net/UnixDomainPrincipal done
Event: 0.193 Loading class jdk/net/ExtendedSocketOptions$PlatformSocketOptions
Event: 0.193 Loading class jdk/net/ExtendedSocketOptions$PlatformSocketOptions done
Event: 0.193 Loading class jdk/net/ExtendedSocketOptions$2
Event: 0.194 Loading class jdk/net/ExtendedSocketOptions$2 done
Event: 0.194 Loading class jdk/internal/util/OperatingSystem
Event: 0.194 Loading class jdk/internal/util/OperatingSystem done
Event: 0.194 Loading class java/lang/Math$RandomNumberGeneratorHolder
Event: 0.194 Loading class java/lang/Math$RandomNumberGeneratorHolder done
Event: 0.194 Loading class jdk/net/WindowsSocketOptions
Event: 0.194 Loading class jdk/net/WindowsSocketOptions done

Classes unloaded (0 events):
No events

Classes redefined (0 events):
No events

Internal exceptions (2 events):
Event: 0.166 Thread 0x000001c3907fee50 Exception <a 'java/lang/NoSuchMethodError'{0x0000000712707dd8}: 'void java.lang.invoke.DirectMethodHandle$Holder.invokeStatic(java.lang.Object, java.lang.Object, java.lang.Object)'> (0x0000000712707dd8) 
thrown [s\open\src\hotspot\share\interpreter\linkResolver.cpp, line 773]
Event: 0.173 Thread 0x000001c3907fee50 Exception <a 'java/lang/NoSuchMethodError'{0x000000071271f2e0}: 'java.lang.Object java.lang.invoke.Invokers$Holder.invokeExact_MT(java.lang.Object, java.lang.Object, java.lang.Object, java.lang.Object, java.lang.Object)'> (0x000000071271f2e0) 
thrown [s\open\src\hotspot\share\interpreter\linkResolver.cpp, line 773]

ZGC Phase Switch (0 events):
No events

VM Operations (2 events):
Event: 0.113 Executing VM operation: HandshakeAllThreads (Deoptimize)
Event: 0.113 Executing VM operation: HandshakeAllThreads (Deoptimize) done

Events (12 events):
Event: 0.036 Thread 0x000001c3907fee50 Thread added: 0x000001c3907fee50
Event: 0.058 Thread 0x000001c3b1ea6d50 Thread added: 0x000001c3b1ea6d50
Event: 0.059 Thread 0x000001c3b1ea7c70 Thread added: 0x000001c3b1ea7c70
Event: 0.059 Thread 0x000001c3b1eab0e0 Thread added: 0x000001c3b1eab0e0
Event: 0.059 Thread 0x000001c3b1eadb50 Thread added: 0x000001c3b1eadb50
Event: 0.059 Thread 0x000001c3b1eae5b0 Thread added: 0x000001c3b1eae5b0
Event: 0.060 Thread 0x000001c3b1eb7020 Thread added: 0x000001c3b1eb7020
Event: 0.060 Thread 0x000001c3b1ebb840 Thread added: 0x000001c3b1ebb840
Event: 0.060 Thread 0x000001c3b1ec9970 Thread added: 0x000001c3b1ec9970
Event: 0.101 Thread 0x000001c3f70ff620 Thread added: 0x000001c3f70ff620
Event: 0.181 Thread 0x000001c3f70fef90 Thread added: 0x000001c3f70fef90
Event: 0.181 Thread 0x000001c3f70fe900 Thread added: 0x000001c3f70fe900


Dynamic libraries:
0x00007ff6c2c50000 - 0x00007ff6c2c60000 	C:\Program Files\Java\jdk-21\bin\java.exe
0x00007ffc4eb30000 - 0x00007ffc4ed28000 	C:\Windows\SYSTEM32\ntdll.dll
0x00007ffc4d700000 - 0x00007ffc4d7bd000 	C:\Windows\System32\KERNEL32.DLL
0x00007ffc4c210000 - 0x00007ffc4c506000 	C:\Windows\System32\KERNELBASE.dll
0x00007ffc4c650000 - 0x00007ffc4c750000 	C:\Windows\System32\ucrtbase.dll
0x00007ffc48f60000 - 0x00007ffc48f79000 	C:\Program Files\Java\jdk-21\bin\jli.dll
0x00007ffc48e60000 - 0x00007ffc48e7b000 	C:\Program Files\Java\jdk-21\bin\VCRUNTIME140.dll
0x00007ffc4d090000 - 0x00007ffc4d13e000 	C:\Windows\System32\ADVAPI32.dll
0x00007ffc4e8f0000 - 0x00007ffc4e98e000 	C:\Windows\System32\msvcrt.dll
0x00007ffc4d7c0000 - 0x00007ffc4d85c000 	C:\Windows\System32\sechost.dll
0x00007ffc4e9c0000 - 0x00007ffc4eae6000 	C:\Windows\System32\RPCRT4.dll
0x00007ffc4e270000 - 0x00007ffc4e40e000 	C:\Windows\System32\USER32.dll
0x00007ffc2fc60000 - 0x00007ffc2fefa000 	C:\Windows\WinSxS\amd64_microsoft.windows.common-controls_6595b64144ccf1df_6.0.19041.1110_none_60b5254171f9507e\COMCTL32.dll
0x00007ffc4c750000 - 0x00007ffc4c772000 	C:\Windows\System32\win32u.dll
0x00007ffc4d000000 - 0x00007ffc4d02c000 	C:\Windows\System32\GDI32.dll
0x00007ffc4c7d0000 - 0x00007ffc4c8ea000 	C:\Windows\System32\gdi32full.dll
0x00007ffc4c8f0000 - 0x00007ffc4c98d000 	C:\Windows\System32\msvcp_win.dll
0x00007ffc45930000 - 0x00007ffc4593a000 	C:\Windows\SYSTEM32\VERSION.dll
0x00007ffc4e990000 - 0x00007ffc4e9c0000 	C:\Windows\System32\IMM32.DLL
0x00007ffc48f50000 - 0x00007ffc48f5c000 	C:\Program Files\Java\jdk-21\bin\vcruntime140_1.dll
0x00007ffc20700000 - 0x00007ffc2078e000 	C:\Program Files\Java\jdk-21\bin\msvcp140.dll
0x00007ffc0fc90000 - 0x00007ffc109a3000 	C:\Program Files\Java\jdk-21\bin\server\jvm.dll
0x00007ffc4d5c0000 - 0x00007ffc4d62b000 	C:\Windows\System32\WS2_32.dll
0x00007ffc4b7b0000 - 0x00007ffc4b7fb000 	C:\Windows\SYSTEM32\POWRPROF.dll
0x00007ffc2f6e0000 - 0x00007ffc2f707000 	C:\Windows\SYSTEM32\WINMM.dll
0x00007ffc4b630000 - 0x00007ffc4b642000 	C:\Windows\SYSTEM32\UMPDC.dll
0x00007ffc4a0a0000 - 0x00007ffc4a0b2000 	C:\Windows\SYSTEM32\kernel.appcore.dll
0x00007ffc48e50000 - 0x00007ffc48e5a000 	C:\Program Files\Java\jdk-21\bin\jimage.dll
0x00007ffc3ad80000 - 0x00007ffc3af64000 	C:\Windows\SYSTEM32\DBGHELP.DLL
0x00007ffc363c0000 - 0x00007ffc363f4000 	C:\Windows\SYSTEM32\dbgcore.DLL
0x00007ffc4c510000 - 0x00007ffc4c592000 	C:\Windows\System32\bcryptPrimitives.dll
0x00007ffc48e30000 - 0x00007ffc48e3f000 	C:\Program Files\Java\jdk-21\bin\instrument.dll
0x00007ffc464b0000 - 0x00007ffc464cf000 	C:\Program Files\Java\jdk-21\bin\java.dll
0x00007ffc4db20000 - 0x00007ffc4e265000 	C:\Windows\System32\SHELL32.dll
0x00007ffc4a2a0000 - 0x00007ffc4aa3b000 	C:\Windows\SYSTEM32\windows.storage.dll
0x00007ffc4e410000 - 0x00007ffc4e764000 	C:\Windows\System32\combase.dll
0x00007ffc4bc50000 - 0x00007ffc4bc7e000 	C:\Windows\SYSTEM32\Wldp.dll
0x00007ffc4d510000 - 0x00007ffc4d5bd000 	C:\Windows\System32\SHCORE.dll
0x00007ffc4da10000 - 0x00007ffc4da65000 	C:\Windows\System32\shlwapi.dll
0x00007ffc4c140000 - 0x00007ffc4c165000 	C:\Windows\SYSTEM32\profapi.dll
0x00007ffc13a60000 - 0x00007ffc13b37000 	C:\Program Files\Java\jdk-21\bin\jsvml.dll
0x00007ffc3b020000 - 0x00007ffc3b038000 	C:\Program Files\Java\jdk-21\bin\zip.dll
0x00007ffc46480000 - 0x00007ffc46490000 	C:\Program Files\Java\jdk-21\bin\net.dll
0x00007ffc46230000 - 0x00007ffc4633a000 	C:\Windows\SYSTEM32\WINHTTP.dll
0x00007ffc4b9b0000 - 0x00007ffc4ba1a000 	C:\Windows\system32\mswsock.dll
0x00007ffc44c40000 - 0x00007ffc44c56000 	C:\Program Files\Java\jdk-21\bin\nio.dll
0x00007ffc375d0000 - 0x00007ffc375ea000 	C:\Program Files\JetBrains\IntelliJ IDEA 2023.3.2\bin\breakgen64.dll
0x00007ffc138a0000 - 0x00007ffc13952000 	C:\Users\MSI\IdeaProjects\RustJava\Rust\myTrainerlib\target\debug\myTrainerlib.dll
0x00007ffc44870000 - 0x00007ffc44877000 	C:\Program Files\Java\jdk-21\bin\extnet.dll

dbghelp: loaded successfully - version: 4.0.5 - missing functions: none
symbol engine: initialized successfully - sym options: 0x614 - pdb path: .;C:\Program Files\Java\jdk-21\bin;C:\Windows\SYSTEM32;C:\Windows\WinSxS\amd64_microsoft.windows.common-controls_6595b64144ccf1df_6.0.19041.1110_none_60b5254171f9507e;C:\Program Files\Java\jdk-21\bin\server;C:\Program Files\JetBrains\IntelliJ IDEA 2023.3.2\bin;C:\Users\MSI\IdeaProjects\RustJava\Rust\myTrainerlib\target\debug

VM Arguments:
jvm_args: -javaagent:C:\Program Files\JetBrains\IntelliJ IDEA 2023.3.2\lib\idea_rt.jar=63497:C:\Program Files\JetBrains\IntelliJ IDEA 2023.3.2\bin -Dfile.encoding=UTF-8 -Dsun.stdout.encoding=UTF-8 -Dsun.stderr.encoding=UTF-8 
java_command: Main
java_class_path (initial): C:\Users\MSI\IdeaProjects\RustJava\out\production\RustJava;C:\Users\MSI\Downloads\jna-jpms-5.14.0.jar
Launcher Type: SUN_STANDARD

[Global flags]
     intx CICompilerCount                          = 4                                         {product} {ergonomic}
     uint ConcGCThreads                            = 3                                         {product} {ergonomic}
     uint G1ConcRefinementThreads                  = 10                                        {product} {ergonomic}
   size_t G1HeapRegionSize                         = 2097152                                   {product} {ergonomic}
    uintx GCDrainStackTargetSize                   = 64                                        {product} {ergonomic}
   size_t InitialHeapSize                          = 266338304                                 {product} {ergonomic}
   size_t MarkStackSize                            = 4194304                                   {product} {ergonomic}
   size_t MaxHeapSize                              = 4248829952                                {product} {ergonomic}
   size_t MaxNewSize                               = 2548039680                                {product} {ergonomic}
   size_t MinHeapDeltaBytes                        = 2097152                                   {product} {ergonomic}
   size_t MinHeapSize                              = 8388608                                   {product} {ergonomic}
    uintx NonNMethodCodeHeapSize                   = 5839372                                {pd product} {ergonomic}
    uintx NonProfiledCodeHeapSize                  = 122909434                              {pd product} {ergonomic}
    uintx ProfiledCodeHeapSize                     = 122909434                              {pd product} {ergonomic}
    uintx ReservedCodeCacheSize                    = 251658240                              {pd product} {ergonomic}
     bool SegmentedCodeCache                       = true                                      {product} {ergonomic}
   size_t SoftMaxHeapSize                          = 4248829952                             {manageable} {ergonomic}
     bool UseCompressedOops                        = true                           {product lp64_product} {ergonomic}
     bool UseG1GC                                  = true                                      {product} {ergonomic}
     bool UseLargePagesIndividualAllocation        = false                                  {pd product} {ergonomic}

Logging:
Log output configuration:
 #0: stdout all=warning uptime,level,tags foldmultilines=false
 #1: stderr all=off uptime,level,tags foldmultilines=false

Environment Variables:
PATH=C:\Program Files (x86)\VMware\VMware Player\bin\;C:\Program Files\Common Files\Oracle\Java\javapath;C:\Windows\system32;C:\Windows;C:\Windows\System32\Wbem;C:\Windows\System32\WindowsPowerShell\v1.0\;C:\Windows\System32\OpenSSH\;C:\Program Files\Git\cmd;C:\Users\MSI\AppData\Roaming\nvm;C:\Program Files\nodejs;C:\Program Files\Java\jdk-21\bin;C:\Users\MSI\AppData\Local\Programs\Python\Python312\Scripts\;C:\Users\MSI\AppData\Local\Programs\Python\Python312\;C:\Users\MSI\AppData\Local\Programs\Python\Launcher\;C:\Users\MSI\.cargo\bin;C:\Users\MSI\AppData\Local\Microsoft\WindowsApps;C:\Users\MSI\AppData\Local\GitHubDesktop\bin;C:\Program Files\JetBrains\IntelliJ IDEA Educational Edition 2022.2.2\bin;;C:\Program Files\JetBrains\PyCharm Community Edition 2022.1.2\bin;;C:\Users\MSI\AppData\Local\Programs\Microsoft VS Code\bin;C:\Users\MSI\AppData\Roaming\npm;C:\Users\MSI\AppData\Roaming\nvm;C:\Program Files\nodejs;C:\Program Files\JetBrains\CLion 2023.3.2\bin;;C:\Program Files\JetBrains\IntelliJ IDEA 2023.3.2\bin;;C:\Program Files\Neovim\bin
USERNAME=MSI
OS=Windows_NT
PROCESSOR_IDENTIFIER=Intel64 Family 6 Model 165 Stepping 2, GenuineIntel
TMP=C:\Users\MSI\AppData\Local\Temp
TEMP=C:\Users\MSI\AppData\Local\Temp




---------------  S Y S T E M  ---------------

OS:
 Windows 10 , 64 bit Build 19041 (10.0.19041.3393)
OS uptime: 4 days 16:09 hours

CPU: total 12 (initial active 12) (6 cores per cpu, 2 threads per core) family 6 model 165 stepping 2 microcode 0xe2, cx8, cmov, fxsr, ht, mmx, 3dnowpref, sse, sse2, sse3, ssse3, sse4.1, sse4.2, popcnt, lzcnt, tsc, tscinvbit, avx, avx2, aes, erms, clmul, bmi1, bmi2, adx, fma, vzeroupper, clflush, clflushopt, rdtscp, f16c, pku
Processor Information for all 12 processors :
  Max Mhz: 2496, Current Mhz: 2496, Mhz Limit: 2496

Memory: 4k page, system-wide physical 16205M (6103M free)
TotalPageFile size 18637M (AvailPageFile size 3718M)
current process WorkingSet (physical memory assigned to process): 39M, peak: 39M
current process commit charge ("private bytes"): 343M, peak: 343M

vm_info: Java HotSpot(TM) 64-Bit Server VM (21+35-LTS-2513) for windows-amd64 JRE (21+35-LTS-2513), built on 2023-08-09T20:25:10Z by "mach5one" with MS VC++ 17.1 (VS2022)

END.
