#
# A fatal error has been detected by the Java Runtime Environment:
#
#  EXCEPTION_ACCESS_VIOLATION (0xc0000005) at pc=0x00007ffc1006cd7a, pid=13064, tid=5684
#
# JRE version: Java(TM) SE Runtime Environment (21.0+35) (build 21+35-LTS-2513)
# Java VM: Java HotSpot(TM) 64-Bit Server VM (21+35-LTS-2513, mixed mode, sharing, tiered, compressed oops, compressed class ptrs, g1 gc, windows-amd64)
# Problematic frame:
# V  [jvm.dll+0x3dcd7a]
#
# No core dump will be written. Minidumps are not enabled by default on client versions of Windows
#
# If you would like to submit a bug report, please visit:
#   https://bugreport.java.com/bugreport/crash.jsp
#

---------------  S U M M A R Y ------------

Command Line: -javaagent:C:\Program Files\JetBrains\IntelliJ IDEA 2023.3.2\lib\idea_rt.jar=63502:C:\Program Files\JetBrains\IntelliJ IDEA 2023.3.2\bin -Dfile.encoding=UTF-8 -Dsun.stdout.encoding=UTF-8 -Dsun.stderr.encoding=UTF-8 Main

Host: Intel(R) Core(TM) i5-10500H CPU @ 2.50GHz, 12 cores, 15G,  Windows 10 , 64 bit Build 19041 (10.0.19041.3393)
Time: Mon Jan 15 17:33:28 2024 W. Central Africa Standard Time elapsed time: 0.217607 seconds (0d 0h 0m 0s)

---------------  T H R E A D  ---------------

Current thread (0x000002780f00eda0):  JavaThread "main"             [_thread_in_Java, id=5684, stack(0x000000e2e2e00000,0x000000e2e2f00000) (1024K)]

Stack: [0x000000e2e2e00000,0x000000e2e2f00000],  sp=0x000000e2e2eedee0,  free space=951k
Native frames: (J=compiled Java code, j=interpreted, Vv=VM code, C=native code)
V  [jvm.dll+0x3dcd7a]
V  [jvm.dll+0x6c8c52]
V  [jvm.dll+0x3dc95e]
V  [jvm.dll+0x44fbd1]
V  [jvm.dll+0x446753]
C  [myTrainerlib.dll+0x4939]


siginfo: EXCEPTION_ACCESS_VIOLATION (0xc0000005), reading address 0x0000027800000000


Registers:
RAX=0x000000e2e2eee118, RBX=0x000002780f00eda0, RCX=0x0000000000000000, RDX=0x0000027800000000
RSP=0x000000e2e2eedee0, RBP=0x000000e2e2eedfe0, RSI=0x000000e2e2eee110, RDI=0x0000000000000001
R8 =0x000002780eff04d0, R9 =0x0000000000000187, R10=0x0000000000000000, R11=0x000000e2e2eeded8
R12=0x000000e2e2eee100, R13=0x000000000000000a, R14=0x0000000000000001, R15=0x000000e2e2eee210
RIP=0x00007ffc1006cd7a, EFLAGS=0x0000000000010293


Register to memory mapping:

RAX=0x000000e2e2eee118 is pointing into the stack for thread: 0x000002780f00eda0
RBX=0x000002780f00eda0 is a thread
RCX=0x0 is null
RDX=0x0000027800000000 is an unknown value
RSP=0x000000e2e2eedee0 is pointing into the stack for thread: 0x000002780f00eda0
RBP=0x000000e2e2eedfe0 is pointing into the stack for thread: 0x000002780f00eda0
RSI=0x000000e2e2eee110 is pointing into the stack for thread: 0x000002780f00eda0
RDI=0x0000000000000001 is an unknown value
R8 =0x000002780eff04d0 points into unknown readable memory: 0x73726573555c3a02 | 02 3a 5c 55 73 65 72 73
R9 =0x0000000000000187 is an unknown value
R10=0x0 is null
R11=0x000000e2e2eeded8 is pointing into the stack for thread: 0x000002780f00eda0
R12=0x000000e2e2eee100 is pointing into the stack for thread: 0x000002780f00eda0
R13=0x000000000000000a is an unknown value
R14=0x0000000000000001 is an unknown value
R15=0x000000e2e2eee210 is pointing into the stack for thread: 0x000002780f00eda0

Top of Stack: (sp=0x000000e2e2eedee0)
0x000000e2e2eedee0:   000002780f00eda0 000000e2e2eee110
0x000000e2e2eedef0:   0000027830a2c1b0 0000000000000001
0x000000e2e2eedf00:   000000e2e2eee118 0000000000000000
0x000000e2e2eedf10:   0000027830a2c1b0 000000e2e2eff300
0x000000e2e2eedf20:   000002780f00eda0 000002780f025970
0x000000e2e2eedf30:   00000278310bce60 00000007127345f0
0x000000e2e2eedf40:   000000e2e2eff340 0000027820c4cddc
0x000000e2e2eedf50:   000000e2e2eff3c0 000000e2e2eee210
0x000000e2e2eedf60:   000000e2e2eee108 0000000000000000
0x000000e2e2eedf70:   000000e2e2eff300 000000e2e2eff310
0x000000e2e2eedf80:   0000000000000001 0000000000000001
0x000000e2e2eedf90:   0000000000000001 0000000000000001
0x000000e2e2eedfa0:   0000000000000001 000000e2e2eee118
0x000000e2e2eedfb0:   0000000000000000 000000e2e2eee118
0x000000e2e2eedfc0:   000002780f00eda0 000002780eff04d0
0x000000e2e2eedfd0:   000002780f00f410 000002780f00f428
0x000000e2e2eedfe0:   000002780f00f4f8 00000000000000d8
0x000000e2e2eedff0:   000000e2e2eff730 000000e2e2eee120
0x000000e2e2eee000:   000000e2e2eee240 00000278112a3790
0x000000e2e2eee010:   000000e2e2eee210 00000278112a37a0
0x000000e2e2eee020:   000002780eff0090 000002780f00eda0
0x000000e2e2eee030:   000000e2e2eee181 00007ffc10358c52
0x000000e2e2eee040:   00007ffc1006c970 0000000000000008
0x000000e2e2eee050:   0000000000000000 0000027820c4ba00
0x000000e2e2eee060:   00000278112a3b78 00007ffc1006c95e
0x000000e2e2eee070:   0000000000000008 0000027830a2c1b0
0x000000e2e2eee080:   0000027830a2c1b0 0000000000000000
0x000000e2e2eee090:   000002780f00eda0 000000e2e2eff300
0x000000e2e2eee0a0:   000002780f00eda0 00007ffc100dfbd1
0x000000e2e2eee0b0:   0000000000000000 00000278112a3b78
0x000000e2e2eee0c0:   000000e2e2eee181 000002780f00eda0
0x000000e2e2eee0d0:   0000000000000000 0000000000000001 

Instructions: (pc=0x00007ffc1006cd7a)
0x00007ffc1006cc7a:   5c 24 40 48 8b 83 28 04 00 00 48 89 44 24 48 48
0x00007ffc1006cc8a:   8b 83 98 03 00 00 48 3b c8 74 05 4c 89 54 24 60
0x00007ffc1006cc9a:   48 8b 83 a8 03 00 00 48 89 44 24 70 48 8b 83 a0
0x00007ffc1006ccaa:   03 00 00 48 89 44 24 68 48 8b 83 98 03 00 00 48
0x00007ffc1006ccba:   89 44 24 60 4c 89 93 98 03 00 00 4c 89 93 a8 03
0x00007ffc1006ccca:   00 00 4c 89 93 a0 03 00 00 48 8b 44 24 40 48 89
0x00007ffc1006ccda:   b8 28 04 00 00 48 83 7b 08 00 0f 85 29 01 00 00
0x00007ffc1006ccea:   48 8b d3 48 8d 4d e0 e8 4a 1b fc ff 45 33 f6 44
0x00007ffc1006ccfa:   39 76 68 0f 8e 96 00 00 00 33 ff 66 66 66 0f 1f
0x00007ffc1006cd0a:   84 00 00 00 00 00 48 8b 46 60 0f b6 0c 38 85 c9
0x00007ffc1006cd1a:   74 6d 48 8b 46 58 48 8b 14 f8 83 e9 02 74 48 83
0x00007ffc1006cd2a:   f9 01 0f 85 78 02 00 00 33 c9 48 85 d2 74 44 48
0x00007ffc1006cd3a:   8b ca 83 e1 03 48 83 f9 01 75 13 48 8d 4a ff ff
0x00007ffc1006cd4a:   15 51 ac 7d 00 48 8b c8 48 8b 46 58 eb 25 48 83
0x00007ffc1006cd5a:   f9 02 75 1c 48 8d 4a fe ff 15 b8 22 7d 00 48 8b
0x00007ffc1006cd6a:   c8 48 8b 46 58 eb 0c 48 85 d2 75 04 33 c9 eb 03
0x00007ffc1006cd7a:   48 8b 0a 48 89 0c f8 48 8b 46 60 c6 04 07 01 41
0x00007ffc1006cd8a:   ff c6 48 ff c7 44 3b 76 68 0f 8c 77 ff ff ff 48
0x00007ffc1006cd9a:   8b 46 78 48 8b 7e 58 48 85 c0 74 26 48 8b 10 33
0x00007ffc1006cdaa:   c9 e8 40 82 13 00 48 85 c0 74 17 48 89 83 98 04
0x00007ffc1006cdba:   00 00 49 8b 04 24 48 8b 48 20 48 8b 41 08 48 89
0x00007ffc1006cdca:   45 78 8b 46 68 49 8d 57 08 4d 8b 0c 24 48 8d 4c
0x00007ffc1006cdda:   24 40 48 89 5c 24 38 45 8b c5 89 44 24 30 48 8b
0x00007ffc1006cdea:   45 78 48 89 7c 24 28 48 89 44 24 20 ff 15 54 1b
0x00007ffc1006cdfa:   86 00 48 83 7b 08 00 0f 84 bc 00 00 00 48 8d 4d
0x00007ffc1006ce0a:   e0 e8 d0 18 fc ff 45 33 d2 48 8b 4c 24 40 48 8b
0x00007ffc1006ce1a:   44 24 48 4c 8b 89 28 04 00 00 48 89 81 28 04 00
0x00007ffc1006ce2a:   00 48 8b 44 24 40 4c 89 90 98 03 00 00 48 8b 44
0x00007ffc1006ce3a:   24 40 c7 80 4c 04 00 00 06 00 00 00 48 8b 54 24
0x00007ffc1006ce4a:   60 4c 8b 44 24 40 49 8b 80 98 03 00 00 48 3b c2
0x00007ffc1006ce5a:   74 07 4d 89 90 98 03 00 00 48 8b 44 24 70 49 8b
0x00007ffc1006ce6a:   c9 49 89 80 a8 03 00 00 48 8b 44 24 68 49 89 80 


Stack slot to memory mapping:

stack at sp + 0 slots: 0x000002780f00eda0 is a thread
stack at sp + 1 slots: 0x000000e2e2eee110 is pointing into the stack for thread: 0x000002780f00eda0
stack at sp + 2 slots: 0x0000027830a2c1b0 points into unknown readable memory: 0x0000027800000000 | 00 00 00 00 78 02 00 00
stack at sp + 3 slots: 0x0000000000000001 is an unknown value
stack at sp + 4 slots: 0x000000e2e2eee118 is pointing into the stack for thread: 0x000002780f00eda0
stack at sp + 5 slots: 0x0 is null
stack at sp + 6 slots: 0x0000027830a2c1b0 points into unknown readable memory: 0x0000027800000000 | 00 00 00 00 78 02 00 00
stack at sp + 7 slots: 0x000000e2e2eff300 is pointing into the stack for thread: 0x000002780f00eda0


---------------  P R O C E S S  ---------------

Threads class SMR info:
_java_thread_list=0x0000027830a62ee0, length=12, elements={
0x000002780f00eda0, 0x00000278307e0490, 0x00000278307e1560, 0x00000278307e45d0,
0x00000278307e9a70, 0x00000278307e7310, 0x00000278307e86c0, 0x00000278307f90b0,
0x0000027830819b60, 0x00000278307e8d50, 0x00000278307e93e0, 0x00000278307ea100
}

Java Threads: ( => current thread )
=>0x000002780f00eda0 JavaThread "main"                              [_thread_in_Java, id=5684, stack(0x000000e2e2e00000,0x000000e2e2f00000) (1024K)]
  0x00000278307e0490 JavaThread "Reference Handler"          daemon [_thread_blocked, id=4724, stack(0x000000e2e3600000,0x000000e2e3700000) (1024K)]
  0x00000278307e1560 JavaThread "Finalizer"                  daemon [_thread_blocked, id=4884, stack(0x000000e2e3700000,0x000000e2e3800000) (1024K)]
  0x00000278307e45d0 JavaThread "Signal Dispatcher"          daemon [_thread_blocked, id=1200, stack(0x000000e2e3800000,0x000000e2e3900000) (1024K)]
  0x00000278307e9a70 JavaThread "Attach Listener"            daemon [_thread_blocked, id=6528, stack(0x000000e2e3900000,0x000000e2e3a00000) (1024K)]
  0x00000278307e7310 JavaThread "Service Thread"             daemon [_thread_blocked, id=16784, stack(0x000000e2e3a00000,0x000000e2e3b00000) (1024K)]
  0x00000278307e86c0 JavaThread "Monitor Deflation Thread"   daemon [_thread_blocked, id=14628, stack(0x000000e2e3b00000,0x000000e2e3c00000) (1024K)]
  0x00000278307f90b0 JavaThread "C2 CompilerThread0"         daemon [_thread_blocked, id=13808, stack(0x000000e2e3c00000,0x000000e2e3d00000) (1024K)]
  0x0000027830819b60 JavaThread "C1 CompilerThread0"         daemon [_thread_blocked, id=2100, stack(0x000000e2e3d00000,0x000000e2e3e00000) (1024K)]
  0x00000278307e8d50 JavaThread "Common-Cleaner"             daemon [_thread_blocked, id=11532, stack(0x000000e2e3e00000,0x000000e2e3f00000) (1024K)]
  0x00000278307e93e0 JavaThread "Monitor Ctrl-Break"         daemon [_thread_in_native, id=7664, stack(0x000000e2e3f00000,0x000000e2e4000000) (1024K)]
  0x00000278307ea100 JavaThread "Notification Thread"        daemon [_thread_blocked, id=3540, stack(0x000000e2e4000000,0x000000e2e4100000) (1024K)]
Total: 12

Other Threads:
  0x00000278307c1c50 VMThread "VM Thread"                           [id=1736, stack(0x000000e2e3500000,0x000000e2e3600000) (1024K)]
  0x00000278307a7010 WatcherThread "VM Periodic Task Thread"        [id=11496, stack(0x000000e2e3400000,0x000000e2e3500000) (1024K)]
  0x000002781130a220 WorkerThread "GC Thread#0"                     [id=17336, stack(0x000000e2e2f00000,0x000000e2e3000000) (1024K)]
  0x000002781131c100 ConcurrentGCThread "G1 Main Marker"            [id=5500, stack(0x000000e2e3000000,0x000000e2e3100000) (1024K)]
  0x000002781131d3a0 WorkerThread "G1 Conc#0"                       [id=17284, stack(0x000000e2e3100000,0x000000e2e3200000) (1024K)]
  0x000002781137e4c0 ConcurrentGCThread "G1 Refine#0"               [id=9032, stack(0x000000e2e3200000,0x000000e2e3300000) (1024K)]
  0x0000027830679670 ConcurrentGCThread "G1 Service"                [id=11748, stack(0x000000e2e3300000,0x000000e2e3400000) (1024K)]
Total: 7

Threads with active compile tasks:
Total: 0

VM state: not at safepoint (normal execution)

VM Mutex/Monitor currently owned by a thread: None

Heap address: 0x0000000702c00000, size: 4052 MB, Compressed Oops mode: Zero based, Oop shift amount: 3

CDS archive(s) mapped at: [0x0000027831000000-0x0000027831c90000-0x0000027831c90000), size 13172736, SharedBaseAddress: 0x0000027831000000, ArchiveRelocationMode: 1.
Compressed class space mapped at: 0x0000027832000000-0x0000027872000000, reserved size: 1073741824
Narrow klass base: 0x0000027831000000, Narrow klass shift: 0, Narrow klass range: 0x100000000

GC Precious Log:
 CardTable entry size: 512
 Card Set container configuration: InlinePtr #cards 4 size 8 Array Of Cards #cards 16 size 48 Howl #buckets 8 coarsen threshold 3686 Howl Bitmap #cards 512 size 80 coarsen threshold 460 Card regions per heap region 1 cards per card region 4096
 CPUs: 12 total, 12 available
 Memory: 16205M
 Large Page Support: Disabled
 NUMA Support: Disabled
 Compressed Oops: Enabled (Zero based)
 Heap Region Size: 2M
 Heap Min Capacity: 8M
 Heap Initial Capacity: 254M
 Heap Max Capacity: 4052M
 Pre-touch: Disabled
 Parallel Workers: 10
 Concurrent Workers: 3
 Concurrent Refinement Workers: 10
 Periodic GC: Disabled

Heap:
 garbage-first heap   total 260096K, used 2048K [0x0000000702c00000, 0x0000000800000000)
  region size 2048K, 2 young (4096K), 0 survivors (0K)
 Metaspace       used 787K, committed 896K, reserved 1114112K
  class space    used 65K, committed 128K, reserved 1048576K

Heap Regions: E=young(eden), S=young(survivor), O=old, HS=humongous(starts), HC=humongous(continues), CS=collection set, F=free, TAMS=top-at-mark-start, PB=parsable bottom
|   0|0x0000000702c00000, 0x0000000702c00000, 0x0000000702e00000|  0%| F|  |TAMS 0x0000000702c00000| PB 0x0000000702c00000| Untracked 
|   1|0x0000000702e00000, 0x0000000702e00000, 0x0000000703000000|  0%| F|  |TAMS 0x0000000702e00000| PB 0x0000000702e00000| Untracked 
|   2|0x0000000703000000, 0x0000000703000000, 0x0000000703200000|  0%| F|  |TAMS 0x0000000703000000| PB 0x0000000703000000| Untracked 
|   3|0x0000000703200000, 0x0000000703200000, 0x0000000703400000|  0%| F|  |TAMS 0x0000000703200000| PB 0x0000000703200000| Untracked 
|   4|0x0000000703400000, 0x0000000703400000, 0x0000000703600000|  0%| F|  |TAMS 0x0000000703400000| PB 0x0000000703400000| Untracked 
|   5|0x0000000703600000, 0x0000000703600000, 0x0000000703800000|  0%| F|  |TAMS 0x0000000703600000| PB 0x0000000703600000| Untracked 
|   6|0x0000000703800000, 0x0000000703800000, 0x0000000703a00000|  0%| F|  |TAMS 0x0000000703800000| PB 0x0000000703800000| Untracked 
|   7|0x0000000703a00000, 0x0000000703a00000, 0x0000000703c00000|  0%| F|  |TAMS 0x0000000703a00000| PB 0x0000000703a00000| Untracked 
|   8|0x0000000703c00000, 0x0000000703c00000, 0x0000000703e00000|  0%| F|  |TAMS 0x0000000703c00000| PB 0x0000000703c00000| Untracked 
|   9|0x0000000703e00000, 0x0000000703e00000, 0x0000000704000000|  0%| F|  |TAMS 0x0000000703e00000| PB 0x0000000703e00000| Untracked 
|  10|0x0000000704000000, 0x0000000704000000, 0x0000000704200000|  0%| F|  |TAMS 0x0000000704000000| PB 0x0000000704000000| Untracked 
|  11|0x0000000704200000, 0x0000000704200000, 0x0000000704400000|  0%| F|  |TAMS 0x0000000704200000| PB 0x0000000704200000| Untracked 
|  12|0x0000000704400000, 0x0000000704400000, 0x0000000704600000|  0%| F|  |TAMS 0x0000000704400000| PB 0x0000000704400000| Untracked 
|  13|0x0000000704600000, 0x0000000704600000, 0x0000000704800000|  0%| F|  |TAMS 0x0000000704600000| PB 0x0000000704600000| Untracked 
|  14|0x0000000704800000, 0x0000000704800000, 0x0000000704a00000|  0%| F|  |TAMS 0x0000000704800000| PB 0x0000000704800000| Untracked 
|  15|0x0000000704a00000, 0x0000000704a00000, 0x0000000704c00000|  0%| F|  |TAMS 0x0000000704a00000| PB 0x0000000704a00000| Untracked 
|  16|0x0000000704c00000, 0x0000000704c00000, 0x0000000704e00000|  0%| F|  |TAMS 0x0000000704c00000| PB 0x0000000704c00000| Untracked 
|  17|0x0000000704e00000, 0x0000000704e00000, 0x0000000705000000|  0%| F|  |TAMS 0x0000000704e00000| PB 0x0000000704e00000| Untracked 
|  18|0x0000000705000000, 0x0000000705000000, 0x0000000705200000|  0%| F|  |TAMS 0x0000000705000000| PB 0x0000000705000000| Untracked 
|  19|0x0000000705200000, 0x0000000705200000, 0x0000000705400000|  0%| F|  |TAMS 0x0000000705200000| PB 0x0000000705200000| Untracked 
|  20|0x0000000705400000, 0x0000000705400000, 0x0000000705600000|  0%| F|  |TAMS 0x0000000705400000| PB 0x0000000705400000| Untracked 
|  21|0x0000000705600000, 0x0000000705600000, 0x0000000705800000|  0%| F|  |TAMS 0x0000000705600000| PB 0x0000000705600000| Untracked 
|  22|0x0000000705800000, 0x0000000705800000, 0x0000000705a00000|  0%| F|  |TAMS 0x0000000705800000| PB 0x0000000705800000| Untracked 
|  23|0x0000000705a00000, 0x0000000705a00000, 0x0000000705c00000|  0%| F|  |TAMS 0x0000000705a00000| PB 0x0000000705a00000| Untracked 
|  24|0x0000000705c00000, 0x0000000705c00000, 0x0000000705e00000|  0%| F|  |TAMS 0x0000000705c00000| PB 0x0000000705c00000| Untracked 
|  25|0x0000000705e00000, 0x0000000705e00000, 0x0000000706000000|  0%| F|  |TAMS 0x0000000705e00000| PB 0x0000000705e00000| Untracked 
|  26|0x0000000706000000, 0x0000000706000000, 0x0000000706200000|  0%| F|  |TAMS 0x0000000706000000| PB 0x0000000706000000| Untracked 
|  27|0x0000000706200000, 0x0000000706200000, 0x0000000706400000|  0%| F|  |TAMS 0x0000000706200000| PB 0x0000000706200000| Untracked 
|  28|0x0000000706400000, 0x0000000706400000, 0x0000000706600000|  0%| F|  |TAMS 0x0000000706400000| PB 0x0000000706400000| Untracked 
|  29|0x0000000706600000, 0x0000000706600000, 0x0000000706800000|  0%| F|  |TAMS 0x0000000706600000| PB 0x0000000706600000| Untracked 
|  30|0x0000000706800000, 0x0000000706800000, 0x0000000706a00000|  0%| F|  |TAMS 0x0000000706800000| PB 0x0000000706800000| Untracked 
|  31|0x0000000706a00000, 0x0000000706a00000, 0x0000000706c00000|  0%| F|  |TAMS 0x0000000706a00000| PB 0x0000000706a00000| Untracked 
|  32|0x0000000706c00000, 0x0000000706c00000, 0x0000000706e00000|  0%| F|  |TAMS 0x0000000706c00000| PB 0x0000000706c00000| Untracked 
|  33|0x0000000706e00000, 0x0000000706e00000, 0x0000000707000000|  0%| F|  |TAMS 0x0000000706e00000| PB 0x0000000706e00000| Untracked 
|  34|0x0000000707000000, 0x0000000707000000, 0x0000000707200000|  0%| F|  |TAMS 0x0000000707000000| PB 0x0000000707000000| Untracked 
|  35|0x0000000707200000, 0x0000000707200000, 0x0000000707400000|  0%| F|  |TAMS 0x0000000707200000| PB 0x0000000707200000| Untracked 
|  36|0x0000000707400000, 0x0000000707400000, 0x0000000707600000|  0%| F|  |TAMS 0x0000000707400000| PB 0x0000000707400000| Untracked 
|  37|0x0000000707600000, 0x0000000707600000, 0x0000000707800000|  0%| F|  |TAMS 0x0000000707600000| PB 0x0000000707600000| Untracked 
|  38|0x0000000707800000, 0x0000000707800000, 0x0000000707a00000|  0%| F|  |TAMS 0x0000000707800000| PB 0x0000000707800000| Untracked 
|  39|0x0000000707a00000, 0x0000000707a00000, 0x0000000707c00000|  0%| F|  |TAMS 0x0000000707a00000| PB 0x0000000707a00000| Untracked 
|  40|0x0000000707c00000, 0x0000000707c00000, 0x0000000707e00000|  0%| F|  |TAMS 0x0000000707c00000| PB 0x0000000707c00000| Untracked 
|  41|0x0000000707e00000, 0x0000000707e00000, 0x0000000708000000|  0%| F|  |TAMS 0x0000000707e00000| PB 0x0000000707e00000| Untracked 
|  42|0x0000000708000000, 0x0000000708000000, 0x0000000708200000|  0%| F|  |TAMS 0x0000000708000000| PB 0x0000000708000000| Untracked 
|  43|0x0000000708200000, 0x0000000708200000, 0x0000000708400000|  0%| F|  |TAMS 0x0000000708200000| PB 0x0000000708200000| Untracked 
|  44|0x0000000708400000, 0x0000000708400000, 0x0000000708600000|  0%| F|  |TAMS 0x0000000708400000| PB 0x0000000708400000| Untracked 
|  45|0x0000000708600000, 0x0000000708600000, 0x0000000708800000|  0%| F|  |TAMS 0x0000000708600000| PB 0x0000000708600000| Untracked 
|  46|0x0000000708800000, 0x0000000708800000, 0x0000000708a00000|  0%| F|  |TAMS 0x0000000708800000| PB 0x0000000708800000| Untracked 
|  47|0x0000000708a00000, 0x0000000708a00000, 0x0000000708c00000|  0%| F|  |TAMS 0x0000000708a00000| PB 0x0000000708a00000| Untracked 
|  48|0x0000000708c00000, 0x0000000708c00000, 0x0000000708e00000|  0%| F|  |TAMS 0x0000000708c00000| PB 0x0000000708c00000| Untracked 
|  49|0x0000000708e00000, 0x0000000708e00000, 0x0000000709000000|  0%| F|  |TAMS 0x0000000708e00000| PB 0x0000000708e00000| Untracked 
|  50|0x0000000709000000, 0x0000000709000000, 0x0000000709200000|  0%| F|  |TAMS 0x0000000709000000| PB 0x0000000709000000| Untracked 
|  51|0x0000000709200000, 0x0000000709200000, 0x0000000709400000|  0%| F|  |TAMS 0x0000000709200000| PB 0x0000000709200000| Untracked 
|  52|0x0000000709400000, 0x0000000709400000, 0x0000000709600000|  0%| F|  |TAMS 0x0000000709400000| PB 0x0000000709400000| Untracked 
|  53|0x0000000709600000, 0x0000000709600000, 0x0000000709800000|  0%| F|  |TAMS 0x0000000709600000| PB 0x0000000709600000| Untracked 
|  54|0x0000000709800000, 0x0000000709800000, 0x0000000709a00000|  0%| F|  |TAMS 0x0000000709800000| PB 0x0000000709800000| Untracked 
|  55|0x0000000709a00000, 0x0000000709a00000, 0x0000000709c00000|  0%| F|  |TAMS 0x0000000709a00000| PB 0x0000000709a00000| Untracked 
|  56|0x0000000709c00000, 0x0000000709c00000, 0x0000000709e00000|  0%| F|  |TAMS 0x0000000709c00000| PB 0x0000000709c00000| Untracked 
|  57|0x0000000709e00000, 0x0000000709e00000, 0x000000070a000000|  0%| F|  |TAMS 0x0000000709e00000| PB 0x0000000709e00000| Untracked 
|  58|0x000000070a000000, 0x000000070a000000, 0x000000070a200000|  0%| F|  |TAMS 0x000000070a000000| PB 0x000000070a000000| Untracked 
|  59|0x000000070a200000, 0x000000070a200000, 0x000000070a400000|  0%| F|  |TAMS 0x000000070a200000| PB 0x000000070a200000| Untracked 
|  60|0x000000070a400000, 0x000000070a400000, 0x000000070a600000|  0%| F|  |TAMS 0x000000070a400000| PB 0x000000070a400000| Untracked 
|  61|0x000000070a600000, 0x000000070a600000, 0x000000070a800000|  0%| F|  |TAMS 0x000000070a600000| PB 0x000000070a600000| Untracked 
|  62|0x000000070a800000, 0x000000070a800000, 0x000000070aa00000|  0%| F|  |TAMS 0x000000070a800000| PB 0x000000070a800000| Untracked 
|  63|0x000000070aa00000, 0x000000070aa00000, 0x000000070ac00000|  0%| F|  |TAMS 0x000000070aa00000| PB 0x000000070aa00000| Untracked 
|  64|0x000000070ac00000, 0x000000070ac00000, 0x000000070ae00000|  0%| F|  |TAMS 0x000000070ac00000| PB 0x000000070ac00000| Untracked 
|  65|0x000000070ae00000, 0x000000070ae00000, 0x000000070b000000|  0%| F|  |TAMS 0x000000070ae00000| PB 0x000000070ae00000| Untracked 
|  66|0x000000070b000000, 0x000000070b000000, 0x000000070b200000|  0%| F|  |TAMS 0x000000070b000000| PB 0x000000070b000000| Untracked 
|  67|0x000000070b200000, 0x000000070b200000, 0x000000070b400000|  0%| F|  |TAMS 0x000000070b200000| PB 0x000000070b200000| Untracked 
|  68|0x000000070b400000, 0x000000070b400000, 0x000000070b600000|  0%| F|  |TAMS 0x000000070b400000| PB 0x000000070b400000| Untracked 
|  69|0x000000070b600000, 0x000000070b600000, 0x000000070b800000|  0%| F|  |TAMS 0x000000070b600000| PB 0x000000070b600000| Untracked 
|  70|0x000000070b800000, 0x000000070b800000, 0x000000070ba00000|  0%| F|  |TAMS 0x000000070b800000| PB 0x000000070b800000| Untracked 
|  71|0x000000070ba00000, 0x000000070ba00000, 0x000000070bc00000|  0%| F|  |TAMS 0x000000070ba00000| PB 0x000000070ba00000| Untracked 
|  72|0x000000070bc00000, 0x000000070bc00000, 0x000000070be00000|  0%| F|  |TAMS 0x000000070bc00000| PB 0x000000070bc00000| Untracked 
|  73|0x000000070be00000, 0x000000070be00000, 0x000000070c000000|  0%| F|  |TAMS 0x000000070be00000| PB 0x000000070be00000| Untracked 
|  74|0x000000070c000000, 0x000000070c000000, 0x000000070c200000|  0%| F|  |TAMS 0x000000070c000000| PB 0x000000070c000000| Untracked 
|  75|0x000000070c200000, 0x000000070c200000, 0x000000070c400000|  0%| F|  |TAMS 0x000000070c200000| PB 0x000000070c200000| Untracked 
|  76|0x000000070c400000, 0x000000070c400000, 0x000000070c600000|  0%| F|  |TAMS 0x000000070c400000| PB 0x000000070c400000| Untracked 
|  77|0x000000070c600000, 0x000000070c600000, 0x000000070c800000|  0%| F|  |TAMS 0x000000070c600000| PB 0x000000070c600000| Untracked 
|  78|0x000000070c800000, 0x000000070c800000, 0x000000070ca00000|  0%| F|  |TAMS 0x000000070c800000| PB 0x000000070c800000| Untracked 
|  79|0x000000070ca00000, 0x000000070ca00000, 0x000000070cc00000|  0%| F|  |TAMS 0x000000070ca00000| PB 0x000000070ca00000| Untracked 
|  80|0x000000070cc00000, 0x000000070cc00000, 0x000000070ce00000|  0%| F|  |TAMS 0x000000070cc00000| PB 0x000000070cc00000| Untracked 
|  81|0x000000070ce00000, 0x000000070ce00000, 0x000000070d000000|  0%| F|  |TAMS 0x000000070ce00000| PB 0x000000070ce00000| Untracked 
|  82|0x000000070d000000, 0x000000070d000000, 0x000000070d200000|  0%| F|  |TAMS 0x000000070d000000| PB 0x000000070d000000| Untracked 
|  83|0x000000070d200000, 0x000000070d200000, 0x000000070d400000|  0%| F|  |TAMS 0x000000070d200000| PB 0x000000070d200000| Untracked 
|  84|0x000000070d400000, 0x000000070d400000, 0x000000070d600000|  0%| F|  |TAMS 0x000000070d400000| PB 0x000000070d400000| Untracked 
|  85|0x000000070d600000, 0x000000070d600000, 0x000000070d800000|  0%| F|  |TAMS 0x000000070d600000| PB 0x000000070d600000| Untracked 
|  86|0x000000070d800000, 0x000000070d800000, 0x000000070da00000|  0%| F|  |TAMS 0x000000070d800000| PB 0x000000070d800000| Untracked 
|  87|0x000000070da00000, 0x000000070da00000, 0x000000070dc00000|  0%| F|  |TAMS 0x000000070da00000| PB 0x000000070da00000| Untracked 
|  88|0x000000070dc00000, 0x000000070dc00000, 0x000000070de00000|  0%| F|  |TAMS 0x000000070dc00000| PB 0x000000070dc00000| Untracked 
|  89|0x000000070de00000, 0x000000070de00000, 0x000000070e000000|  0%| F|  |TAMS 0x000000070de00000| PB 0x000000070de00000| Untracked 
|  90|0x000000070e000000, 0x000000070e000000, 0x000000070e200000|  0%| F|  |TAMS 0x000000070e000000| PB 0x000000070e000000| Untracked 
|  91|0x000000070e200000, 0x000000070e200000, 0x000000070e400000|  0%| F|  |TAMS 0x000000070e200000| PB 0x000000070e200000| Untracked 
|  92|0x000000070e400000, 0x000000070e400000, 0x000000070e600000|  0%| F|  |TAMS 0x000000070e400000| PB 0x000000070e400000| Untracked 
|  93|0x000000070e600000, 0x000000070e600000, 0x000000070e800000|  0%| F|  |TAMS 0x000000070e600000| PB 0x000000070e600000| Untracked 
|  94|0x000000070e800000, 0x000000070e800000, 0x000000070ea00000|  0%| F|  |TAMS 0x000000070e800000| PB 0x000000070e800000| Untracked 
|  95|0x000000070ea00000, 0x000000070ea00000, 0x000000070ec00000|  0%| F|  |TAMS 0x000000070ea00000| PB 0x000000070ea00000| Untracked 
|  96|0x000000070ec00000, 0x000000070ec00000, 0x000000070ee00000|  0%| F|  |TAMS 0x000000070ec00000| PB 0x000000070ec00000| Untracked 
|  97|0x000000070ee00000, 0x000000070ee00000, 0x000000070f000000|  0%| F|  |TAMS 0x000000070ee00000| PB 0x000000070ee00000| Untracked 
|  98|0x000000070f000000, 0x000000070f000000, 0x000000070f200000|  0%| F|  |TAMS 0x000000070f000000| PB 0x000000070f000000| Untracked 
|  99|0x000000070f200000, 0x000000070f200000, 0x000000070f400000|  0%| F|  |TAMS 0x000000070f200000| PB 0x000000070f200000| Untracked 
| 100|0x000000070f400000, 0x000000070f400000, 0x000000070f600000|  0%| F|  |TAMS 0x000000070f400000| PB 0x000000070f400000| Untracked 
| 101|0x000000070f600000, 0x000000070f600000, 0x000000070f800000|  0%| F|  |TAMS 0x000000070f600000| PB 0x000000070f600000| Untracked 
| 102|0x000000070f800000, 0x000000070f800000, 0x000000070fa00000|  0%| F|  |TAMS 0x000000070f800000| PB 0x000000070f800000| Untracked 
| 103|0x000000070fa00000, 0x000000070fa00000, 0x000000070fc00000|  0%| F|  |TAMS 0x000000070fa00000| PB 0x000000070fa00000| Untracked 
| 104|0x000000070fc00000, 0x000000070fc00000, 0x000000070fe00000|  0%| F|  |TAMS 0x000000070fc00000| PB 0x000000070fc00000| Untracked 
| 105|0x000000070fe00000, 0x000000070fe00000, 0x0000000710000000|  0%| F|  |TAMS 0x000000070fe00000| PB 0x000000070fe00000| Untracked 
| 106|0x0000000710000000, 0x0000000710000000, 0x0000000710200000|  0%| F|  |TAMS 0x0000000710000000| PB 0x0000000710000000| Untracked 
| 107|0x0000000710200000, 0x0000000710200000, 0x0000000710400000|  0%| F|  |TAMS 0x0000000710200000| PB 0x0000000710200000| Untracked 
| 108|0x0000000710400000, 0x0000000710400000, 0x0000000710600000|  0%| F|  |TAMS 0x0000000710400000| PB 0x0000000710400000| Untracked 
| 109|0x0000000710600000, 0x0000000710600000, 0x0000000710800000|  0%| F|  |TAMS 0x0000000710600000| PB 0x0000000710600000| Untracked 
| 110|0x0000000710800000, 0x0000000710800000, 0x0000000710a00000|  0%| F|  |TAMS 0x0000000710800000| PB 0x0000000710800000| Untracked 
| 111|0x0000000710a00000, 0x0000000710a00000, 0x0000000710c00000|  0%| F|  |TAMS 0x0000000710a00000| PB 0x0000000710a00000| Untracked 
| 112|0x0000000710c00000, 0x0000000710c00000, 0x0000000710e00000|  0%| F|  |TAMS 0x0000000710c00000| PB 0x0000000710c00000| Untracked 
| 113|0x0000000710e00000, 0x0000000710e00000, 0x0000000711000000|  0%| F|  |TAMS 0x0000000710e00000| PB 0x0000000710e00000| Untracked 
| 114|0x0000000711000000, 0x0000000711000000, 0x0000000711200000|  0%| F|  |TAMS 0x0000000711000000| PB 0x0000000711000000| Untracked 
| 115|0x0000000711200000, 0x0000000711200000, 0x0000000711400000|  0%| F|  |TAMS 0x0000000711200000| PB 0x0000000711200000| Untracked 
| 116|0x0000000711400000, 0x0000000711400000, 0x0000000711600000|  0%| F|  |TAMS 0x0000000711400000| PB 0x0000000711400000| Untracked 
| 117|0x0000000711600000, 0x0000000711600000, 0x0000000711800000|  0%| F|  |TAMS 0x0000000711600000| PB 0x0000000711600000| Untracked 
| 118|0x0000000711800000, 0x0000000711800000, 0x0000000711a00000|  0%| F|  |TAMS 0x0000000711800000| PB 0x0000000711800000| Untracked 
| 119|0x0000000711a00000, 0x0000000711a00000, 0x0000000711c00000|  0%| F|  |TAMS 0x0000000711a00000| PB 0x0000000711a00000| Untracked 
| 120|0x0000000711c00000, 0x0000000711c00000, 0x0000000711e00000|  0%| F|  |TAMS 0x0000000711c00000| PB 0x0000000711c00000| Untracked 
| 121|0x0000000711e00000, 0x0000000711e00000, 0x0000000712000000|  0%| F|  |TAMS 0x0000000711e00000| PB 0x0000000711e00000| Untracked 
| 122|0x0000000712000000, 0x0000000712000000, 0x0000000712200000|  0%| F|  |TAMS 0x0000000712000000| PB 0x0000000712000000| Untracked 
| 123|0x0000000712200000, 0x0000000712200000, 0x0000000712400000|  0%| F|  |TAMS 0x0000000712200000| PB 0x0000000712200000| Untracked 
| 124|0x0000000712400000, 0x0000000712400000, 0x0000000712600000|  0%| F|  |TAMS 0x0000000712400000| PB 0x0000000712400000| Untracked 
| 125|0x0000000712600000, 0x00000007127c3160, 0x0000000712800000| 88%| E|  |TAMS 0x0000000712600000| PB 0x0000000712600000| Complete 
| 126|0x0000000712800000, 0x0000000712a00000, 0x0000000712a00000|100%| E|CS|TAMS 0x0000000712800000| PB 0x0000000712800000| Complete 

Card table byte_map: [0x0000027829460000,0x0000027829c50000] _byte_map_base: 0x0000027825c4a000

Marking Bits: (CMBitMap*) 0x000002781130a920
 Bits: [0x0000027829c50000, 0x000002782dba0000)

Polling page: 0x000002780f210000

Metaspace:

Usage:
  Non-class:    722.40 KB used.
      Class:     65.59 KB used.
       Both:    787.98 KB used.

Virtual space:
  Non-class space:       64.00 MB reserved,     768.00 KB (  1%) committed,  1 nodes.
      Class space:        1.00 GB reserved,     128.00 KB ( <1%) committed,  1 nodes.
             Both:        1.06 GB reserved,     896.00 KB ( <1%) committed. 

Chunk freelists:
   Non-Class:  11.95 MB
       Class:  15.73 MB
        Both:  27.68 MB

MaxMetaspaceSize: unlimited
CompressedClassSpaceSize: 1.00 GB
Initial GC threshold: 21.00 MB
Current GC threshold: 21.00 MB
CDS: on
 - commit_granule_bytes: 65536.
 - commit_granule_words: 8192.
 - virtual_space_node_default_size: 8388608.
 - enlarge_chunks_in_place: 1.
 - use_allocation_guard: 0.


Internal statistics:

num_allocs_failed_limit: 0.
num_arena_births: 24.
num_arena_deaths: 0.
num_vsnodes_births: 2.
num_vsnodes_deaths: 0.
num_space_committed: 14.
num_space_uncommitted: 0.
num_chunks_returned_to_freelist: 0.
num_chunks_taken_from_freelist: 30.
num_chunk_merges: 0.
num_chunk_splits: 20.
num_chunks_enlarged: 12.
num_inconsistent_stats: 0.

CodeHeap 'non-profiled nmethods': size=120000Kb used=85Kb max_used=85Kb free=119914Kb
 bounds [0x00000278211e0000, 0x0000027821450000, 0x0000027828710000]
CodeHeap 'profiled nmethods': size=120000Kb used=242Kb max_used=242Kb free=119757Kb
 bounds [0x0000027819710000, 0x0000027819980000, 0x0000027820c40000]
CodeHeap 'non-nmethods': size=5760Kb used=1310Kb max_used=1320Kb free=4449Kb
 bounds [0x0000027820c40000, 0x0000027820eb0000, 0x00000278211e0000]
 total_blobs=654 nmethods=231 adapters=328
 compilation: enabled
              stopped_count=0, restarted_count=0
 full_count=0

Compilation events (20 events):
Event: 0.181 Thread 0x0000027830819b60 nmethod 213 0x00000278211f2490 code [0x00000278211f2620, 0x00000278211f26e8]
Event: 0.182 Thread 0x0000027830819b60  216       3       jdk.internal.org.objectweb.asm.ByteVector::putShort (52 bytes)
Event: 0.182 Thread 0x0000027830819b60 nmethod 216 0x0000027819747b90 code [0x0000027819747d40, 0x0000027819747f58]
Event: 0.182 Thread 0x0000027830819b60  217       1       java.lang.invoke.MethodTypeForm::erasedType (5 bytes)
Event: 0.182 Thread 0x0000027830819b60 nmethod 217 0x00000278211f2790 code [0x00000278211f2920, 0x00000278211f29f0]
Event: 0.182 Thread 0x0000027830819b60  218       3       java.util.zip.ZipUtils::CENHOW (9 bytes)
Event: 0.183 Thread 0x0000027830819b60 nmethod 218 0x0000027819748090 code [0x0000027819748240, 0x00000278197483f0]
Event: 0.184 Thread 0x0000027830819b60  219       3       java.lang.StringLatin1::newString (24 bytes)
Event: 0.186 Thread 0x0000027830819b60 nmethod 219 0x0000027819748510 code [0x00000278197487e0, 0x00000278197495e8]
Event: 0.190 Thread 0x0000027830819b60  220       3       java.lang.System::getSecurityManager (12 bytes)
Event: 0.191 Thread 0x0000027830819b60 nmethod 220 0x0000027819749b10 code [0x0000027819749cc0, 0x0000027819749e30]
Event: 0.192 Thread 0x0000027830819b60  221       3       java.lang.StringUTF16::getChar (60 bytes)
Event: 0.193 Thread 0x0000027830819b60 nmethod 221 0x0000027819749f10 code [0x000002781974a0c0, 0x000002781974a230]
Event: 0.193 Thread 0x00000278307f90b0 nmethod 180 0x00000278211f2a90 code [0x00000278211f2ce0, 0x00000278211f39d0]
Event: 0.193 Thread 0x00000278307f90b0  202       4       java.lang.String::charAt (25 bytes)
Event: 0.195 Thread 0x00000278307f90b0 nmethod 202 0x00000278211f4090 code [0x00000278211f4220, 0x00000278211f4350]
Event: 0.200 Thread 0x0000027830819b60  222       3       java.util.Arrays::copyOf (33 bytes)
Event: 0.201 Thread 0x0000027830819b60 nmethod 222 0x000002781974a310 code [0x000002781974a500, 0x000002781974aa00]
Event: 0.201 Thread 0x0000027830819b60  223       3       java.lang.StringLatin1::lastIndexOf (40 bytes)
Event: 0.201 Thread 0x0000027830819b60 nmethod 223 0x000002781974ab90 code [0x000002781974ad60, 0x000002781974b168]

GC Heap History (0 events):
No events

Dll operation events (9 events):
Event: 0.013 Loaded shared library C:\Program Files\Java\jdk-21\bin\java.dll
Event: 0.066 Loaded shared library C:\Program Files\Java\jdk-21\bin\jsvml.dll
Event: 0.140 Loaded shared library C:\Program Files\Java\jdk-21\bin\zip.dll
Event: 0.146 Loaded shared library C:\Program Files\Java\jdk-21\bin\instrument.dll
Event: 0.154 Loaded shared library C:\Program Files\Java\jdk-21\bin\net.dll
Event: 0.157 Loaded shared library C:\Program Files\Java\jdk-21\bin\nio.dll
Event: 0.164 Loaded shared library C:\Program Files\Java\jdk-21\bin\zip.dll
Event: 0.189 Loaded shared library C:\Program Files\JetBrains\IntelliJ IDEA 2023.3.2\bin\breakgen64.dll
Event: 0.199 Loaded shared library C:\Users\MSI\IdeaProjects\RustJava\Rust\myTrainerlib\target\debug\myTrainerlib.dll

Deoptimization events (16 events):
Event: 0.166 Thread 0x000002780f00eda0 Uncommon trap: trap_request=0xffffffde fr.pc=0x00000278211eea5c relative=0x000000000000099c
Event: 0.166 Thread 0x000002780f00eda0 Uncommon trap: reason=class_check action=maybe_recompile pc=0x00000278211eea5c method=java.util.HashMap.putVal(ILjava/lang/Object;Ljava/lang/Object;ZZ)Ljava/lang/Object; @ 152 c2
Event: 0.166 Thread 0x000002780f00eda0 DEOPT PACKING pc=0x00000278211eea5c sp=0x000000e2e2efe4e0
Event: 0.166 Thread 0x000002780f00eda0 DEOPT UNPACKING pc=0x0000027820c946a2 sp=0x000000e2e2efe460 mode 2
Event: 0.166 Thread 0x000002780f00eda0 Uncommon trap: trap_request=0xffffffde fr.pc=0x00000278211eea5c relative=0x000000000000099c
Event: 0.166 Thread 0x000002780f00eda0 Uncommon trap: reason=class_check action=maybe_recompile pc=0x00000278211eea5c method=java.util.HashMap.putVal(ILjava/lang/Object;Ljava/lang/Object;ZZ)Ljava/lang/Object; @ 152 c2
Event: 0.166 Thread 0x000002780f00eda0 DEOPT PACKING pc=0x00000278211eea5c sp=0x000000e2e2efe4e0
Event: 0.166 Thread 0x000002780f00eda0 DEOPT UNPACKING pc=0x0000027820c946a2 sp=0x000000e2e2efe460 mode 2
Event: 0.166 Thread 0x000002780f00eda0 Uncommon trap: trap_request=0xffffffde fr.pc=0x00000278211eea5c relative=0x000000000000099c
Event: 0.166 Thread 0x000002780f00eda0 Uncommon trap: reason=class_check action=maybe_recompile pc=0x00000278211eea5c method=java.util.HashMap.putVal(ILjava/lang/Object;Ljava/lang/Object;ZZ)Ljava/lang/Object; @ 152 c2
Event: 0.166 Thread 0x000002780f00eda0 DEOPT PACKING pc=0x00000278211eea5c sp=0x000000e2e2efe4e0
Event: 0.166 Thread 0x000002780f00eda0 DEOPT UNPACKING pc=0x0000027820c946a2 sp=0x000000e2e2efe460 mode 2
Event: 0.166 Thread 0x000002780f00eda0 Uncommon trap: trap_request=0xffffffde fr.pc=0x00000278211eea5c relative=0x000000000000099c
Event: 0.166 Thread 0x000002780f00eda0 Uncommon trap: reason=class_check action=maybe_recompile pc=0x00000278211eea5c method=java.util.HashMap.putVal(ILjava/lang/Object;Ljava/lang/Object;ZZ)Ljava/lang/Object; @ 152 c2
Event: 0.166 Thread 0x000002780f00eda0 DEOPT PACKING pc=0x00000278211eea5c sp=0x000000e2e2efe4e0
Event: 0.166 Thread 0x000002780f00eda0 DEOPT UNPACKING pc=0x0000027820c946a2 sp=0x000000e2e2efe460 mode 2

Classes loaded (20 events):
Event: 0.202 Loading class java/net/DelegatingSocketImpl
Event: 0.202 Loading class java/net/DelegatingSocketImpl done
Event: 0.202 Loading class java/net/SocksSocketImpl done
Event: 0.202 Loading class sun/nio/ch/Net
Event: 0.203 Loading class sun/nio/ch/Net done
Event: 0.203 Loading class java/lang/Math$RandomNumberGeneratorHolder
Event: 0.203 Loading class sun/nio/ch/Net$1
Event: 0.203 Loading class java/net/ProtocolFamily
Event: 0.203 Loading class java/lang/Math$RandomNumberGeneratorHolder done
Event: 0.203 Loading class java/net/ProtocolFamily done
Event: 0.203 Loading class sun/nio/ch/Net$1 done
Event: 0.203 Loading class sun/net/ext/ExtendedSocketOptions
Event: 0.203 Loading class sun/net/ext/ExtendedSocketOptions done
Event: 0.203 Loading class jdk/net/ExtendedSocketOptions
Event: 0.204 Loading class jdk/net/ExtendedSocketOptions done
Event: 0.204 Loading class jdk/net/ExtendedSocketOptions$ExtSocketOption
Event: 0.204 Loading class java/net/SocketOption
Event: 0.204 Loading class java/net/SocketOption done
Event: 0.204 Loading class jdk/net/ExtendedSocketOptions$ExtSocketOption done
Event: 0.204 Loading class jdk/net/UnixDomainPrincipal

Classes unloaded (0 events):
No events

Classes redefined (0 events):
No events

Internal exceptions (2 events):
Event: 0.172 Thread 0x000002780f00eda0 Exception <a 'java/lang/NoSuchMethodError'{0x0000000712707dd8}: 'void java.lang.invoke.DirectMethodHandle$Holder.invokeStatic(java.lang.Object, java.lang.Object, java.lang.Object)'> (0x0000000712707dd8) 
thrown [s\open\src\hotspot\share\interpreter\linkResolver.cpp, line 773]
Event: 0.181 Thread 0x000002780f00eda0 Exception <a 'java/lang/NoSuchMethodError'{0x000000071271f2e0}: 'java.lang.Object java.lang.invoke.Invokers$Holder.invokeExact_MT(java.lang.Object, java.lang.Object, java.lang.Object, java.lang.Object, java.lang.Object)'> (0x000000071271f2e0) 
thrown [s\open\src\hotspot\share\interpreter\linkResolver.cpp, line 773]

ZGC Phase Switch (0 events):
No events

VM Operations (2 events):
Event: 0.119 Executing VM operation: HandshakeAllThreads (Deoptimize)
Event: 0.119 Executing VM operation: HandshakeAllThreads (Deoptimize) done

Events (12 events):
Event: 0.038 Thread 0x000002780f00eda0 Thread added: 0x000002780f00eda0
Event: 0.061 Thread 0x00000278307e0490 Thread added: 0x00000278307e0490
Event: 0.061 Thread 0x00000278307e1560 Thread added: 0x00000278307e1560
Event: 0.062 Thread 0x00000278307e45d0 Thread added: 0x00000278307e45d0
Event: 0.062 Thread 0x00000278307e9a70 Thread added: 0x00000278307e9a70
Event: 0.062 Thread 0x00000278307e7310 Thread added: 0x00000278307e7310
Event: 0.062 Thread 0x00000278307e86c0 Thread added: 0x00000278307e86c0
Event: 0.063 Thread 0x00000278307f90b0 Thread added: 0x00000278307f90b0
Event: 0.063 Thread 0x0000027830819b60 Thread added: 0x0000027830819b60
Event: 0.108 Thread 0x00000278307e8d50 Thread added: 0x00000278307e8d50
Event: 0.190 Thread 0x00000278307e93e0 Thread added: 0x00000278307e93e0
Event: 0.191 Thread 0x00000278307ea100 Thread added: 0x00000278307ea100


Dynamic libraries:
0x00007ff6c2c50000 - 0x00007ff6c2c60000 	C:\Program Files\Java\jdk-21\bin\java.exe
0x00007ffc4eb30000 - 0x00007ffc4ed28000 	C:\Windows\SYSTEM32\ntdll.dll
0x00007ffc4d700000 - 0x00007ffc4d7bd000 	C:\Windows\System32\KERNEL32.DLL
0x00007ffc4c210000 - 0x00007ffc4c506000 	C:\Windows\System32\KERNELBASE.dll
0x00007ffc4c650000 - 0x00007ffc4c750000 	C:\Windows\System32\ucrtbase.dll
0x00007ffc48f60000 - 0x00007ffc48f79000 	C:\Program Files\Java\jdk-21\bin\jli.dll
0x00007ffc48e60000 - 0x00007ffc48e7b000 	C:\Program Files\Java\jdk-21\bin\VCRUNTIME140.dll
0x00007ffc4d090000 - 0x00007ffc4d13e000 	C:\Windows\System32\ADVAPI32.dll
0x00007ffc4e8f0000 - 0x00007ffc4e98e000 	C:\Windows\System32\msvcrt.dll
0x00007ffc4d7c0000 - 0x00007ffc4d85c000 	C:\Windows\System32\sechost.dll
0x00007ffc4e9c0000 - 0x00007ffc4eae6000 	C:\Windows\System32\RPCRT4.dll
0x00007ffc4e270000 - 0x00007ffc4e40e000 	C:\Windows\System32\USER32.dll
0x00007ffc4c750000 - 0x00007ffc4c772000 	C:\Windows\System32\win32u.dll
0x00007ffc2fc60000 - 0x00007ffc2fefa000 	C:\Windows\WinSxS\amd64_microsoft.windows.common-controls_6595b64144ccf1df_6.0.19041.1110_none_60b5254171f9507e\COMCTL32.dll
0x00007ffc4d000000 - 0x00007ffc4d02c000 	C:\Windows\System32\GDI32.dll
0x00007ffc4c7d0000 - 0x00007ffc4c8ea000 	C:\Windows\System32\gdi32full.dll
0x00007ffc4c8f0000 - 0x00007ffc4c98d000 	C:\Windows\System32\msvcp_win.dll
0x00007ffc45930000 - 0x00007ffc4593a000 	C:\Windows\SYSTEM32\VERSION.dll
0x00007ffc4e990000 - 0x00007ffc4e9c0000 	C:\Windows\System32\IMM32.DLL
0x00007ffc48f50000 - 0x00007ffc48f5c000 	C:\Program Files\Java\jdk-21\bin\vcruntime140_1.dll
0x00007ffc20700000 - 0x00007ffc2078e000 	C:\Program Files\Java\jdk-21\bin\msvcp140.dll
0x00007ffc0fc90000 - 0x00007ffc109a3000 	C:\Program Files\Java\jdk-21\bin\server\jvm.dll
0x00007ffc4d5c0000 - 0x00007ffc4d62b000 	C:\Windows\System32\WS2_32.dll
0x00007ffc4b7b0000 - 0x00007ffc4b7fb000 	C:\Windows\SYSTEM32\POWRPROF.dll
0x00007ffc2f6e0000 - 0x00007ffc2f707000 	C:\Windows\SYSTEM32\WINMM.dll
0x00007ffc4b630000 - 0x00007ffc4b642000 	C:\Windows\SYSTEM32\UMPDC.dll
0x00007ffc4a0a0000 - 0x00007ffc4a0b2000 	C:\Windows\SYSTEM32\kernel.appcore.dll
0x00007ffc48e50000 - 0x00007ffc48e5a000 	C:\Program Files\Java\jdk-21\bin\jimage.dll
0x00007ffc3ad80000 - 0x00007ffc3af64000 	C:\Windows\SYSTEM32\DBGHELP.DLL
0x00007ffc363c0000 - 0x00007ffc363f4000 	C:\Windows\SYSTEM32\dbgcore.DLL
0x00007ffc4c510000 - 0x00007ffc4c592000 	C:\Windows\System32\bcryptPrimitives.dll
0x00007ffc48e30000 - 0x00007ffc48e3f000 	C:\Program Files\Java\jdk-21\bin\instrument.dll
0x00007ffc464b0000 - 0x00007ffc464cf000 	C:\Program Files\Java\jdk-21\bin\java.dll
0x00007ffc4db20000 - 0x00007ffc4e265000 	C:\Windows\System32\SHELL32.dll
0x00007ffc4a2a0000 - 0x00007ffc4aa3b000 	C:\Windows\SYSTEM32\windows.storage.dll
0x00007ffc4e410000 - 0x00007ffc4e764000 	C:\Windows\System32\combase.dll
0x00007ffc4bc50000 - 0x00007ffc4bc7e000 	C:\Windows\SYSTEM32\Wldp.dll
0x00007ffc4d510000 - 0x00007ffc4d5bd000 	C:\Windows\System32\SHCORE.dll
0x00007ffc4da10000 - 0x00007ffc4da65000 	C:\Windows\System32\shlwapi.dll
0x00007ffc4c140000 - 0x00007ffc4c165000 	C:\Windows\SYSTEM32\profapi.dll
0x00007ffc13a60000 - 0x00007ffc13b37000 	C:\Program Files\Java\jdk-21\bin\jsvml.dll
0x00007ffc3b020000 - 0x00007ffc3b038000 	C:\Program Files\Java\jdk-21\bin\zip.dll
0x00007ffc46480000 - 0x00007ffc46490000 	C:\Program Files\Java\jdk-21\bin\net.dll
0x00007ffc46230000 - 0x00007ffc4633a000 	C:\Windows\SYSTEM32\WINHTTP.dll
0x00007ffc4b9b0000 - 0x00007ffc4ba1a000 	C:\Windows\system32\mswsock.dll
0x00007ffc44c40000 - 0x00007ffc44c56000 	C:\Program Files\Java\jdk-21\bin\nio.dll
0x00007ffc383a0000 - 0x00007ffc383ba000 	C:\Program Files\JetBrains\IntelliJ IDEA 2023.3.2\bin\breakgen64.dll
0x00007ffc20640000 - 0x00007ffc206f2000 	C:\Users\MSI\IdeaProjects\RustJava\Rust\myTrainerlib\target\debug\myTrainerlib.dll
0x00007ffc44870000 - 0x00007ffc44877000 	C:\Program Files\Java\jdk-21\bin\extnet.dll

dbghelp: loaded successfully - version: 4.0.5 - missing functions: none
symbol engine: initialized successfully - sym options: 0x614 - pdb path: .;C:\Program Files\Java\jdk-21\bin;C:\Windows\SYSTEM32;C:\Windows\WinSxS\amd64_microsoft.windows.common-controls_6595b64144ccf1df_6.0.19041.1110_none_60b5254171f9507e;C:\Program Files\Java\jdk-21\bin\server;C:\Program Files\JetBrains\IntelliJ IDEA 2023.3.2\bin;C:\Users\MSI\IdeaProjects\RustJava\Rust\myTrainerlib\target\debug

VM Arguments:
jvm_args: -javaagent:C:\Program Files\JetBrains\IntelliJ IDEA 2023.3.2\lib\idea_rt.jar=63502:C:\Program Files\JetBrains\IntelliJ IDEA 2023.3.2\bin -Dfile.encoding=UTF-8 -Dsun.stdout.encoding=UTF-8 -Dsun.stderr.encoding=UTF-8 
java_command: Main
java_class_path (initial): C:\Users\MSI\IdeaProjects\RustJava\out\production\RustJava;C:\Users\MSI\Downloads\jna-jpms-5.14.0.jar
Launcher Type: SUN_STANDARD

[Global flags]
     intx CICompilerCount                          = 4                                         {product} {ergonomic}
     uint ConcGCThreads                            = 3                                         {product} {ergonomic}
     uint G1ConcRefinementThreads                  = 10                                        {product} {ergonomic}
   size_t G1HeapRegionSize                         = 2097152                                   {product} {ergonomic}
    uintx GCDrainStackTargetSize                   = 64                                        {product} {ergonomic}
   size_t InitialHeapSize                          = 266338304                                 {product} {ergonomic}
   size_t MarkStackSize                            = 4194304                                   {product} {ergonomic}
   size_t MaxHeapSize                              = 4248829952                                {product} {ergonomic}
   size_t MaxNewSize                               = 2548039680                                {product} {ergonomic}
   size_t MinHeapDeltaBytes                        = 2097152                                   {product} {ergonomic}
   size_t MinHeapSize                              = 8388608                                   {product} {ergonomic}
    uintx NonNMethodCodeHeapSize                   = 5839372                                {pd product} {ergonomic}
    uintx NonProfiledCodeHeapSize                  = 122909434                              {pd product} {ergonomic}
    uintx ProfiledCodeHeapSize                     = 122909434                              {pd product} {ergonomic}
    uintx ReservedCodeCacheSize                    = 251658240                              {pd product} {ergonomic}
     bool SegmentedCodeCache                       = true                                      {product} {ergonomic}
   size_t SoftMaxHeapSize                          = 4248829952                             {manageable} {ergonomic}
     bool UseCompressedOops                        = true                           {product lp64_product} {ergonomic}
     bool UseG1GC                                  = true                                      {product} {ergonomic}
     bool UseLargePagesIndividualAllocation        = false                                  {pd product} {ergonomic}

Logging:
Log output configuration:
 #0: stdout all=warning uptime,level,tags foldmultilines=false
 #1: stderr all=off uptime,level,tags foldmultilines=false

Environment Variables:
PATH=C:\Program Files (x86)\VMware\VMware Player\bin\;C:\Program Files\Common Files\Oracle\Java\javapath;C:\Windows\system32;C:\Windows;C:\Windows\System32\Wbem;C:\Windows\System32\WindowsPowerShell\v1.0\;C:\Windows\System32\OpenSSH\;C:\Program Files\Git\cmd;C:\Users\MSI\AppData\Roaming\nvm;C:\Program Files\nodejs;C:\Program Files\Java\jdk-21\bin;C:\Users\MSI\AppData\Local\Programs\Python\Python312\Scripts\;C:\Users\MSI\AppData\Local\Programs\Python\Python312\;C:\Users\MSI\AppData\Local\Programs\Python\Launcher\;C:\Users\MSI\.cargo\bin;C:\Users\MSI\AppData\Local\Microsoft\WindowsApps;C:\Users\MSI\AppData\Local\GitHubDesktop\bin;C:\Program Files\JetBrains\IntelliJ IDEA Educational Edition 2022.2.2\bin;;C:\Program Files\JetBrains\PyCharm Community Edition 2022.1.2\bin;;C:\Users\MSI\AppData\Local\Programs\Microsoft VS Code\bin;C:\Users\MSI\AppData\Roaming\npm;C:\Users\MSI\AppData\Roaming\nvm;C:\Program Files\nodejs;C:\Program Files\JetBrains\CLion 2023.3.2\bin;;C:\Program Files\JetBrains\IntelliJ IDEA 2023.3.2\bin;;C:\Program Files\Neovim\bin
USERNAME=MSI
OS=Windows_NT
PROCESSOR_IDENTIFIER=Intel64 Family 6 Model 165 Stepping 2, GenuineIntel
TMP=C:\Users\MSI\AppData\Local\Temp
TEMP=C:\Users\MSI\AppData\Local\Temp




---------------  S Y S T E M  ---------------

OS:
 Windows 10 , 64 bit Build 19041 (10.0.19041.3393)
OS uptime: 4 days 16:10 hours

CPU: total 12 (initial active 12) (6 cores per cpu, 2 threads per core) family 6 model 165 stepping 2 microcode 0xe2, cx8, cmov, fxsr, ht, mmx, 3dnowpref, sse, sse2, sse3, ssse3, sse4.1, sse4.2, popcnt, lzcnt, tsc, tscinvbit, avx, avx2, aes, erms, clmul, bmi1, bmi2, adx, fma, vzeroupper, clflush, clflushopt, rdtscp, f16c, pku
Processor Information for all 12 processors :
  Max Mhz: 2496, Current Mhz: 2496, Mhz Limit: 2496

Memory: 4k page, system-wide physical 16205M (6196M free)
TotalPageFile size 18637M (AvailPageFile size 3799M)
current process WorkingSet (physical memory assigned to process): 39M, peak: 39M
current process commit charge ("private bytes"): 343M, peak: 343M

vm_info: Java HotSpot(TM) 64-Bit Server VM (21+35-LTS-2513) for windows-amd64 JRE (21+35-LTS-2513), built on 2023-08-09T20:25:10Z by "mach5one" with MS VC++ 17.1 (VS2022)

END.
