#
# A fatal error has been detected by the Java Runtime Environment:
#
#  EXCEPTION_ACCESS_VIOLATION (0xc0000005) at pc=0x00007ffc101341e0, pid=9364, tid=5628
#
# JRE version: Java(TM) SE Runtime Environment (21.0+35) (build 21+35-LTS-2513)
# Java VM: Java HotSpot(TM) 64-Bit Server VM (21+35-LTS-2513, mixed mode, sharing, tiered, compressed oops, compressed class ptrs, g1 gc, windows-amd64)
# Problematic frame:
# V  [jvm.dll+0x4441e0]
#
# No core dump will be written. Minidumps are not enabled by default on client versions of Windows
#
# If you would like to submit a bug report, please visit:
#   https://bugreport.java.com/bugreport/crash.jsp
#

---------------  S U M M A R Y ------------

Command Line: -javaagent:C:\Program Files\JetBrains\IntelliJ IDEA 2023.3.2\lib\idea_rt.jar=53029:C:\Program Files\JetBrains\IntelliJ IDEA 2023.3.2\bin -Dfile.encoding=UTF-8 -Dsun.stdout.encoding=UTF-8 -Dsun.stderr.encoding=UTF-8 Main

Host: Intel(R) Core(TM) i5-10500H CPU @ 2.50GHz, 12 cores, 15G,  Windows 10 , 64 bit Build 19041 (10.0.19041.3393)
Time: Mon Jan 15 20:28:16 2024 W. Central Africa Standard Time elapsed time: 0.240699 seconds (0d 0h 0m 0s)

---------------  T H R E A D  ---------------

Current thread (0x000001dbe04e4650):  JavaThread "main"             [_thread_in_vm, id=5628, stack(0x00000013f7d00000,0x00000013f7e00000) (1024K)]

Stack: [0x00000013f7d00000,0x00000013f7e00000],  sp=0x00000013f7dfe370,  free space=1016k
Native frames: (J=compiled Java code, j=interpreted, Vv=VM code, C=native code)
V  [jvm.dll+0x4441e0]
C  [myTrainerlib.dll+0x7e2a]

Java frames: (J=compiled Java code, j=interpreted, Vv=VM code)
j  BinTrainer.learn(IDLjava/util/List;)I+0
j  Main.main([Ljava/lang/String;)V+90
v  ~StubRoutines::call_stub 0x000001dbf166100d

siginfo: EXCEPTION_ACCESS_VIOLATION (0xc0000005), reading address 0x0000000000000009


Registers:
RAX=0x0000000000000001, RBX=0x000001dbe04e4650, RCX=0x000001dbe04e4a08, RDX=0x0000000712733ad8
RSP=0x00000013f7dfe370, RBP=0x00000013f7dfeec0, RSI=0x0000000000000000, RDI=0x0000000712733ad8
R8 =0x0000000000000040, R9 =0x0000000000000040, R10=0x00007ffc48e60000, R11=0x00007ffc48e615d1
R12=0x0000000000000000, R13=0x000001dbc3408c60, R14=0x00000013f7dff668, R15=0x000001dbe04e4650
RIP=0x00007ffc101341e0, EFLAGS=0x0000000000010202


Register to memory mapping:

RAX=0x0000000000000001 is an unknown value
RBX=0x000001dbe04e4650 is a thread
RCX=0x000001dbe04e4a08 points into unknown readable memory: 0x00007ffc108aa600 | 00 a6 8a 10 fc 7f 00 00
RDX=0x0000000712733ad8 is an oop: java.util.ArrayList 
{0x0000000712733ad8} - klass: 'java/util/ArrayList'
 - ---- fields (total size 3 words):
 - protected transient 'modCount' 'I' @12  4 (0x00000004)
 - private 'size' 'I' @16  4 (0x00000004)
 - transient 'elementData' '[Ljava/lang/Object;' @20  a 'java/lang/Object'[10] {0x0000000712734688} (0xe24e68d1)
RSP=0x00000013f7dfe370 is pointing into the stack for thread: 0x000001dbe04e4650
RBP=0x00000013f7dfeec0 is pointing into the stack for thread: 0x000001dbe04e4650
RSI=0x0 is null
RDI=0x0000000712733ad8 is an oop: java.util.ArrayList 
{0x0000000712733ad8} - klass: 'java/util/ArrayList'
 - ---- fields (total size 3 words):
 - protected transient 'modCount' 'I' @12  4 (0x00000004)
 - private 'size' 'I' @16  4 (0x00000004)
 - transient 'elementData' '[Ljava/lang/Object;' @20  a 'java/lang/Object'[10] {0x0000000712734688} (0xe24e68d1)
R8 =0x0000000000000040 is an unknown value
R9 =0x0000000000000040 is an unknown value
R10=0x00007ffc48e60000 VCRUNTIME140.dll
R11=0x00007ffc48e615d1 VCRUNTIME140.dll
R12=0x0 is null
R13=0x000001dbc3408c60 is pointing into metadata
R14=0x00000013f7dff668 is pointing into the stack for thread: 0x000001dbe04e4650
R15=0x000001dbe04e4650 is a thread

Top of Stack: (sp=0x00000013f7dfe370)
0x00000013f7dfe370:   00000013f7dfed38 00007ffc141149f3
0x00000013f7dfe380:   00007ffc101345c0 00007ffc1013b380
0x00000013f7dfe390:   000001dbe04e4650 0000000000000000
0x00000013f7dfe3a0:   0100000000000038 00000013f7dfed28
0x00000013f7dfe3b0:   000001dbf166896e 00007ffc14107e2a
0x00000013f7dfe3c0:   000001dbc3408c68 00007ffc14161714
0x00000013f7dfe3d0:   000001dbffc37360 0000000000000038
0x00000013f7dfe3e0:   000001dbffc37360 0000000000000038
0x00000013f7dfe3f0:   000001dbffc37360 000001dbe04e4a08
0x00000013f7dfe400:   00007ffc10134110 00007ffc108aa600
0x00000013f7dfe410:   000001dbe04e4a08 00000013f7dff4a8
0x00000013f7dfe420:   0000000712733ad8 00000013f7dff148
0x00000013f7dfe430:   00000013f7dff148 0000000712733ad8
0x00000013f7dfe440:   00000013f7dfe8ff fffffffffffffffe
0x00000013f7dfe450:   00000013f7dfe7a0 00007ffc1412c7ca
0x00000013f7dfe460:   00007ffc1013dd00 00007ffc10127b70
0x00000013f7dfe470:   00007ffc10127d10 0000000000000005
0x00000013f7dfe480:   00000013f7dfe8ff 0000000000000000
0x00000013f7dfe490:   00000013f7dfe7f8 0000000000000000
0x00000013f7dfe4a0:   00007ffc1012a300 0000000000000500
0x00000013f7dfe4b0:   00007ffc1416163b 00000013f7dfc628
0x00000013f7dfe4c0:   00007ffc1416163c 0000000000000008
0x00000013f7dfe4d0:   0000000000000000 0000000000000005
0x00000013f7dfe4e0:   0000000000000500 0000000000000000
0x00000013f7dfe4f0:   00000013f7dfc628 00007ffc1416163c
0x00000013f7dfe500:   0000000000000008 0000000000000000
0x00000013f7dfe510:   0000000000000000 0000000000000003
0x00000013f7dfe520:   000001dbffc37360 0000000000000000
0x00000013f7dfe530:   00007ffc1012be20 0000000000000000
0x00000013f7dfe540:   0000000000000000 0000000000000000
0x00000013f7dfe550:   0000000000000000 00007ffc10130f60
0x00000013f7dfe560:   00007ffc101315b0 00007ffc101318b0 

Instructions: (pc=0x00007ffc101341e0)
0x00007ffc101340e0:   48 8d 8b 98 03 00 00 e8 e4 29 ed ff 90 48 8b c6
0x00007ffc101340f0:   c7 83 4c 04 00 00 04 00 00 00 48 81 c4 c0 00 00
0x00007ffc10134100:   00 5f 5e 5b c3 cc cc cc cc cc cc cc cc cc cc cc
0x00007ffc10134110:   48 89 5c 24 08 48 89 74 24 10 57 48 83 ec 40 8b
0x00007ffc10134120:   81 b8 00 00 00 48 8d 99 48 fc ff ff 05 53 21 ff
0x00007ffc10134130:   ff 48 8b fa 83 f8 01 77 08 48 8b cb e8 bf 78 fa
0x00007ffc10134140:   ff 80 3d 69 c3 7d 00 00 c7 83 4c 04 00 00 06 00
0x00007ffc10134150:   00 00 75 06 e8 77 58 27 00 90 48 8b 83 50 04 00
0x00007ffc10134160:   00 a8 01 74 0d 45 33 c0 b2 01 48 8b cb e8 be 54
0x00007ffc10134170:   2e 00 8b 83 48 04 00 00 a8 0c 74 08 48 8b cb e8
0x00007ffc10134180:   2c 8e fa ff 33 f6 c7 83 4c 04 00 00 06 00 00 00
0x00007ffc10134190:   48 89 5c 24 20 48 89 74 24 28 48 39 73 08 74 0a
0x00007ffc101341a0:   48 8d 4c 24 20 e8 46 1e 2b 00 48 8b c7 83 e0 03
0x00007ffc101341b0:   48 83 f8 01 75 0c 48 8d 4f ff ff 15 e0 37 77 00
0x00007ffc101341c0:   eb 15 48 83 f8 02 75 0c 48 8d 4f fe ff 15 4e ae
0x00007ffc101341d0:   76 00 eb 03 48 8b 07 40 38 35 40 53 77 00 74 15
0x00007ffc101341e0:   8b 40 08 8b 0d 8f 3d 77 00 48 d3 e0 48 03 05 7d
0x00007ffc101341f0:   3d 77 00 eb 04 48 8b 40 08 48 8b 48 70 48 85 c9
0x00007ffc10134200:   74 09 ff 15 18 ae 76 00 48 8b f0 45 33 c0 48 8b
0x00007ffc10134210:   d6 48 8b cb e8 87 6a 02 00 48 83 7c 24 28 00 48
0x00007ffc10134220:   8b f0 74 0a 48 8d 4c 24 20 e8 42 1e 2b 00 48 8b
0x00007ffc10134230:   bb 98 01 00 00 48 8b 4f 10 48 83 39 00 74 08 48
0x00007ffc10134240:   8b cf e8 c9 a5 f5 ff 48 8b 4f 08 48 8b 47 10 48
0x00007ffc10134250:   89 41 10 48 8b 4f 08 48 8b 47 18 48 89 41 18 48
0x00007ffc10134260:   8b 4f 08 48 8b 47 20 48 89 41 20 48 8d 8b 98 03
0x00007ffc10134270:   00 00 e8 59 28 ed ff 90 48 8b c6 48 8b 74 24 58
0x00007ffc10134280:   c7 83 4c 04 00 00 04 00 00 00 48 8b 5c 24 50 48
0x00007ffc10134290:   83 c4 40 5f c3 cc cc cc cc cc cc cc cc cc cc cc
0x00007ffc101342a0:   48 89 5c 24 18 48 89 74 24 20 57 48 83 ec 20 8b
0x00007ffc101342b0:   81 b8 00 00 00 48 8d 99 48 fc ff ff 05 53 21 ff
0x00007ffc101342c0:   ff 4c 89 74 24 38 4d 8b f0 48 8b f2 83 f8 01 77
0x00007ffc101342d0:   08 48 8b cb e8 27 77 fa ff 80 3d d1 c1 7d 00 00 


Stack slot to memory mapping:

stack at sp + 0 slots: 0x00000013f7dfed38 is pointing into the stack for thread: 0x000001dbe04e4650
stack at sp + 1 slots: 0x00007ffc141149f3 myTrainerlib.dll
stack at sp + 2 slots: 0x00007ffc101345c0 jvm.dll
stack at sp + 3 slots: 0x00007ffc1013b380 jvm.dll
stack at sp + 4 slots: 0x000001dbe04e4650 is a thread
stack at sp + 5 slots: 0x0 is null
stack at sp + 6 slots: 0x0100000000000038 is an unknown value
stack at sp + 7 slots: 0x00000013f7dfed28 is pointing into the stack for thread: 0x000001dbe04e4650


---------------  P R O C E S S  ---------------

Threads class SMR info:
_java_thread_list=0x000001dbffd81c80, length=12, elements={
0x000001dbe04e4650, 0x000001dbff9ce5f0, 0x000001dbff9cf6c0, 0x000001dbff9d48e0,
0x000001dbff9d7500, 0x000001dbff9d8110, 0x000001dbff9dc220, 0x000001dbff9dd160,
0x000001dbff9e5dc0, 0x000001dbffc05a00, 0x000001dbffd17480, 0x000001dbffcef2c0
}

Java Threads: ( => current thread )
=>0x000001dbe04e4650 JavaThread "main"                              [_thread_in_vm, id=5628, stack(0x00000013f7d00000,0x00000013f7e00000) (1024K)]
  0x000001dbff9ce5f0 JavaThread "Reference Handler"          daemon [_thread_blocked, id=13920, stack(0x00000013f8500000,0x00000013f8600000) (1024K)]
  0x000001dbff9cf6c0 JavaThread "Finalizer"                  daemon [_thread_blocked, id=5772, stack(0x00000013f8600000,0x00000013f8700000) (1024K)]
  0x000001dbff9d48e0 JavaThread "Signal Dispatcher"          daemon [_thread_blocked, id=15712, stack(0x00000013f8700000,0x00000013f8800000) (1024K)]
  0x000001dbff9d7500 JavaThread "Attach Listener"            daemon [_thread_blocked, id=13692, stack(0x00000013f8800000,0x00000013f8900000) (1024K)]
  0x000001dbff9d8110 JavaThread "Service Thread"             daemon [_thread_blocked, id=5776, stack(0x00000013f8900000,0x00000013f8a00000) (1024K)]
  0x000001dbff9dc220 JavaThread "Monitor Deflation Thread"   daemon [_thread_blocked, id=8068, stack(0x00000013f8a00000,0x00000013f8b00000) (1024K)]
  0x000001dbff9dd160 JavaThread "C2 CompilerThread0"         daemon [_thread_blocked, id=1200, stack(0x00000013f8b00000,0x00000013f8c00000) (1024K)]
  0x000001dbff9e5dc0 JavaThread "C1 CompilerThread0"         daemon [_thread_blocked, id=16000, stack(0x00000013f8c00000,0x00000013f8d00000) (1024K)]
  0x000001dbffc05a00 JavaThread "Common-Cleaner"             daemon [_thread_blocked, id=16508, stack(0x00000013f8d00000,0x00000013f8e00000) (1024K)]
  0x000001dbffd17480 JavaThread "Monitor Ctrl-Break"         daemon [_thread_in_native, id=16020, stack(0x00000013f8e00000,0x00000013f8f00000) (1024K)]
  0x000001dbffcef2c0 JavaThread "Notification Thread"        daemon [_thread_blocked, id=10128, stack(0x00000013f8f00000,0x00000013f9000000) (1024K)]
Total: 12

Other Threads:
  0x000001dbff9b0d00 VMThread "VM Thread"                           [id=15452, stack(0x00000013f8400000,0x00000013f8500000) (1024K)]
  0x000001dbff99b7b0 WatcherThread "VM Periodic Task Thread"        [id=14556, stack(0x00000013f8300000,0x00000013f8400000) (1024K)]
  0x000001dbe054db40 WorkerThread "GC Thread#0"                     [id=11260, stack(0x00000013f7e00000,0x00000013f7f00000) (1024K)]
  0x000001dbe0560a30 ConcurrentGCThread "G1 Main Marker"            [id=14608, stack(0x00000013f7f00000,0x00000013f8000000) (1024K)]
  0x000001dbe0561cd0 WorkerThread "G1 Conc#0"                       [id=2700, stack(0x00000013f8000000,0x00000013f8100000) (1024K)]
  0x000001dbe05be880 ConcurrentGCThread "G1 Refine#0"               [id=9680, stack(0x00000013f8100000,0x00000013f8200000) (1024K)]
  0x000001dbff86e930 ConcurrentGCThread "G1 Service"                [id=2404, stack(0x00000013f8200000,0x00000013f8300000) (1024K)]
Total: 7

Threads with active compile tasks:
Total: 0

VM state: not at safepoint (normal execution)

VM Mutex/Monitor currently owned by a thread: None

Heap address: 0x0000000702c00000, size: 4052 MB, Compressed Oops mode: Zero based, Oop shift amount: 3

CDS archive(s) mapped at: [0x000001db82000000-0x000001db82c90000-0x000001db82c90000), size 13172736, SharedBaseAddress: 0x000001db82000000, ArchiveRelocationMode: 1.
Compressed class space mapped at: 0x000001db83000000-0x000001dbc3000000, reserved size: 1073741824
Narrow klass base: 0x000001db82000000, Narrow klass shift: 0, Narrow klass range: 0x100000000

GC Precious Log:
 CardTable entry size: 512
 Card Set container configuration: InlinePtr #cards 4 size 8 Array Of Cards #cards 16 size 48 Howl #buckets 8 coarsen threshold 3686 Howl Bitmap #cards 512 size 80 coarsen threshold 460 Card regions per heap region 1 cards per card region 4096
 CPUs: 12 total, 12 available
 Memory: 16205M
 Large Page Support: Disabled
 NUMA Support: Disabled
 Compressed Oops: Enabled (Zero based)
 Heap Region Size: 2M
 Heap Min Capacity: 8M
 Heap Initial Capacity: 254M
 Heap Max Capacity: 4052M
 Pre-touch: Disabled
 Parallel Workers: 10
 Concurrent Workers: 3
 Concurrent Refinement Workers: 10
 Periodic GC: Disabled

Heap:
 garbage-first heap   total 260096K, used 2048K [0x0000000702c00000, 0x0000000800000000)
  region size 2048K, 2 young (4096K), 0 survivors (0K)
 Metaspace       used 793K, committed 896K, reserved 1114112K
  class space    used 65K, committed 128K, reserved 1048576K

Heap Regions: E=young(eden), S=young(survivor), O=old, HS=humongous(starts), HC=humongous(continues), CS=collection set, F=free, TAMS=top-at-mark-start, PB=parsable bottom
|   0|0x0000000702c00000, 0x0000000702c00000, 0x0000000702e00000|  0%| F|  |TAMS 0x0000000702c00000| PB 0x0000000702c00000| Untracked 
|   1|0x0000000702e00000, 0x0000000702e00000, 0x0000000703000000|  0%| F|  |TAMS 0x0000000702e00000| PB 0x0000000702e00000| Untracked 
|   2|0x0000000703000000, 0x0000000703000000, 0x0000000703200000|  0%| F|  |TAMS 0x0000000703000000| PB 0x0000000703000000| Untracked 
|   3|0x0000000703200000, 0x0000000703200000, 0x0000000703400000|  0%| F|  |TAMS 0x0000000703200000| PB 0x0000000703200000| Untracked 
|   4|0x0000000703400000, 0x0000000703400000, 0x0000000703600000|  0%| F|  |TAMS 0x0000000703400000| PB 0x0000000703400000| Untracked 
|   5|0x0000000703600000, 0x0000000703600000, 0x0000000703800000|  0%| F|  |TAMS 0x0000000703600000| PB 0x0000000703600000| Untracked 
|   6|0x0000000703800000, 0x0000000703800000, 0x0000000703a00000|  0%| F|  |TAMS 0x0000000703800000| PB 0x0000000703800000| Untracked 
|   7|0x0000000703a00000, 0x0000000703a00000, 0x0000000703c00000|  0%| F|  |TAMS 0x0000000703a00000| PB 0x0000000703a00000| Untracked 
|   8|0x0000000703c00000, 0x0000000703c00000, 0x0000000703e00000|  0%| F|  |TAMS 0x0000000703c00000| PB 0x0000000703c00000| Untracked 
|   9|0x0000000703e00000, 0x0000000703e00000, 0x0000000704000000|  0%| F|  |TAMS 0x0000000703e00000| PB 0x0000000703e00000| Untracked 
|  10|0x0000000704000000, 0x0000000704000000, 0x0000000704200000|  0%| F|  |TAMS 0x0000000704000000| PB 0x0000000704000000| Untracked 
|  11|0x0000000704200000, 0x0000000704200000, 0x0000000704400000|  0%| F|  |TAMS 0x0000000704200000| PB 0x0000000704200000| Untracked 
|  12|0x0000000704400000, 0x0000000704400000, 0x0000000704600000|  0%| F|  |TAMS 0x0000000704400000| PB 0x0000000704400000| Untracked 
|  13|0x0000000704600000, 0x0000000704600000, 0x0000000704800000|  0%| F|  |TAMS 0x0000000704600000| PB 0x0000000704600000| Untracked 
|  14|0x0000000704800000, 0x0000000704800000, 0x0000000704a00000|  0%| F|  |TAMS 0x0000000704800000| PB 0x0000000704800000| Untracked 
|  15|0x0000000704a00000, 0x0000000704a00000, 0x0000000704c00000|  0%| F|  |TAMS 0x0000000704a00000| PB 0x0000000704a00000| Untracked 
|  16|0x0000000704c00000, 0x0000000704c00000, 0x0000000704e00000|  0%| F|  |TAMS 0x0000000704c00000| PB 0x0000000704c00000| Untracked 
|  17|0x0000000704e00000, 0x0000000704e00000, 0x0000000705000000|  0%| F|  |TAMS 0x0000000704e00000| PB 0x0000000704e00000| Untracked 
|  18|0x0000000705000000, 0x0000000705000000, 0x0000000705200000|  0%| F|  |TAMS 0x0000000705000000| PB 0x0000000705000000| Untracked 
|  19|0x0000000705200000, 0x0000000705200000, 0x0000000705400000|  0%| F|  |TAMS 0x0000000705200000| PB 0x0000000705200000| Untracked 
|  20|0x0000000705400000, 0x0000000705400000, 0x0000000705600000|  0%| F|  |TAMS 0x0000000705400000| PB 0x0000000705400000| Untracked 
|  21|0x0000000705600000, 0x0000000705600000, 0x0000000705800000|  0%| F|  |TAMS 0x0000000705600000| PB 0x0000000705600000| Untracked 
|  22|0x0000000705800000, 0x0000000705800000, 0x0000000705a00000|  0%| F|  |TAMS 0x0000000705800000| PB 0x0000000705800000| Untracked 
|  23|0x0000000705a00000, 0x0000000705a00000, 0x0000000705c00000|  0%| F|  |TAMS 0x0000000705a00000| PB 0x0000000705a00000| Untracked 
|  24|0x0000000705c00000, 0x0000000705c00000, 0x0000000705e00000|  0%| F|  |TAMS 0x0000000705c00000| PB 0x0000000705c00000| Untracked 
|  25|0x0000000705e00000, 0x0000000705e00000, 0x0000000706000000|  0%| F|  |TAMS 0x0000000705e00000| PB 0x0000000705e00000| Untracked 
|  26|0x0000000706000000, 0x0000000706000000, 0x0000000706200000|  0%| F|  |TAMS 0x0000000706000000| PB 0x0000000706000000| Untracked 
|  27|0x0000000706200000, 0x0000000706200000, 0x0000000706400000|  0%| F|  |TAMS 0x0000000706200000| PB 0x0000000706200000| Untracked 
|  28|0x0000000706400000, 0x0000000706400000, 0x0000000706600000|  0%| F|  |TAMS 0x0000000706400000| PB 0x0000000706400000| Untracked 
|  29|0x0000000706600000, 0x0000000706600000, 0x0000000706800000|  0%| F|  |TAMS 0x0000000706600000| PB 0x0000000706600000| Untracked 
|  30|0x0000000706800000, 0x0000000706800000, 0x0000000706a00000|  0%| F|  |TAMS 0x0000000706800000| PB 0x0000000706800000| Untracked 
|  31|0x0000000706a00000, 0x0000000706a00000, 0x0000000706c00000|  0%| F|  |TAMS 0x0000000706a00000| PB 0x0000000706a00000| Untracked 
|  32|0x0000000706c00000, 0x0000000706c00000, 0x0000000706e00000|  0%| F|  |TAMS 0x0000000706c00000| PB 0x0000000706c00000| Untracked 
|  33|0x0000000706e00000, 0x0000000706e00000, 0x0000000707000000|  0%| F|  |TAMS 0x0000000706e00000| PB 0x0000000706e00000| Untracked 
|  34|0x0000000707000000, 0x0000000707000000, 0x0000000707200000|  0%| F|  |TAMS 0x0000000707000000| PB 0x0000000707000000| Untracked 
|  35|0x0000000707200000, 0x0000000707200000, 0x0000000707400000|  0%| F|  |TAMS 0x0000000707200000| PB 0x0000000707200000| Untracked 
|  36|0x0000000707400000, 0x0000000707400000, 0x0000000707600000|  0%| F|  |TAMS 0x0000000707400000| PB 0x0000000707400000| Untracked 
|  37|0x0000000707600000, 0x0000000707600000, 0x0000000707800000|  0%| F|  |TAMS 0x0000000707600000| PB 0x0000000707600000| Untracked 
|  38|0x0000000707800000, 0x0000000707800000, 0x0000000707a00000|  0%| F|  |TAMS 0x0000000707800000| PB 0x0000000707800000| Untracked 
|  39|0x0000000707a00000, 0x0000000707a00000, 0x0000000707c00000|  0%| F|  |TAMS 0x0000000707a00000| PB 0x0000000707a00000| Untracked 
|  40|0x0000000707c00000, 0x0000000707c00000, 0x0000000707e00000|  0%| F|  |TAMS 0x0000000707c00000| PB 0x0000000707c00000| Untracked 
|  41|0x0000000707e00000, 0x0000000707e00000, 0x0000000708000000|  0%| F|  |TAMS 0x0000000707e00000| PB 0x0000000707e00000| Untracked 
|  42|0x0000000708000000, 0x0000000708000000, 0x0000000708200000|  0%| F|  |TAMS 0x0000000708000000| PB 0x0000000708000000| Untracked 
|  43|0x0000000708200000, 0x0000000708200000, 0x0000000708400000|  0%| F|  |TAMS 0x0000000708200000| PB 0x0000000708200000| Untracked 
|  44|0x0000000708400000, 0x0000000708400000, 0x0000000708600000|  0%| F|  |TAMS 0x0000000708400000| PB 0x0000000708400000| Untracked 
|  45|0x0000000708600000, 0x0000000708600000, 0x0000000708800000|  0%| F|  |TAMS 0x0000000708600000| PB 0x0000000708600000| Untracked 
|  46|0x0000000708800000, 0x0000000708800000, 0x0000000708a00000|  0%| F|  |TAMS 0x0000000708800000| PB 0x0000000708800000| Untracked 
|  47|0x0000000708a00000, 0x0000000708a00000, 0x0000000708c00000|  0%| F|  |TAMS 0x0000000708a00000| PB 0x0000000708a00000| Untracked 
|  48|0x0000000708c00000, 0x0000000708c00000, 0x0000000708e00000|  0%| F|  |TAMS 0x0000000708c00000| PB 0x0000000708c00000| Untracked 
|  49|0x0000000708e00000, 0x0000000708e00000, 0x0000000709000000|  0%| F|  |TAMS 0x0000000708e00000| PB 0x0000000708e00000| Untracked 
|  50|0x0000000709000000, 0x0000000709000000, 0x0000000709200000|  0%| F|  |TAMS 0x0000000709000000| PB 0x0000000709000000| Untracked 
|  51|0x0000000709200000, 0x0000000709200000, 0x0000000709400000|  0%| F|  |TAMS 0x0000000709200000| PB 0x0000000709200000| Untracked 
|  52|0x0000000709400000, 0x0000000709400000, 0x0000000709600000|  0%| F|  |TAMS 0x0000000709400000| PB 0x0000000709400000| Untracked 
|  53|0x0000000709600000, 0x0000000709600000, 0x0000000709800000|  0%| F|  |TAMS 0x0000000709600000| PB 0x0000000709600000| Untracked 
|  54|0x0000000709800000, 0x0000000709800000, 0x0000000709a00000|  0%| F|  |TAMS 0x0000000709800000| PB 0x0000000709800000| Untracked 
|  55|0x0000000709a00000, 0x0000000709a00000, 0x0000000709c00000|  0%| F|  |TAMS 0x0000000709a00000| PB 0x0000000709a00000| Untracked 
|  56|0x0000000709c00000, 0x0000000709c00000, 0x0000000709e00000|  0%| F|  |TAMS 0x0000000709c00000| PB 0x0000000709c00000| Untracked 
|  57|0x0000000709e00000, 0x0000000709e00000, 0x000000070a000000|  0%| F|  |TAMS 0x0000000709e00000| PB 0x0000000709e00000| Untracked 
|  58|0x000000070a000000, 0x000000070a000000, 0x000000070a200000|  0%| F|  |TAMS 0x000000070a000000| PB 0x000000070a000000| Untracked 
|  59|0x000000070a200000, 0x000000070a200000, 0x000000070a400000|  0%| F|  |TAMS 0x000000070a200000| PB 0x000000070a200000| Untracked 
|  60|0x000000070a400000, 0x000000070a400000, 0x000000070a600000|  0%| F|  |TAMS 0x000000070a400000| PB 0x000000070a400000| Untracked 
|  61|0x000000070a600000, 0x000000070a600000, 0x000000070a800000|  0%| F|  |TAMS 0x000000070a600000| PB 0x000000070a600000| Untracked 
|  62|0x000000070a800000, 0x000000070a800000, 0x000000070aa00000|  0%| F|  |TAMS 0x000000070a800000| PB 0x000000070a800000| Untracked 
|  63|0x000000070aa00000, 0x000000070aa00000, 0x000000070ac00000|  0%| F|  |TAMS 0x000000070aa00000| PB 0x000000070aa00000| Untracked 
|  64|0x000000070ac00000, 0x000000070ac00000, 0x000000070ae00000|  0%| F|  |TAMS 0x000000070ac00000| PB 0x000000070ac00000| Untracked 
|  65|0x000000070ae00000, 0x000000070ae00000, 0x000000070b000000|  0%| F|  |TAMS 0x000000070ae00000| PB 0x000000070ae00000| Untracked 
|  66|0x000000070b000000, 0x000000070b000000, 0x000000070b200000|  0%| F|  |TAMS 0x000000070b000000| PB 0x000000070b000000| Untracked 
|  67|0x000000070b200000, 0x000000070b200000, 0x000000070b400000|  0%| F|  |TAMS 0x000000070b200000| PB 0x000000070b200000| Untracked 
|  68|0x000000070b400000, 0x000000070b400000, 0x000000070b600000|  0%| F|  |TAMS 0x000000070b400000| PB 0x000000070b400000| Untracked 
|  69|0x000000070b600000, 0x000000070b600000, 0x000000070b800000|  0%| F|  |TAMS 0x000000070b600000| PB 0x000000070b600000| Untracked 
|  70|0x000000070b800000, 0x000000070b800000, 0x000000070ba00000|  0%| F|  |TAMS 0x000000070b800000| PB 0x000000070b800000| Untracked 
|  71|0x000000070ba00000, 0x000000070ba00000, 0x000000070bc00000|  0%| F|  |TAMS 0x000000070ba00000| PB 0x000000070ba00000| Untracked 
|  72|0x000000070bc00000, 0x000000070bc00000, 0x000000070be00000|  0%| F|  |TAMS 0x000000070bc00000| PB 0x000000070bc00000| Untracked 
|  73|0x000000070be00000, 0x000000070be00000, 0x000000070c000000|  0%| F|  |TAMS 0x000000070be00000| PB 0x000000070be00000| Untracked 
|  74|0x000000070c000000, 0x000000070c000000, 0x000000070c200000|  0%| F|  |TAMS 0x000000070c000000| PB 0x000000070c000000| Untracked 
|  75|0x000000070c200000, 0x000000070c200000, 0x000000070c400000|  0%| F|  |TAMS 0x000000070c200000| PB 0x000000070c200000| Untracked 
|  76|0x000000070c400000, 0x000000070c400000, 0x000000070c600000|  0%| F|  |TAMS 0x000000070c400000| PB 0x000000070c400000| Untracked 
|  77|0x000000070c600000, 0x000000070c600000, 0x000000070c800000|  0%| F|  |TAMS 0x000000070c600000| PB 0x000000070c600000| Untracked 
|  78|0x000000070c800000, 0x000000070c800000, 0x000000070ca00000|  0%| F|  |TAMS 0x000000070c800000| PB 0x000000070c800000| Untracked 
|  79|0x000000070ca00000, 0x000000070ca00000, 0x000000070cc00000|  0%| F|  |TAMS 0x000000070ca00000| PB 0x000000070ca00000| Untracked 
|  80|0x000000070cc00000, 0x000000070cc00000, 0x000000070ce00000|  0%| F|  |TAMS 0x000000070cc00000| PB 0x000000070cc00000| Untracked 
|  81|0x000000070ce00000, 0x000000070ce00000, 0x000000070d000000|  0%| F|  |TAMS 0x000000070ce00000| PB 0x000000070ce00000| Untracked 
|  82|0x000000070d000000, 0x000000070d000000, 0x000000070d200000|  0%| F|  |TAMS 0x000000070d000000| PB 0x000000070d000000| Untracked 
|  83|0x000000070d200000, 0x000000070d200000, 0x000000070d400000|  0%| F|  |TAMS 0x000000070d200000| PB 0x000000070d200000| Untracked 
|  84|0x000000070d400000, 0x000000070d400000, 0x000000070d600000|  0%| F|  |TAMS 0x000000070d400000| PB 0x000000070d400000| Untracked 
|  85|0x000000070d600000, 0x000000070d600000, 0x000000070d800000|  0%| F|  |TAMS 0x000000070d600000| PB 0x000000070d600000| Untracked 
|  86|0x000000070d800000, 0x000000070d800000, 0x000000070da00000|  0%| F|  |TAMS 0x000000070d800000| PB 0x000000070d800000| Untracked 
|  87|0x000000070da00000, 0x000000070da00000, 0x000000070dc00000|  0%| F|  |TAMS 0x000000070da00000| PB 0x000000070da00000| Untracked 
|  88|0x000000070dc00000, 0x000000070dc00000, 0x000000070de00000|  0%| F|  |TAMS 0x000000070dc00000| PB 0x000000070dc00000| Untracked 
|  89|0x000000070de00000, 0x000000070de00000, 0x000000070e000000|  0%| F|  |TAMS 0x000000070de00000| PB 0x000000070de00000| Untracked 
|  90|0x000000070e000000, 0x000000070e000000, 0x000000070e200000|  0%| F|  |TAMS 0x000000070e000000| PB 0x000000070e000000| Untracked 
|  91|0x000000070e200000, 0x000000070e200000, 0x000000070e400000|  0%| F|  |TAMS 0x000000070e200000| PB 0x000000070e200000| Untracked 
|  92|0x000000070e400000, 0x000000070e400000, 0x000000070e600000|  0%| F|  |TAMS 0x000000070e400000| PB 0x000000070e400000| Untracked 
|  93|0x000000070e600000, 0x000000070e600000, 0x000000070e800000|  0%| F|  |TAMS 0x000000070e600000| PB 0x000000070e600000| Untracked 
|  94|0x000000070e800000, 0x000000070e800000, 0x000000070ea00000|  0%| F|  |TAMS 0x000000070e800000| PB 0x000000070e800000| Untracked 
|  95|0x000000070ea00000, 0x000000070ea00000, 0x000000070ec00000|  0%| F|  |TAMS 0x000000070ea00000| PB 0x000000070ea00000| Untracked 
|  96|0x000000070ec00000, 0x000000070ec00000, 0x000000070ee00000|  0%| F|  |TAMS 0x000000070ec00000| PB 0x000000070ec00000| Untracked 
|  97|0x000000070ee00000, 0x000000070ee00000, 0x000000070f000000|  0%| F|  |TAMS 0x000000070ee00000| PB 0x000000070ee00000| Untracked 
|  98|0x000000070f000000, 0x000000070f000000, 0x000000070f200000|  0%| F|  |TAMS 0x000000070f000000| PB 0x000000070f000000| Untracked 
|  99|0x000000070f200000, 0x000000070f200000, 0x000000070f400000|  0%| F|  |TAMS 0x000000070f200000| PB 0x000000070f200000| Untracked 
| 100|0x000000070f400000, 0x000000070f400000, 0x000000070f600000|  0%| F|  |TAMS 0x000000070f400000| PB 0x000000070f400000| Untracked 
| 101|0x000000070f600000, 0x000000070f600000, 0x000000070f800000|  0%| F|  |TAMS 0x000000070f600000| PB 0x000000070f600000| Untracked 
| 102|0x000000070f800000, 0x000000070f800000, 0x000000070fa00000|  0%| F|  |TAMS 0x000000070f800000| PB 0x000000070f800000| Untracked 
| 103|0x000000070fa00000, 0x000000070fa00000, 0x000000070fc00000|  0%| F|  |TAMS 0x000000070fa00000| PB 0x000000070fa00000| Untracked 
| 104|0x000000070fc00000, 0x000000070fc00000, 0x000000070fe00000|  0%| F|  |TAMS 0x000000070fc00000| PB 0x000000070fc00000| Untracked 
| 105|0x000000070fe00000, 0x000000070fe00000, 0x0000000710000000|  0%| F|  |TAMS 0x000000070fe00000| PB 0x000000070fe00000| Untracked 
| 106|0x0000000710000000, 0x0000000710000000, 0x0000000710200000|  0%| F|  |TAMS 0x0000000710000000| PB 0x0000000710000000| Untracked 
| 107|0x0000000710200000, 0x0000000710200000, 0x0000000710400000|  0%| F|  |TAMS 0x0000000710200000| PB 0x0000000710200000| Untracked 
| 108|0x0000000710400000, 0x0000000710400000, 0x0000000710600000|  0%| F|  |TAMS 0x0000000710400000| PB 0x0000000710400000| Untracked 
| 109|0x0000000710600000, 0x0000000710600000, 0x0000000710800000|  0%| F|  |TAMS 0x0000000710600000| PB 0x0000000710600000| Untracked 
| 110|0x0000000710800000, 0x0000000710800000, 0x0000000710a00000|  0%| F|  |TAMS 0x0000000710800000| PB 0x0000000710800000| Untracked 
| 111|0x0000000710a00000, 0x0000000710a00000, 0x0000000710c00000|  0%| F|  |TAMS 0x0000000710a00000| PB 0x0000000710a00000| Untracked 
| 112|0x0000000710c00000, 0x0000000710c00000, 0x0000000710e00000|  0%| F|  |TAMS 0x0000000710c00000| PB 0x0000000710c00000| Untracked 
| 113|0x0000000710e00000, 0x0000000710e00000, 0x0000000711000000|  0%| F|  |TAMS 0x0000000710e00000| PB 0x0000000710e00000| Untracked 
| 114|0x0000000711000000, 0x0000000711000000, 0x0000000711200000|  0%| F|  |TAMS 0x0000000711000000| PB 0x0000000711000000| Untracked 
| 115|0x0000000711200000, 0x0000000711200000, 0x0000000711400000|  0%| F|  |TAMS 0x0000000711200000| PB 0x0000000711200000| Untracked 
| 116|0x0000000711400000, 0x0000000711400000, 0x0000000711600000|  0%| F|  |TAMS 0x0000000711400000| PB 0x0000000711400000| Untracked 
| 117|0x0000000711600000, 0x0000000711600000, 0x0000000711800000|  0%| F|  |TAMS 0x0000000711600000| PB 0x0000000711600000| Untracked 
| 118|0x0000000711800000, 0x0000000711800000, 0x0000000711a00000|  0%| F|  |TAMS 0x0000000711800000| PB 0x0000000711800000| Untracked 
| 119|0x0000000711a00000, 0x0000000711a00000, 0x0000000711c00000|  0%| F|  |TAMS 0x0000000711a00000| PB 0x0000000711a00000| Untracked 
| 120|0x0000000711c00000, 0x0000000711c00000, 0x0000000711e00000|  0%| F|  |TAMS 0x0000000711c00000| PB 0x0000000711c00000| Untracked 
| 121|0x0000000711e00000, 0x0000000711e00000, 0x0000000712000000|  0%| F|  |TAMS 0x0000000711e00000| PB 0x0000000711e00000| Untracked 
| 122|0x0000000712000000, 0x0000000712000000, 0x0000000712200000|  0%| F|  |TAMS 0x0000000712000000| PB 0x0000000712000000| Untracked 
| 123|0x0000000712200000, 0x0000000712200000, 0x0000000712400000|  0%| F|  |TAMS 0x0000000712200000| PB 0x0000000712200000| Untracked 
| 124|0x0000000712400000, 0x0000000712400000, 0x0000000712600000|  0%| F|  |TAMS 0x0000000712400000| PB 0x0000000712400000| Untracked 
| 125|0x0000000712600000, 0x00000007127c3168, 0x0000000712800000| 88%| E|  |TAMS 0x0000000712600000| PB 0x0000000712600000| Complete 
| 126|0x0000000712800000, 0x0000000712a00000, 0x0000000712a00000|100%| E|CS|TAMS 0x0000000712800000| PB 0x0000000712800000| Complete 

Card table byte_map: [0x000001dbfa5b0000,0x000001dbfada0000] _byte_map_base: 0x000001dbf6d9a000

Marking Bits: (CMBitMap*) 0x000001dbe054e240
 Bits: [0x000001dbfada0000, 0x000001dbfecf0000)

Polling page: 0x000001dbe05c0000

Metaspace:

Usage:
  Non-class:    728.14 KB used.
      Class:     65.59 KB used.
       Both:    793.73 KB used.

Virtual space:
  Non-class space:       64.00 MB reserved,     768.00 KB (  1%) committed,  1 nodes.
      Class space:        1.00 GB reserved,     128.00 KB ( <1%) committed,  1 nodes.
             Both:        1.06 GB reserved,     896.00 KB ( <1%) committed. 

Chunk freelists:
   Non-Class:  11.95 MB
       Class:  15.73 MB
        Both:  27.68 MB

MaxMetaspaceSize: unlimited
CompressedClassSpaceSize: 1.00 GB
Initial GC threshold: 21.00 MB
Current GC threshold: 21.00 MB
CDS: on
 - commit_granule_bytes: 65536.
 - commit_granule_words: 8192.
 - virtual_space_node_default_size: 8388608.
 - enlarge_chunks_in_place: 1.
 - use_allocation_guard: 0.


Internal statistics:

num_allocs_failed_limit: 0.
num_arena_births: 24.
num_arena_deaths: 0.
num_vsnodes_births: 2.
num_vsnodes_deaths: 0.
num_space_committed: 14.
num_space_uncommitted: 0.
num_chunks_returned_to_freelist: 0.
num_chunks_taken_from_freelist: 30.
num_chunk_merges: 0.
num_chunk_splits: 20.
num_chunks_enlarged: 12.
num_inconsistent_stats: 0.

CodeHeap 'non-profiled nmethods': size=120000Kb used=81Kb max_used=81Kb free=119918Kb
 bounds [0x000001dbf1c00000, 0x000001dbf1e70000, 0x000001dbf9130000]
CodeHeap 'profiled nmethods': size=120000Kb used=248Kb max_used=248Kb free=119752Kb
 bounds [0x000001dbea130000, 0x000001dbea3a0000, 0x000001dbf1660000]
CodeHeap 'non-nmethods': size=5760Kb used=1310Kb max_used=1320Kb free=4449Kb
 bounds [0x000001dbf1660000, 0x000001dbf18d0000, 0x000001dbf1c00000]
 total_blobs=659 nmethods=235 adapters=329
 compilation: enabled
              stopped_count=0, restarted_count=0
 full_count=0

Compilation events (20 events):
Event: 0.205 Thread 0x000001dbff9e5dc0  217       1       java.lang.invoke.MethodTypeForm::erasedType (5 bytes)
Event: 0.205 Thread 0x000001dbff9e5dc0 nmethod 217 0x000001dbf1c12e90 code [0x000001dbf1c13020, 0x000001dbf1c130f0]
Event: 0.205 Thread 0x000001dbff9e5dc0  218       3       java.util.zip.ZipUtils::CENHOW (9 bytes)
Event: 0.205 Thread 0x000001dbff9e5dc0 nmethod 218 0x000001dbea168610 code [0x000001dbea1687c0, 0x000001dbea168970]
Event: 0.207 Thread 0x000001dbff9e5dc0  219       3       java.lang.StringLatin1::newString (24 bytes)
Event: 0.208 Thread 0x000001dbff9e5dc0 nmethod 219 0x000001dbea168a90 code [0x000001dbea168d60, 0x000001dbea169b68]
Event: 0.211 Thread 0x000001dbff9e5dc0  220       3       java.lang.String::indexOf (7 bytes)
Event: 0.211 Thread 0x000001dbff9e5dc0 nmethod 220 0x000001dbea16a090 code [0x000001dbea16a240, 0x000001dbea16a388]
Event: 0.211 Thread 0x000001dbff9e5dc0  221       3       java.lang.System::getSecurityManager (12 bytes)
Event: 0.212 Thread 0x000001dbff9e5dc0 nmethod 221 0x000001dbea16a410 code [0x000001dbea16a5c0, 0x000001dbea16a730]
Event: 0.212 Thread 0x000001dbff9e5dc0  222       3       java.lang.StringUTF16::getChar (60 bytes)
Event: 0.213 Thread 0x000001dbff9e5dc0 nmethod 222 0x000001dbea16a810 code [0x000001dbea16a9c0, 0x000001dbea16ab30]
Event: 0.215 Thread 0x000001dbff9e5dc0  223       3       java.lang.String::charAt (25 bytes)
Event: 0.215 Thread 0x000001dbff9dd160  224       4       java.lang.String::coder (15 bytes)
Event: 0.216 Thread 0x000001dbff9dd160 nmethod 224 0x000001dbf1c13190 code [0x000001dbf1c13320, 0x000001dbf1c133b0]
Event: 0.216 Thread 0x000001dbff9e5dc0 nmethod 223 0x000001dbea16ac10 code [0x000001dbea16ae00, 0x000001dbea16b360]
Event: 0.221 Thread 0x000001dbff9e5dc0  225       3       java.lang.StringLatin1::lastIndexOf (40 bytes)
Event: 0.222 Thread 0x000001dbff9e5dc0 nmethod 225 0x000001dbea16b590 code [0x000001dbea16b760, 0x000001dbea16bb68]
Event: 0.222 Thread 0x000001dbff9e5dc0  226       3       java.util.Arrays::copyOf (33 bytes)
Event: 0.223 Thread 0x000001dbff9e5dc0 nmethod 226 0x000001dbea16bd10 code [0x000001dbea16bf00, 0x000001dbea16c400]

GC Heap History (0 events):
No events

Dll operation events (10 events):
Event: 0.013 Loaded shared library C:\Program Files\Java\jdk-21\bin\java.dll
Event: 0.073 Loaded shared library C:\Program Files\Java\jdk-21\bin\jsvml.dll
Event: 0.161 Loaded shared library C:\Program Files\Java\jdk-21\bin\zip.dll
Event: 0.166 Loaded shared library C:\Program Files\Java\jdk-21\bin\instrument.dll
Event: 0.175 Loaded shared library C:\Program Files\Java\jdk-21\bin\net.dll
Event: 0.178 Loaded shared library C:\Program Files\Java\jdk-21\bin\nio.dll
Event: 0.185 Loaded shared library C:\Program Files\Java\jdk-21\bin\zip.dll
Event: 0.210 Loaded shared library C:\Program Files\JetBrains\IntelliJ IDEA 2023.3.2\bin\breakgen64.dll
Event: 0.219 Loaded shared library C:\Users\MSI\IdeaProjects\RustJava\Rust\myTrainerlib\target\debug\myTrainerlib.dll
Event: 0.229 Loaded shared library C:\Program Files\Java\jdk-21\bin\extnet.dll

Deoptimization events (20 events):
Event: 0.188 Thread 0x000001dbe04e4650 Uncommon trap: trap_request=0xffffffde fr.pc=0x000001dbf1c0eef0 relative=0x00000000000009b0
Event: 0.188 Thread 0x000001dbe04e4650 Uncommon trap: reason=class_check action=maybe_recompile pc=0x000001dbf1c0eef0 method=java.util.HashMap.putVal(ILjava/lang/Object;Ljava/lang/Object;ZZ)Ljava/lang/Object; @ 152 c2
Event: 0.188 Thread 0x000001dbe04e4650 DEOPT PACKING pc=0x000001dbf1c0eef0 sp=0x00000013f7dfe750
Event: 0.188 Thread 0x000001dbe04e4650 DEOPT UNPACKING pc=0x000001dbf16b46a2 sp=0x00000013f7dfe6e0 mode 2
Event: 0.188 Thread 0x000001dbe04e4650 Uncommon trap: trap_request=0xffffffde fr.pc=0x000001dbf1c0eef0 relative=0x00000000000009b0
Event: 0.188 Thread 0x000001dbe04e4650 Uncommon trap: reason=class_check action=maybe_recompile pc=0x000001dbf1c0eef0 method=java.util.HashMap.putVal(ILjava/lang/Object;Ljava/lang/Object;ZZ)Ljava/lang/Object; @ 152 c2
Event: 0.188 Thread 0x000001dbe04e4650 DEOPT PACKING pc=0x000001dbf1c0eef0 sp=0x00000013f7dfe750
Event: 0.188 Thread 0x000001dbe04e4650 DEOPT UNPACKING pc=0x000001dbf16b46a2 sp=0x00000013f7dfe6e0 mode 2
Event: 0.188 Thread 0x000001dbe04e4650 Uncommon trap: trap_request=0xffffffde fr.pc=0x000001dbf1c0eef0 relative=0x00000000000009b0
Event: 0.188 Thread 0x000001dbe04e4650 Uncommon trap: reason=class_check action=maybe_recompile pc=0x000001dbf1c0eef0 method=java.util.HashMap.putVal(ILjava/lang/Object;Ljava/lang/Object;ZZ)Ljava/lang/Object; @ 152 c2
Event: 0.188 Thread 0x000001dbe04e4650 DEOPT PACKING pc=0x000001dbf1c0eef0 sp=0x00000013f7dfe750
Event: 0.188 Thread 0x000001dbe04e4650 DEOPT UNPACKING pc=0x000001dbf16b46a2 sp=0x00000013f7dfe6e0 mode 2
Event: 0.188 Thread 0x000001dbe04e4650 Uncommon trap: trap_request=0xffffffde fr.pc=0x000001dbf1c0eef0 relative=0x00000000000009b0
Event: 0.188 Thread 0x000001dbe04e4650 Uncommon trap: reason=class_check action=maybe_recompile pc=0x000001dbf1c0eef0 method=java.util.HashMap.putVal(ILjava/lang/Object;Ljava/lang/Object;ZZ)Ljava/lang/Object; @ 152 c2
Event: 0.188 Thread 0x000001dbe04e4650 DEOPT PACKING pc=0x000001dbf1c0eef0 sp=0x00000013f7dfe750
Event: 0.188 Thread 0x000001dbe04e4650 DEOPT UNPACKING pc=0x000001dbf16b46a2 sp=0x00000013f7dfe6e0 mode 2
Event: 0.213 Thread 0x000001dbe04e4650 Uncommon trap: trap_request=0xffffff45 fr.pc=0x000001dbf1c11aec relative=0x00000000000000cc
Event: 0.213 Thread 0x000001dbe04e4650 Uncommon trap: reason=unstable_if action=reinterpret pc=0x000001dbf1c11aec method=java.lang.String.isLatin1()Z @ 10 c2
Event: 0.213 Thread 0x000001dbe04e4650 DEOPT PACKING pc=0x000001dbf1c11aec sp=0x00000013f7dff1c0
Event: 0.213 Thread 0x000001dbe04e4650 DEOPT UNPACKING pc=0x000001dbf16b46a2 sp=0x00000013f7dff100 mode 2

Classes loaded (20 events):
Event: 0.224 Loading class jdk/net/ExtendedSocketOptions
Event: 0.224 Loading class jdk/net/ExtendedSocketOptions done
Event: 0.224 Loading class jdk/net/ExtendedSocketOptions$ExtSocketOption
Event: 0.224 Loading class java/net/SocketOption
Event: 0.224 Loading class java/net/SocketOption done
Event: 0.224 Loading class jdk/net/ExtendedSocketOptions$ExtSocketOption done
Event: 0.224 Loading class jdk/net/UnixDomainPrincipal
Event: 0.225 Loading class jdk/net/UnixDomainPrincipal done
Event: 0.225 Loading class jdk/net/ExtendedSocketOptions$PlatformSocketOptions
Event: 0.225 Loading class jdk/net/ExtendedSocketOptions$PlatformSocketOptions done
Event: 0.225 Loading class jdk/net/ExtendedSocketOptions$2
Event: 0.225 Loading class jdk/net/ExtendedSocketOptions$2 done
Event: 0.225 Loading class java/lang/Math$RandomNumberGeneratorHolder
Event: 0.225 Loading class jdk/internal/util/OperatingSystem
Event: 0.225 Loading class java/lang/Math$RandomNumberGeneratorHolder done
Event: 0.225 Loading class jdk/internal/util/OperatingSystem done
Event: 0.226 Loading class jdk/net/WindowsSocketOptions
Event: 0.227 Loading class jdk/net/WindowsSocketOptions done
Event: 0.230 Loading class jdk/net/ExtendedSocketOptions$1
Event: 0.230 Loading class jdk/net/ExtendedSocketOptions$1 done

Classes unloaded (0 events):
No events

Classes redefined (0 events):
No events

Internal exceptions (2 events):
Event: 0.195 Thread 0x000001dbe04e4650 Exception <a 'java/lang/NoSuchMethodError'{0x0000000712707e60}: 'void java.lang.invoke.DirectMethodHandle$Holder.invokeStatic(java.lang.Object, java.lang.Object, java.lang.Object)'> (0x0000000712707e60) 
thrown [s\open\src\hotspot\share\interpreter\linkResolver.cpp, line 773]
Event: 0.203 Thread 0x000001dbe04e4650 Exception <a 'java/lang/NoSuchMethodError'{0x000000071271f368}: 'java.lang.Object java.lang.invoke.Invokers$Holder.invokeExact_MT(java.lang.Object, java.lang.Object, java.lang.Object, java.lang.Object, java.lang.Object)'> (0x000000071271f368) 
thrown [s\open\src\hotspot\share\interpreter\linkResolver.cpp, line 773]

ZGC Phase Switch (0 events):
No events

VM Operations (2 events):
Event: 0.133 Executing VM operation: HandshakeAllThreads (Deoptimize)
Event: 0.133 Executing VM operation: HandshakeAllThreads (Deoptimize) done

Events (12 events):
Event: 0.040 Thread 0x000001dbe04e4650 Thread added: 0x000001dbe04e4650
Event: 0.068 Thread 0x000001dbff9ce5f0 Thread added: 0x000001dbff9ce5f0
Event: 0.068 Thread 0x000001dbff9cf6c0 Thread added: 0x000001dbff9cf6c0
Event: 0.069 Thread 0x000001dbff9d48e0 Thread added: 0x000001dbff9d48e0
Event: 0.069 Thread 0x000001dbff9d7500 Thread added: 0x000001dbff9d7500
Event: 0.069 Thread 0x000001dbff9d8110 Thread added: 0x000001dbff9d8110
Event: 0.069 Thread 0x000001dbff9dc220 Thread added: 0x000001dbff9dc220
Event: 0.070 Thread 0x000001dbff9dd160 Thread added: 0x000001dbff9dd160
Event: 0.070 Thread 0x000001dbff9e5dc0 Thread added: 0x000001dbff9e5dc0
Event: 0.117 Thread 0x000001dbffc05a00 Thread added: 0x000001dbffc05a00
Event: 0.211 Thread 0x000001dbffd17480 Thread added: 0x000001dbffd17480
Event: 0.211 Thread 0x000001dbffcef2c0 Thread added: 0x000001dbffcef2c0


Dynamic libraries:
0x00007ff6c2c50000 - 0x00007ff6c2c60000 	C:\Program Files\Java\jdk-21\bin\java.exe
0x00007ffc4eb30000 - 0x00007ffc4ed28000 	C:\Windows\SYSTEM32\ntdll.dll
0x00007ffc4d700000 - 0x00007ffc4d7bd000 	C:\Windows\System32\KERNEL32.DLL
0x00007ffc4c210000 - 0x00007ffc4c506000 	C:\Windows\System32\KERNELBASE.dll
0x00007ffc4c650000 - 0x00007ffc4c750000 	C:\Windows\System32\ucrtbase.dll
0x00007ffc48f60000 - 0x00007ffc48f79000 	C:\Program Files\Java\jdk-21\bin\jli.dll
0x00007ffc48e60000 - 0x00007ffc48e7b000 	C:\Program Files\Java\jdk-21\bin\VCRUNTIME140.dll
0x00007ffc4d090000 - 0x00007ffc4d13e000 	C:\Windows\System32\ADVAPI32.dll
0x00007ffc4e8f0000 - 0x00007ffc4e98e000 	C:\Windows\System32\msvcrt.dll
0x00007ffc4d7c0000 - 0x00007ffc4d85c000 	C:\Windows\System32\sechost.dll
0x00007ffc4e9c0000 - 0x00007ffc4eae6000 	C:\Windows\System32\RPCRT4.dll
0x00007ffc4e270000 - 0x00007ffc4e40e000 	C:\Windows\System32\USER32.dll
0x00007ffc4c750000 - 0x00007ffc4c772000 	C:\Windows\System32\win32u.dll
0x00007ffc2fc60000 - 0x00007ffc2fefa000 	C:\Windows\WinSxS\amd64_microsoft.windows.common-controls_6595b64144ccf1df_6.0.19041.1110_none_60b5254171f9507e\COMCTL32.dll
0x00007ffc4d000000 - 0x00007ffc4d02c000 	C:\Windows\System32\GDI32.dll
0x00007ffc4c7d0000 - 0x00007ffc4c8ea000 	C:\Windows\System32\gdi32full.dll
0x00007ffc4c8f0000 - 0x00007ffc4c98d000 	C:\Windows\System32\msvcp_win.dll
0x00007ffc45930000 - 0x00007ffc4593a000 	C:\Windows\SYSTEM32\VERSION.dll
0x00007ffc4e990000 - 0x00007ffc4e9c0000 	C:\Windows\System32\IMM32.DLL
0x00007ffc48f50000 - 0x00007ffc48f5c000 	C:\Program Files\Java\jdk-21\bin\vcruntime140_1.dll
0x00007ffc29a50000 - 0x00007ffc29ade000 	C:\Program Files\Java\jdk-21\bin\msvcp140.dll
0x00007ffc0fcf0000 - 0x00007ffc10a03000 	C:\Program Files\Java\jdk-21\bin\server\jvm.dll
0x00007ffc4d5c0000 - 0x00007ffc4d62b000 	C:\Windows\System32\WS2_32.dll
0x00007ffc4b7b0000 - 0x00007ffc4b7fb000 	C:\Windows\SYSTEM32\POWRPROF.dll
0x00007ffc2f6e0000 - 0x00007ffc2f707000 	C:\Windows\SYSTEM32\WINMM.dll
0x00007ffc4b630000 - 0x00007ffc4b642000 	C:\Windows\SYSTEM32\UMPDC.dll
0x00007ffc4a0a0000 - 0x00007ffc4a0b2000 	C:\Windows\SYSTEM32\kernel.appcore.dll
0x00007ffc48e50000 - 0x00007ffc48e5a000 	C:\Program Files\Java\jdk-21\bin\jimage.dll
0x00007ffc3ad80000 - 0x00007ffc3af64000 	C:\Windows\SYSTEM32\DBGHELP.DLL
0x00007ffc363c0000 - 0x00007ffc363f4000 	C:\Windows\SYSTEM32\dbgcore.DLL
0x00007ffc4c510000 - 0x00007ffc4c592000 	C:\Windows\System32\bcryptPrimitives.dll
0x00007ffc464c0000 - 0x00007ffc464cf000 	C:\Program Files\Java\jdk-21\bin\instrument.dll
0x00007ffc48e30000 - 0x00007ffc48e4f000 	C:\Program Files\Java\jdk-21\bin\java.dll
0x00007ffc4db20000 - 0x00007ffc4e265000 	C:\Windows\System32\SHELL32.dll
0x00007ffc4a2a0000 - 0x00007ffc4aa3b000 	C:\Windows\SYSTEM32\windows.storage.dll
0x00007ffc4e410000 - 0x00007ffc4e764000 	C:\Windows\System32\combase.dll
0x00007ffc4bc50000 - 0x00007ffc4bc7e000 	C:\Windows\SYSTEM32\Wldp.dll
0x00007ffc4d510000 - 0x00007ffc4d5bd000 	C:\Windows\System32\SHCORE.dll
0x00007ffc4da10000 - 0x00007ffc4da65000 	C:\Windows\System32\shlwapi.dll
0x00007ffc4c140000 - 0x00007ffc4c165000 	C:\Windows\SYSTEM32\profapi.dll
0x00007ffc206b0000 - 0x00007ffc20787000 	C:\Program Files\Java\jdk-21\bin\jsvml.dll
0x00007ffc3b020000 - 0x00007ffc3b038000 	C:\Program Files\Java\jdk-21\bin\zip.dll
0x00007ffc464b0000 - 0x00007ffc464c0000 	C:\Program Files\Java\jdk-21\bin\net.dll
0x00007ffc46230000 - 0x00007ffc4633a000 	C:\Windows\SYSTEM32\WINHTTP.dll
0x00007ffc4b9b0000 - 0x00007ffc4ba1a000 	C:\Windows\system32\mswsock.dll
0x00007ffc44c40000 - 0x00007ffc44c56000 	C:\Program Files\Java\jdk-21\bin\nio.dll
0x00007ffc37760000 - 0x00007ffc3777a000 	C:\Program Files\JetBrains\IntelliJ IDEA 2023.3.2\bin\breakgen64.dll
0x00007ffc14100000 - 0x00007ffc1417e000 	C:\Users\MSI\IdeaProjects\RustJava\Rust\myTrainerlib\target\debug\myTrainerlib.dll
0x00007ffc46480000 - 0x00007ffc46487000 	C:\Program Files\Java\jdk-21\bin\extnet.dll

dbghelp: loaded successfully - version: 4.0.5 - missing functions: none
symbol engine: initialized successfully - sym options: 0x614 - pdb path: .;C:\Program Files\Java\jdk-21\bin;C:\Windows\SYSTEM32;C:\Windows\WinSxS\amd64_microsoft.windows.common-controls_6595b64144ccf1df_6.0.19041.1110_none_60b5254171f9507e;C:\Program Files\Java\jdk-21\bin\server;C:\Program Files\JetBrains\IntelliJ IDEA 2023.3.2\bin;C:\Users\MSI\IdeaProjects\RustJava\Rust\myTrainerlib\target\debug

VM Arguments:
jvm_args: -javaagent:C:\Program Files\JetBrains\IntelliJ IDEA 2023.3.2\lib\idea_rt.jar=53029:C:\Program Files\JetBrains\IntelliJ IDEA 2023.3.2\bin -Dfile.encoding=UTF-8 -Dsun.stdout.encoding=UTF-8 -Dsun.stderr.encoding=UTF-8 
java_command: Main
java_class_path (initial): C:\Users\MSI\IdeaProjects\RustJava\out\production\RustJava;C:\Users\MSI\Downloads\jna-jpms-5.14.0.jar
Launcher Type: SUN_STANDARD

[Global flags]
     intx CICompilerCount                          = 4                                         {product} {ergonomic}
     uint ConcGCThreads                            = 3                                         {product} {ergonomic}
     uint G1ConcRefinementThreads                  = 10                                        {product} {ergonomic}
   size_t G1HeapRegionSize                         = 2097152                                   {product} {ergonomic}
    uintx GCDrainStackTargetSize                   = 64                                        {product} {ergonomic}
   size_t InitialHeapSize                          = 266338304                                 {product} {ergonomic}
   size_t MarkStackSize                            = 4194304                                   {product} {ergonomic}
   size_t MaxHeapSize                              = 4248829952                                {product} {ergonomic}
   size_t MaxNewSize                               = 2548039680                                {product} {ergonomic}
   size_t MinHeapDeltaBytes                        = 2097152                                   {product} {ergonomic}
   size_t MinHeapSize                              = 8388608                                   {product} {ergonomic}
    uintx NonNMethodCodeHeapSize                   = 5839372                                {pd product} {ergonomic}
    uintx NonProfiledCodeHeapSize                  = 122909434                              {pd product} {ergonomic}
    uintx ProfiledCodeHeapSize                     = 122909434                              {pd product} {ergonomic}
    uintx ReservedCodeCacheSize                    = 251658240                              {pd product} {ergonomic}
     bool SegmentedCodeCache                       = true                                      {product} {ergonomic}
   size_t SoftMaxHeapSize                          = 4248829952                             {manageable} {ergonomic}
     bool UseCompressedOops                        = true                           {product lp64_product} {ergonomic}
     bool UseG1GC                                  = true                                      {product} {ergonomic}
     bool UseLargePagesIndividualAllocation        = false                                  {pd product} {ergonomic}

Logging:
Log output configuration:
 #0: stdout all=warning uptime,level,tags foldmultilines=false
 #1: stderr all=off uptime,level,tags foldmultilines=false

Environment Variables:
PATH=C:\Program Files (x86)\VMware\VMware Player\bin\;C:\Program Files\Common Files\Oracle\Java\javapath;C:\Windows\system32;C:\Windows;C:\Windows\System32\Wbem;C:\Windows\System32\WindowsPowerShell\v1.0\;C:\Windows\System32\OpenSSH\;C:\Program Files\Git\cmd;C:\Users\MSI\AppData\Roaming\nvm;C:\Program Files\nodejs;C:\Program Files\Java\jdk-21\bin;C:\Users\MSI\AppData\Local\Programs\Python\Python312\Scripts\;C:\Users\MSI\AppData\Local\Programs\Python\Python312\;C:\Users\MSI\AppData\Local\Programs\Python\Launcher\;C:\Users\MSI\.cargo\bin;C:\Users\MSI\AppData\Local\Microsoft\WindowsApps;C:\Users\MSI\AppData\Local\GitHubDesktop\bin;C:\Program Files\JetBrains\IntelliJ IDEA Educational Edition 2022.2.2\bin;;C:\Program Files\JetBrains\PyCharm Community Edition 2022.1.2\bin;;C:\Users\MSI\AppData\Local\Programs\Microsoft VS Code\bin;C:\Users\MSI\AppData\Roaming\npm;C:\Users\MSI\AppData\Roaming\nvm;C:\Program Files\nodejs;C:\Program Files\JetBrains\CLion 2023.3.2\bin;;C:\Program Files\JetBrains\IntelliJ IDEA 2023.3.2\bin;;C:\Program Files\Neovim\bin
USERNAME=MSI
OS=Windows_NT
PROCESSOR_IDENTIFIER=Intel64 Family 6 Model 165 Stepping 2, GenuineIntel
TMP=C:\Users\MSI\AppData\Local\Temp
TEMP=C:\Users\MSI\AppData\Local\Temp




---------------  S Y S T E M  ---------------

OS:
 Windows 10 , 64 bit Build 19041 (10.0.19041.3393)
OS uptime: 4 days 19:04 hours

CPU: total 12 (initial active 12) (6 cores per cpu, 2 threads per core) family 6 model 165 stepping 2 microcode 0xe2, cx8, cmov, fxsr, ht, mmx, 3dnowpref, sse, sse2, sse3, ssse3, sse4.1, sse4.2, popcnt, lzcnt, tsc, tscinvbit, avx, avx2, aes, erms, clmul, bmi1, bmi2, adx, fma, vzeroupper, clflush, clflushopt, rdtscp, f16c, pku
Processor Information for all 12 processors :
  Max Mhz: 2496, Current Mhz: 2496, Mhz Limit: 2496

Memory: 4k page, system-wide physical 16205M (6657M free)
TotalPageFile size 18637M (AvailPageFile size 4281M)
current process WorkingSet (physical memory assigned to process): 38M, peak: 38M
current process commit charge ("private bytes"): 343M, peak: 343M

vm_info: Java HotSpot(TM) 64-Bit Server VM (21+35-LTS-2513) for windows-amd64 JRE (21+35-LTS-2513), built on 2023-08-09T20:25:10Z by "mach5one" with MS VC++ 17.1 (VS2022)

END.
