#
# A fatal error has been detected by the Java Runtime Environment:
#
#  EXCEPTION_UNCAUGHT_CXX_EXCEPTION (0xe06d7363) at pc=0x00007ffc4c23cf19, pid=17132, tid=5844
#
# JRE version: Java(TM) SE Runtime Environment (21.0+35) (build 21+35-LTS-2513)
# Java VM: Java HotSpot(TM) 64-Bit Server VM (21+35-LTS-2513, mixed mode, sharing, tiered, compressed oops, compressed class ptrs, g1 gc, windows-amd64)
# Problematic frame:
# C  [KERNELBASE.dll+0x2cf19]
#
# No core dump will be written. Minidumps are not enabled by default on client versions of Windows
#
# If you would like to submit a bug report, please visit:
#   https://bugreport.java.com/bugreport/crash.jsp
# The crash happened outside the Java Virtual Machine in native code.
# See problematic frame for where to report the bug.
#

---------------  S U M M A R Y ------------

Command Line: -javaagent:C:\Program Files\JetBrains\IntelliJ IDEA 2023.3.2\lib\idea_rt.jar=63333:C:\Program Files\JetBrains\IntelliJ IDEA 2023.3.2\bin -Dfile.encoding=UTF-8 -Dsun.stdout.encoding=UTF-8 -Dsun.stderr.encoding=UTF-8 Main

Host: Intel(R) Core(TM) i5-10500H CPU @ 2.50GHz, 12 cores, 15G,  Windows 10 , 64 bit Build 19041 (10.0.19041.3393)
Time: Mon Jan 15 17:17:17 2024 W. Central Africa Standard Time elapsed time: 0.224410 seconds (0d 0h 0m 0s)

---------------  T H R E A D  ---------------

Current thread (0x000002a8d10e2ae0):  JavaThread "main"             [_thread_in_native, id=5844, stack(0x000000ae2f500000,0x000000ae2f600000) (1024K)]

Stack: [0x000000ae2f500000,0x000000ae2f600000],  sp=0x000000ae2f5fe990,  free space=1018k
Native frames: (J=compiled Java code, j=interpreted, Vv=VM code, C=native code)
C  [KERNELBASE.dll+0x2cf19]
C  [VCRUNTIME140.dll+0x66c0]
C  [myTrainerlib.dll+0x764be]

Java frames: (J=compiled Java code, j=interpreted, Vv=VM code)
j  BinTrainer.testinho(I)[I+0
j  Main.main([Ljava/lang/String;)V+55
v  ~StubRoutines::call_stub 0x000002a8e0a8100d

siginfo: EXCEPTION_UNCAUGHT_CXX_EXCEPTION (0xe06d7363), ExceptionInformation=0x0000000019930520 0x000000ae2f5feaf0 0x00007ffc13a482a0 0x00007ffc139a0000 


Registers:
RAX=0x0000000002000002, RBX=0x00007ffc13a482a0, RCX=0x000002a8cefa0000, RDX=0x00007ffc4eb5382c
RSP=0x000000ae2f5fe990, RBP=0x000000ae2f5fec20, RSI=0x000000ae2f5feaf0, RDI=0x0000000019930520
R8 =0x00007ffc02000002, R9 =0x0000000000000000, R10=0x000002a8f098bcc0, R11=0x0000000000000010
R12=0x0000000000000000, R13=0x000002a8f1408ba8, R14=0x00007ffc13a33680, R15=0x000002a8d10e2ae0
RIP=0x00007ffc4c23cf19, EFLAGS=0x0000000000000206


Register to memory mapping:

RAX=0x0000000002000002 is an unknown value
RBX=0x00007ffc13a482a0 myTrainerlib.dll
RCX=0x000002a8cefa0000 points into unknown readable memory: 0x0000000000000000 | 00 00 00 00 00 00 00 00
RDX=0x00007ffc4eb5382c ntdll.dll
RSP=0x000000ae2f5fe990 is pointing into the stack for thread: 0x000002a8d10e2ae0
RBP=0x000000ae2f5fec20 is pointing into the stack for thread: 0x000002a8d10e2ae0
RSI=0x000000ae2f5feaf0 is pointing into the stack for thread: 0x000002a8d10e2ae0
RDI=0x0000000019930520 is an unknown value
R8 =0x00007ffc02000002 is an unknown value
R9 =0x0 is null
R10=0x000002a8f098bcc0 points into unknown readable memory: 0x7463657078656e75 | 75 6e 65 78 70 65 63 74
R11=0x0000000000000010 is an unknown value
R12=0x0 is null
R13={method} {0x000002a8f1408bb0} 'testinho' '(I)[I' in 'BinTrainer'
R14=0x00007ffc13a33680 myTrainerlib.dll
R15=0x000002a8d10e2ae0 is a thread

Top of Stack: (sp=0x000000ae2f5fe990)
0x000000ae2f5fe990:   0000000000000000 00007ffc13a482a0
0x000000ae2f5fe9a0:   000000ae2f5feaf0 000000ae2f5f0000
0x000000ae2f5fe9b0:   00000001e06d7363 0000000000000000
0x000000ae2f5fe9c0:   00007ffc4c23cf19 00007ffc00000004
0x000000ae2f5fe9d0:   0000000019930520 000000ae2f5feaf0
0x000000ae2f5fe9e0:   00007ffc13a482a0 00007ffc139a0000
0x000000ae2f5fe9f0:   000002a8f1408ba8 0000000000000000
0x000000ae2f5fea00:   000000ae2f5feaf0 000000ae2f5fec20
0x000000ae2f5fea10:   000000ae2f5fea90 00007ffc4eb64a5f
0x000000ae2f5fea20:   0000000019930520 0000000000000000
0x000000ae2f5fea30:   000000ae2f5fecc8 000000ae2f5fecc0
0x000000ae2f5fea40:   00007ffc13a49000 00007ffc139a0000
0x000000ae2f5fea50:   0000cb9c6bb9509f 0000000000000001
0x000000ae2f5fea60:   00007ffc13a482a0 00007ffc464b66c0
0x000000ae2f5fea70:   000002a8f09405c0 00000000000000ac
0x000000ae2f5fea80:   00000000000000a3 fffffffffffffffe
0x000000ae2f5fea90:   00007ffc139a0000 0000000019930520
0x000000ae2f5feaa0:   000000ae2f5feaf0 00007ffc13a482a0
0x000000ae2f5feab0:   00007ffc139a0000 00007ffc13a34520
0x000000ae2f5feac0:   000000ae2f5fecc0 00007ffc13a164be
0x000000ae2f5fead0:   00007ffc139de5e0 000000ae2f5feb60
0x000000ae2f5feae0:   0000000000000001 00007ffc13a34520
0x000000ae2f5feaf0:   00007ffc13a48090 000002a8f098bfc0
0x000000ae2f5feb00:   00007ffc13a344b8 00007ffc13a1343d
0x000000ae2f5feb10:   00007ffc13a34324 0000000000000009
0x000000ae2f5feb20:   000002a8f09405c0 00000000000000a3
0x000000ae2f5feb30:   000002a8d10e2ae0 00007ffc13a2c008
0x000000ae2f5feb40:   00007ffc100caf70 000002a8f089ae30
0x000000ae2f5feb50:   0000000000000000 000002a8f0949650
0x000000ae2f5feb60:   0000000000000000 000002a8f09405c0
0x000000ae2f5feb70:   fffffffffffffffe 0000000000000001
0x000000ae2f5feb80:   000000ae2f5fecc0 00007ffc13a34520 

Instructions: (pc=0x00007ffc4c23cf19)
0x00007ffc4c23ce19:   09 00 48 8b 84 24 b8 00 00 00 48 8b 8c 24 b0 05
0x00007ffc4c23ce29:   00 00 48 33 cc e8 ed 86 06 00 48 81 c4 c0 05 00
0x00007ffc4c23ce39:   00 41 5f 41 5e 41 5d 5e 5b c3 cc 48 ff 15 ad 7f
0x00007ffc4c23ce49:   1b 00 0f 1f 44 00 00 eb b0 cc cc cc cc cc cc cc
0x00007ffc4c23ce59:   cc cc cc cc cc cc cc 40 53 48 83 ec 30 48 8b d1
0x00007ffc4c23ce69:   48 8d 4c 24 20 e8 5d 23 00 00 85 c0 74 26 48 8b
0x00007ffc4c23ce79:   4c 24 28 e8 ef 38 00 00 48 8d 4c 24 20 8b d8 48
0x00007ffc4c23ce89:   ff 15 b1 79 1b 00 0f 1f 44 00 00 8b c3 48 83 c4
0x00007ffc4c23ce99:   30 5b c3 cc 83 c8 ff eb f4 cc cc cc cc cc cc cc
0x00007ffc4c23cea9:   cc cc cc cc cc cc cc 48 81 ec d8 00 00 00 48 8b
0x00007ffc4c23ceb9:   05 e2 9f 28 00 48 33 c4 48 89 84 24 c0 00 00 00
0x00007ffc4c23cec9:   48 83 64 24 28 00 48 8d 05 da ff ff ff 83 e2 01
0x00007ffc4c23ced9:   89 4c 24 20 89 54 24 24 48 89 44 24 30 4d 85 c9
0x00007ffc4c23cee9:   74 4c b8 0f 00 00 00 48 8d 4c 24 40 44 3b c0 49
0x00007ffc4c23cef9:   8b d1 44 0f 47 c0 44 89 44 24 38 49 c1 e0 03 e8
0x00007ffc4c23cf09:   ea 91 08 00 48 8d 4c 24 20 48 ff 15 ff 80 1b 00
0x00007ffc4c23cf19:   0f 1f 44 00 00 48 8b 8c 24 c0 00 00 00 48 33 cc
0x00007ffc4c23cf29:   e8 f2 85 06 00 48 81 c4 d8 00 00 00 c3 cc 83 64
0x00007ffc4c23cf39:   24 38 00 eb cf cc cc cc cc cc cc cc cc cc cc cc
0x00007ffc4c23cf49:   cc cc cc cc cc cc cc 65 48 8b 04 25 30 00 00 00
0x00007ffc4c23cf59:   8b 40 68 c3 cc cc cc cc cc cc cc cc cc cc cc cc
0x00007ffc4c23cf69:   cc cc cc cc cc cc cc 48 89 5c 24 10 48 89 74 24
0x00007ffc4c23cf79:   18 57 41 54 41 55 41 56 41 57 48 81 ec b0 02 00
0x00007ffc4c23cf89:   00 48 8b 05 0f 9f 28 00 48 33 c4 48 89 84 24 a0
0x00007ffc4c23cf99:   02 00 00 48 8d 15 0f e6 1b 00 48 85 c9 48 0f 45
0x00007ffc4c23cfa9:   d1 48 89 94 24 80 00 00 00 48 83 c8 ff 48 ff c0
0x00007ffc4c23cfb9:   80 3c 02 00 75 f7 48 ff c0 48 89 84 24 88 00 00
0x00007ffc4c23cfc9:   00 48 89 94 24 90 00 00 00 4c 8d 8c 24 88 00 00
0x00007ffc4c23cfd9:   00 33 d2 b9 06 00 01 40 44 8d 42 02 e8 c6 fe ff
0x00007ffc4c23cfe9:   ff e9 f0 01 00 00 33 f6 48 89 74 24 60 45 33 ff
0x00007ffc4c23cff9:   4c 89 7c 24 48 45 33 f6 4c 89 74 24 58 33 ff 48
0x00007ffc4c23d009:   89 7c 24 50 e8 3e ff ff ff 89 44 24 40 48 39 35 


Stack slot to memory mapping:

stack at sp + 0 slots: 0x0 is null
stack at sp + 1 slots: 0x00007ffc13a482a0 myTrainerlib.dll
stack at sp + 2 slots: 0x000000ae2f5feaf0 is pointing into the stack for thread: 0x000002a8d10e2ae0
stack at sp + 3 slots: 0x000000ae2f5f0000 is pointing into the stack for thread: 0x000002a8d10e2ae0
stack at sp + 4 slots: 0x00000001e06d7363 is an unknown value
stack at sp + 5 slots: 0x0 is null
stack at sp + 6 slots: 0x00007ffc4c23cf19 KERNELBASE.dll
stack at sp + 7 slots: 0x00007ffc00000004 is an unknown value


---------------  P R O C E S S  ---------------

Threads class SMR info:
_java_thread_list=0x000002a8f08922c0, length=12, elements={
0x000002a8d10e2ae0, 0x000002a8f063e830, 0x000002a8f063f800, 0x000002a8f0644a20,
0x000002a8f0647640, 0x000002a8f06504b0, 0x000002a8f0652120, 0x000002a8f0659d10,
0x000002a8f065c340, 0x000002a8f06527b0, 0x000002a8f0653b60, 0x000002a8f0654880
}

Java Threads: ( => current thread )
=>0x000002a8d10e2ae0 JavaThread "main"                              [_thread_in_native, id=5844, stack(0x000000ae2f500000,0x000000ae2f600000) (1024K)]
  0x000002a8f063e830 JavaThread "Reference Handler"          daemon [_thread_blocked, id=15352, stack(0x000000ae2fd00000,0x000000ae2fe00000) (1024K)]
  0x000002a8f063f800 JavaThread "Finalizer"                  daemon [_thread_blocked, id=16372, stack(0x000000ae2fe00000,0x000000ae2ff00000) (1024K)]
  0x000002a8f0644a20 JavaThread "Signal Dispatcher"          daemon [_thread_blocked, id=1756, stack(0x000000ae2ff00000,0x000000ae30000000) (1024K)]
  0x000002a8f0647640 JavaThread "Attach Listener"            daemon [_thread_blocked, id=13020, stack(0x000000ae30000000,0x000000ae30100000) (1024K)]
  0x000002a8f06504b0 JavaThread "Service Thread"             daemon [_thread_blocked, id=13736, stack(0x000000ae30100000,0x000000ae30200000) (1024K)]
  0x000002a8f0652120 JavaThread "Monitor Deflation Thread"   daemon [_thread_blocked, id=12100, stack(0x000000ae30200000,0x000000ae30300000) (1024K)]
  0x000002a8f0659d10 JavaThread "C2 CompilerThread0"         daemon [_thread_blocked, id=14352, stack(0x000000ae30300000,0x000000ae30400000) (1024K)]
  0x000002a8f065c340 JavaThread "C1 CompilerThread0"         daemon [_thread_blocked, id=8988, stack(0x000000ae30400000,0x000000ae30500000) (1024K)]
  0x000002a8f06527b0 JavaThread "Common-Cleaner"             daemon [_thread_blocked, id=6772, stack(0x000000ae30500000,0x000000ae30600000) (1024K)]
  0x000002a8f0653b60 JavaThread "Monitor Ctrl-Break"         daemon [_thread_in_native, id=1980, stack(0x000000ae30600000,0x000000ae30700000) (1024K)]
  0x000002a8f0654880 JavaThread "Notification Thread"        daemon [_thread_blocked, id=11452, stack(0x000000ae30700000,0x000000ae30800000) (1024K)]
Total: 12

Other Threads:
  0x000002a8f0621df0 VMThread "VM Thread"                           [id=16184, stack(0x000000ae2fc00000,0x000000ae2fd00000) (1024K)]
  0x000002a8f0609e60 WatcherThread "VM Periodic Task Thread"        [id=7012, stack(0x000000ae2fb00000,0x000000ae2fc00000) (1024K)]
  0x000002a8d1148c30 WorkerThread "GC Thread#0"                     [id=11436, stack(0x000000ae2f600000,0x000000ae2f700000) (1024K)]
  0x000002a8d115b2b0 ConcurrentGCThread "G1 Main Marker"            [id=13700, stack(0x000000ae2f700000,0x000000ae2f800000) (1024K)]
  0x000002a8d115bdb0 WorkerThread "G1 Conc#0"                       [id=5840, stack(0x000000ae2f800000,0x000000ae2f900000) (1024K)]
  0x000002a8d11be9e0 ConcurrentGCThread "G1 Refine#0"               [id=12060, stack(0x000000ae2f900000,0x000000ae2fa00000) (1024K)]
  0x000002a8f04dd680 ConcurrentGCThread "G1 Service"                [id=14808, stack(0x000000ae2fa00000,0x000000ae2fb00000) (1024K)]
Total: 7

Threads with active compile tasks:
Total: 0

VM state: not at safepoint (normal execution)

VM Mutex/Monitor currently owned by a thread: None

Heap address: 0x0000000702c00000, size: 4052 MB, Compressed Oops mode: Zero based, Oop shift amount: 3

CDS archive(s) mapped at: [0x000002a880000000-0x000002a880c90000-0x000002a880c90000), size 13172736, SharedBaseAddress: 0x000002a880000000, ArchiveRelocationMode: 1.
Compressed class space mapped at: 0x000002a881000000-0x000002a8c1000000, reserved size: 1073741824
Narrow klass base: 0x000002a880000000, Narrow klass shift: 0, Narrow klass range: 0x100000000

GC Precious Log:
 CardTable entry size: 512
 Card Set container configuration: InlinePtr #cards 4 size 8 Array Of Cards #cards 16 size 48 Howl #buckets 8 coarsen threshold 3686 Howl Bitmap #cards 512 size 80 coarsen threshold 460 Card regions per heap region 1 cards per card region 4096
 CPUs: 12 total, 12 available
 Memory: 16205M
 Large Page Support: Disabled
 NUMA Support: Disabled
 Compressed Oops: Enabled (Zero based)
 Heap Region Size: 2M
 Heap Min Capacity: 8M
 Heap Initial Capacity: 254M
 Heap Max Capacity: 4052M
 Pre-touch: Disabled
 Parallel Workers: 10
 Concurrent Workers: 3
 Concurrent Refinement Workers: 10
 Periodic GC: Disabled

Heap:
 garbage-first heap   total 260096K, used 2048K [0x0000000702c00000, 0x0000000800000000)
  region size 2048K, 2 young (4096K), 0 survivors (0K)
 Metaspace       used 789K, committed 896K, reserved 1114112K
  class space    used 65K, committed 128K, reserved 1048576K

Heap Regions: E=young(eden), S=young(survivor), O=old, HS=humongous(starts), HC=humongous(continues), CS=collection set, F=free, TAMS=top-at-mark-start, PB=parsable bottom
|   0|0x0000000702c00000, 0x0000000702c00000, 0x0000000702e00000|  0%| F|  |TAMS 0x0000000702c00000| PB 0x0000000702c00000| Untracked 
|   1|0x0000000702e00000, 0x0000000702e00000, 0x0000000703000000|  0%| F|  |TAMS 0x0000000702e00000| PB 0x0000000702e00000| Untracked 
|   2|0x0000000703000000, 0x0000000703000000, 0x0000000703200000|  0%| F|  |TAMS 0x0000000703000000| PB 0x0000000703000000| Untracked 
|   3|0x0000000703200000, 0x0000000703200000, 0x0000000703400000|  0%| F|  |TAMS 0x0000000703200000| PB 0x0000000703200000| Untracked 
|   4|0x0000000703400000, 0x0000000703400000, 0x0000000703600000|  0%| F|  |TAMS 0x0000000703400000| PB 0x0000000703400000| Untracked 
|   5|0x0000000703600000, 0x0000000703600000, 0x0000000703800000|  0%| F|  |TAMS 0x0000000703600000| PB 0x0000000703600000| Untracked 
|   6|0x0000000703800000, 0x0000000703800000, 0x0000000703a00000|  0%| F|  |TAMS 0x0000000703800000| PB 0x0000000703800000| Untracked 
|   7|0x0000000703a00000, 0x0000000703a00000, 0x0000000703c00000|  0%| F|  |TAMS 0x0000000703a00000| PB 0x0000000703a00000| Untracked 
|   8|0x0000000703c00000, 0x0000000703c00000, 0x0000000703e00000|  0%| F|  |TAMS 0x0000000703c00000| PB 0x0000000703c00000| Untracked 
|   9|0x0000000703e00000, 0x0000000703e00000, 0x0000000704000000|  0%| F|  |TAMS 0x0000000703e00000| PB 0x0000000703e00000| Untracked 
|  10|0x0000000704000000, 0x0000000704000000, 0x0000000704200000|  0%| F|  |TAMS 0x0000000704000000| PB 0x0000000704000000| Untracked 
|  11|0x0000000704200000, 0x0000000704200000, 0x0000000704400000|  0%| F|  |TAMS 0x0000000704200000| PB 0x0000000704200000| Untracked 
|  12|0x0000000704400000, 0x0000000704400000, 0x0000000704600000|  0%| F|  |TAMS 0x0000000704400000| PB 0x0000000704400000| Untracked 
|  13|0x0000000704600000, 0x0000000704600000, 0x0000000704800000|  0%| F|  |TAMS 0x0000000704600000| PB 0x0000000704600000| Untracked 
|  14|0x0000000704800000, 0x0000000704800000, 0x0000000704a00000|  0%| F|  |TAMS 0x0000000704800000| PB 0x0000000704800000| Untracked 
|  15|0x0000000704a00000, 0x0000000704a00000, 0x0000000704c00000|  0%| F|  |TAMS 0x0000000704a00000| PB 0x0000000704a00000| Untracked 
|  16|0x0000000704c00000, 0x0000000704c00000, 0x0000000704e00000|  0%| F|  |TAMS 0x0000000704c00000| PB 0x0000000704c00000| Untracked 
|  17|0x0000000704e00000, 0x0000000704e00000, 0x0000000705000000|  0%| F|  |TAMS 0x0000000704e00000| PB 0x0000000704e00000| Untracked 
|  18|0x0000000705000000, 0x0000000705000000, 0x0000000705200000|  0%| F|  |TAMS 0x0000000705000000| PB 0x0000000705000000| Untracked 
|  19|0x0000000705200000, 0x0000000705200000, 0x0000000705400000|  0%| F|  |TAMS 0x0000000705200000| PB 0x0000000705200000| Untracked 
|  20|0x0000000705400000, 0x0000000705400000, 0x0000000705600000|  0%| F|  |TAMS 0x0000000705400000| PB 0x0000000705400000| Untracked 
|  21|0x0000000705600000, 0x0000000705600000, 0x0000000705800000|  0%| F|  |TAMS 0x0000000705600000| PB 0x0000000705600000| Untracked 
|  22|0x0000000705800000, 0x0000000705800000, 0x0000000705a00000|  0%| F|  |TAMS 0x0000000705800000| PB 0x0000000705800000| Untracked 
|  23|0x0000000705a00000, 0x0000000705a00000, 0x0000000705c00000|  0%| F|  |TAMS 0x0000000705a00000| PB 0x0000000705a00000| Untracked 
|  24|0x0000000705c00000, 0x0000000705c00000, 0x0000000705e00000|  0%| F|  |TAMS 0x0000000705c00000| PB 0x0000000705c00000| Untracked 
|  25|0x0000000705e00000, 0x0000000705e00000, 0x0000000706000000|  0%| F|  |TAMS 0x0000000705e00000| PB 0x0000000705e00000| Untracked 
|  26|0x0000000706000000, 0x0000000706000000, 0x0000000706200000|  0%| F|  |TAMS 0x0000000706000000| PB 0x0000000706000000| Untracked 
|  27|0x0000000706200000, 0x0000000706200000, 0x0000000706400000|  0%| F|  |TAMS 0x0000000706200000| PB 0x0000000706200000| Untracked 
|  28|0x0000000706400000, 0x0000000706400000, 0x0000000706600000|  0%| F|  |TAMS 0x0000000706400000| PB 0x0000000706400000| Untracked 
|  29|0x0000000706600000, 0x0000000706600000, 0x0000000706800000|  0%| F|  |TAMS 0x0000000706600000| PB 0x0000000706600000| Untracked 
|  30|0x0000000706800000, 0x0000000706800000, 0x0000000706a00000|  0%| F|  |TAMS 0x0000000706800000| PB 0x0000000706800000| Untracked 
|  31|0x0000000706a00000, 0x0000000706a00000, 0x0000000706c00000|  0%| F|  |TAMS 0x0000000706a00000| PB 0x0000000706a00000| Untracked 
|  32|0x0000000706c00000, 0x0000000706c00000, 0x0000000706e00000|  0%| F|  |TAMS 0x0000000706c00000| PB 0x0000000706c00000| Untracked 
|  33|0x0000000706e00000, 0x0000000706e00000, 0x0000000707000000|  0%| F|  |TAMS 0x0000000706e00000| PB 0x0000000706e00000| Untracked 
|  34|0x0000000707000000, 0x0000000707000000, 0x0000000707200000|  0%| F|  |TAMS 0x0000000707000000| PB 0x0000000707000000| Untracked 
|  35|0x0000000707200000, 0x0000000707200000, 0x0000000707400000|  0%| F|  |TAMS 0x0000000707200000| PB 0x0000000707200000| Untracked 
|  36|0x0000000707400000, 0x0000000707400000, 0x0000000707600000|  0%| F|  |TAMS 0x0000000707400000| PB 0x0000000707400000| Untracked 
|  37|0x0000000707600000, 0x0000000707600000, 0x0000000707800000|  0%| F|  |TAMS 0x0000000707600000| PB 0x0000000707600000| Untracked 
|  38|0x0000000707800000, 0x0000000707800000, 0x0000000707a00000|  0%| F|  |TAMS 0x0000000707800000| PB 0x0000000707800000| Untracked 
|  39|0x0000000707a00000, 0x0000000707a00000, 0x0000000707c00000|  0%| F|  |TAMS 0x0000000707a00000| PB 0x0000000707a00000| Untracked 
|  40|0x0000000707c00000, 0x0000000707c00000, 0x0000000707e00000|  0%| F|  |TAMS 0x0000000707c00000| PB 0x0000000707c00000| Untracked 
|  41|0x0000000707e00000, 0x0000000707e00000, 0x0000000708000000|  0%| F|  |TAMS 0x0000000707e00000| PB 0x0000000707e00000| Untracked 
|  42|0x0000000708000000, 0x0000000708000000, 0x0000000708200000|  0%| F|  |TAMS 0x0000000708000000| PB 0x0000000708000000| Untracked 
|  43|0x0000000708200000, 0x0000000708200000, 0x0000000708400000|  0%| F|  |TAMS 0x0000000708200000| PB 0x0000000708200000| Untracked 
|  44|0x0000000708400000, 0x0000000708400000, 0x0000000708600000|  0%| F|  |TAMS 0x0000000708400000| PB 0x0000000708400000| Untracked 
|  45|0x0000000708600000, 0x0000000708600000, 0x0000000708800000|  0%| F|  |TAMS 0x0000000708600000| PB 0x0000000708600000| Untracked 
|  46|0x0000000708800000, 0x0000000708800000, 0x0000000708a00000|  0%| F|  |TAMS 0x0000000708800000| PB 0x0000000708800000| Untracked 
|  47|0x0000000708a00000, 0x0000000708a00000, 0x0000000708c00000|  0%| F|  |TAMS 0x0000000708a00000| PB 0x0000000708a00000| Untracked 
|  48|0x0000000708c00000, 0x0000000708c00000, 0x0000000708e00000|  0%| F|  |TAMS 0x0000000708c00000| PB 0x0000000708c00000| Untracked 
|  49|0x0000000708e00000, 0x0000000708e00000, 0x0000000709000000|  0%| F|  |TAMS 0x0000000708e00000| PB 0x0000000708e00000| Untracked 
|  50|0x0000000709000000, 0x0000000709000000, 0x0000000709200000|  0%| F|  |TAMS 0x0000000709000000| PB 0x0000000709000000| Untracked 
|  51|0x0000000709200000, 0x0000000709200000, 0x0000000709400000|  0%| F|  |TAMS 0x0000000709200000| PB 0x0000000709200000| Untracked 
|  52|0x0000000709400000, 0x0000000709400000, 0x0000000709600000|  0%| F|  |TAMS 0x0000000709400000| PB 0x0000000709400000| Untracked 
|  53|0x0000000709600000, 0x0000000709600000, 0x0000000709800000|  0%| F|  |TAMS 0x0000000709600000| PB 0x0000000709600000| Untracked 
|  54|0x0000000709800000, 0x0000000709800000, 0x0000000709a00000|  0%| F|  |TAMS 0x0000000709800000| PB 0x0000000709800000| Untracked 
|  55|0x0000000709a00000, 0x0000000709a00000, 0x0000000709c00000|  0%| F|  |TAMS 0x0000000709a00000| PB 0x0000000709a00000| Untracked 
|  56|0x0000000709c00000, 0x0000000709c00000, 0x0000000709e00000|  0%| F|  |TAMS 0x0000000709c00000| PB 0x0000000709c00000| Untracked 
|  57|0x0000000709e00000, 0x0000000709e00000, 0x000000070a000000|  0%| F|  |TAMS 0x0000000709e00000| PB 0x0000000709e00000| Untracked 
|  58|0x000000070a000000, 0x000000070a000000, 0x000000070a200000|  0%| F|  |TAMS 0x000000070a000000| PB 0x000000070a000000| Untracked 
|  59|0x000000070a200000, 0x000000070a200000, 0x000000070a400000|  0%| F|  |TAMS 0x000000070a200000| PB 0x000000070a200000| Untracked 
|  60|0x000000070a400000, 0x000000070a400000, 0x000000070a600000|  0%| F|  |TAMS 0x000000070a400000| PB 0x000000070a400000| Untracked 
|  61|0x000000070a600000, 0x000000070a600000, 0x000000070a800000|  0%| F|  |TAMS 0x000000070a600000| PB 0x000000070a600000| Untracked 
|  62|0x000000070a800000, 0x000000070a800000, 0x000000070aa00000|  0%| F|  |TAMS 0x000000070a800000| PB 0x000000070a800000| Untracked 
|  63|0x000000070aa00000, 0x000000070aa00000, 0x000000070ac00000|  0%| F|  |TAMS 0x000000070aa00000| PB 0x000000070aa00000| Untracked 
|  64|0x000000070ac00000, 0x000000070ac00000, 0x000000070ae00000|  0%| F|  |TAMS 0x000000070ac00000| PB 0x000000070ac00000| Untracked 
|  65|0x000000070ae00000, 0x000000070ae00000, 0x000000070b000000|  0%| F|  |TAMS 0x000000070ae00000| PB 0x000000070ae00000| Untracked 
|  66|0x000000070b000000, 0x000000070b000000, 0x000000070b200000|  0%| F|  |TAMS 0x000000070b000000| PB 0x000000070b000000| Untracked 
|  67|0x000000070b200000, 0x000000070b200000, 0x000000070b400000|  0%| F|  |TAMS 0x000000070b200000| PB 0x000000070b200000| Untracked 
|  68|0x000000070b400000, 0x000000070b400000, 0x000000070b600000|  0%| F|  |TAMS 0x000000070b400000| PB 0x000000070b400000| Untracked 
|  69|0x000000070b600000, 0x000000070b600000, 0x000000070b800000|  0%| F|  |TAMS 0x000000070b600000| PB 0x000000070b600000| Untracked 
|  70|0x000000070b800000, 0x000000070b800000, 0x000000070ba00000|  0%| F|  |TAMS 0x000000070b800000| PB 0x000000070b800000| Untracked 
|  71|0x000000070ba00000, 0x000000070ba00000, 0x000000070bc00000|  0%| F|  |TAMS 0x000000070ba00000| PB 0x000000070ba00000| Untracked 
|  72|0x000000070bc00000, 0x000000070bc00000, 0x000000070be00000|  0%| F|  |TAMS 0x000000070bc00000| PB 0x000000070bc00000| Untracked 
|  73|0x000000070be00000, 0x000000070be00000, 0x000000070c000000|  0%| F|  |TAMS 0x000000070be00000| PB 0x000000070be00000| Untracked 
|  74|0x000000070c000000, 0x000000070c000000, 0x000000070c200000|  0%| F|  |TAMS 0x000000070c000000| PB 0x000000070c000000| Untracked 
|  75|0x000000070c200000, 0x000000070c200000, 0x000000070c400000|  0%| F|  |TAMS 0x000000070c200000| PB 0x000000070c200000| Untracked 
|  76|0x000000070c400000, 0x000000070c400000, 0x000000070c600000|  0%| F|  |TAMS 0x000000070c400000| PB 0x000000070c400000| Untracked 
|  77|0x000000070c600000, 0x000000070c600000, 0x000000070c800000|  0%| F|  |TAMS 0x000000070c600000| PB 0x000000070c600000| Untracked 
|  78|0x000000070c800000, 0x000000070c800000, 0x000000070ca00000|  0%| F|  |TAMS 0x000000070c800000| PB 0x000000070c800000| Untracked 
|  79|0x000000070ca00000, 0x000000070ca00000, 0x000000070cc00000|  0%| F|  |TAMS 0x000000070ca00000| PB 0x000000070ca00000| Untracked 
|  80|0x000000070cc00000, 0x000000070cc00000, 0x000000070ce00000|  0%| F|  |TAMS 0x000000070cc00000| PB 0x000000070cc00000| Untracked 
|  81|0x000000070ce00000, 0x000000070ce00000, 0x000000070d000000|  0%| F|  |TAMS 0x000000070ce00000| PB 0x000000070ce00000| Untracked 
|  82|0x000000070d000000, 0x000000070d000000, 0x000000070d200000|  0%| F|  |TAMS 0x000000070d000000| PB 0x000000070d000000| Untracked 
|  83|0x000000070d200000, 0x000000070d200000, 0x000000070d400000|  0%| F|  |TAMS 0x000000070d200000| PB 0x000000070d200000| Untracked 
|  84|0x000000070d400000, 0x000000070d400000, 0x000000070d600000|  0%| F|  |TAMS 0x000000070d400000| PB 0x000000070d400000| Untracked 
|  85|0x000000070d600000, 0x000000070d600000, 0x000000070d800000|  0%| F|  |TAMS 0x000000070d600000| PB 0x000000070d600000| Untracked 
|  86|0x000000070d800000, 0x000000070d800000, 0x000000070da00000|  0%| F|  |TAMS 0x000000070d800000| PB 0x000000070d800000| Untracked 
|  87|0x000000070da00000, 0x000000070da00000, 0x000000070dc00000|  0%| F|  |TAMS 0x000000070da00000| PB 0x000000070da00000| Untracked 
|  88|0x000000070dc00000, 0x000000070dc00000, 0x000000070de00000|  0%| F|  |TAMS 0x000000070dc00000| PB 0x000000070dc00000| Untracked 
|  89|0x000000070de00000, 0x000000070de00000, 0x000000070e000000|  0%| F|  |TAMS 0x000000070de00000| PB 0x000000070de00000| Untracked 
|  90|0x000000070e000000, 0x000000070e000000, 0x000000070e200000|  0%| F|  |TAMS 0x000000070e000000| PB 0x000000070e000000| Untracked 
|  91|0x000000070e200000, 0x000000070e200000, 0x000000070e400000|  0%| F|  |TAMS 0x000000070e200000| PB 0x000000070e200000| Untracked 
|  92|0x000000070e400000, 0x000000070e400000, 0x000000070e600000|  0%| F|  |TAMS 0x000000070e400000| PB 0x000000070e400000| Untracked 
|  93|0x000000070e600000, 0x000000070e600000, 0x000000070e800000|  0%| F|  |TAMS 0x000000070e600000| PB 0x000000070e600000| Untracked 
|  94|0x000000070e800000, 0x000000070e800000, 0x000000070ea00000|  0%| F|  |TAMS 0x000000070e800000| PB 0x000000070e800000| Untracked 
|  95|0x000000070ea00000, 0x000000070ea00000, 0x000000070ec00000|  0%| F|  |TAMS 0x000000070ea00000| PB 0x000000070ea00000| Untracked 
|  96|0x000000070ec00000, 0x000000070ec00000, 0x000000070ee00000|  0%| F|  |TAMS 0x000000070ec00000| PB 0x000000070ec00000| Untracked 
|  97|0x000000070ee00000, 0x000000070ee00000, 0x000000070f000000|  0%| F|  |TAMS 0x000000070ee00000| PB 0x000000070ee00000| Untracked 
|  98|0x000000070f000000, 0x000000070f000000, 0x000000070f200000|  0%| F|  |TAMS 0x000000070f000000| PB 0x000000070f000000| Untracked 
|  99|0x000000070f200000, 0x000000070f200000, 0x000000070f400000|  0%| F|  |TAMS 0x000000070f200000| PB 0x000000070f200000| Untracked 
| 100|0x000000070f400000, 0x000000070f400000, 0x000000070f600000|  0%| F|  |TAMS 0x000000070f400000| PB 0x000000070f400000| Untracked 
| 101|0x000000070f600000, 0x000000070f600000, 0x000000070f800000|  0%| F|  |TAMS 0x000000070f600000| PB 0x000000070f600000| Untracked 
| 102|0x000000070f800000, 0x000000070f800000, 0x000000070fa00000|  0%| F|  |TAMS 0x000000070f800000| PB 0x000000070f800000| Untracked 
| 103|0x000000070fa00000, 0x000000070fa00000, 0x000000070fc00000|  0%| F|  |TAMS 0x000000070fa00000| PB 0x000000070fa00000| Untracked 
| 104|0x000000070fc00000, 0x000000070fc00000, 0x000000070fe00000|  0%| F|  |TAMS 0x000000070fc00000| PB 0x000000070fc00000| Untracked 
| 105|0x000000070fe00000, 0x000000070fe00000, 0x0000000710000000|  0%| F|  |TAMS 0x000000070fe00000| PB 0x000000070fe00000| Untracked 
| 106|0x0000000710000000, 0x0000000710000000, 0x0000000710200000|  0%| F|  |TAMS 0x0000000710000000| PB 0x0000000710000000| Untracked 
| 107|0x0000000710200000, 0x0000000710200000, 0x0000000710400000|  0%| F|  |TAMS 0x0000000710200000| PB 0x0000000710200000| Untracked 
| 108|0x0000000710400000, 0x0000000710400000, 0x0000000710600000|  0%| F|  |TAMS 0x0000000710400000| PB 0x0000000710400000| Untracked 
| 109|0x0000000710600000, 0x0000000710600000, 0x0000000710800000|  0%| F|  |TAMS 0x0000000710600000| PB 0x0000000710600000| Untracked 
| 110|0x0000000710800000, 0x0000000710800000, 0x0000000710a00000|  0%| F|  |TAMS 0x0000000710800000| PB 0x0000000710800000| Untracked 
| 111|0x0000000710a00000, 0x0000000710a00000, 0x0000000710c00000|  0%| F|  |TAMS 0x0000000710a00000| PB 0x0000000710a00000| Untracked 
| 112|0x0000000710c00000, 0x0000000710c00000, 0x0000000710e00000|  0%| F|  |TAMS 0x0000000710c00000| PB 0x0000000710c00000| Untracked 
| 113|0x0000000710e00000, 0x0000000710e00000, 0x0000000711000000|  0%| F|  |TAMS 0x0000000710e00000| PB 0x0000000710e00000| Untracked 
| 114|0x0000000711000000, 0x0000000711000000, 0x0000000711200000|  0%| F|  |TAMS 0x0000000711000000| PB 0x0000000711000000| Untracked 
| 115|0x0000000711200000, 0x0000000711200000, 0x0000000711400000|  0%| F|  |TAMS 0x0000000711200000| PB 0x0000000711200000| Untracked 
| 116|0x0000000711400000, 0x0000000711400000, 0x0000000711600000|  0%| F|  |TAMS 0x0000000711400000| PB 0x0000000711400000| Untracked 
| 117|0x0000000711600000, 0x0000000711600000, 0x0000000711800000|  0%| F|  |TAMS 0x0000000711600000| PB 0x0000000711600000| Untracked 
| 118|0x0000000711800000, 0x0000000711800000, 0x0000000711a00000|  0%| F|  |TAMS 0x0000000711800000| PB 0x0000000711800000| Untracked 
| 119|0x0000000711a00000, 0x0000000711a00000, 0x0000000711c00000|  0%| F|  |TAMS 0x0000000711a00000| PB 0x0000000711a00000| Untracked 
| 120|0x0000000711c00000, 0x0000000711c00000, 0x0000000711e00000|  0%| F|  |TAMS 0x0000000711c00000| PB 0x0000000711c00000| Untracked 
| 121|0x0000000711e00000, 0x0000000711e00000, 0x0000000712000000|  0%| F|  |TAMS 0x0000000711e00000| PB 0x0000000711e00000| Untracked 
| 122|0x0000000712000000, 0x0000000712000000, 0x0000000712200000|  0%| F|  |TAMS 0x0000000712000000| PB 0x0000000712000000| Untracked 
| 123|0x0000000712200000, 0x0000000712200000, 0x0000000712400000|  0%| F|  |TAMS 0x0000000712200000| PB 0x0000000712200000| Untracked 
| 124|0x0000000712400000, 0x0000000712400000, 0x0000000712600000|  0%| F|  |TAMS 0x0000000712400000| PB 0x0000000712400000| Untracked 
| 125|0x0000000712600000, 0x00000007127c3160, 0x0000000712800000| 88%| E|  |TAMS 0x0000000712600000| PB 0x0000000712600000| Complete 
| 126|0x0000000712800000, 0x0000000712a00000, 0x0000000712a00000|100%| E|CS|TAMS 0x0000000712800000| PB 0x0000000712800000| Complete 

Card table byte_map: [0x000002a8e92a0000,0x000002a8e9a90000] _byte_map_base: 0x000002a8e5a8a000

Marking Bits: (CMBitMap*) 0x000002a8d1149330
 Bits: [0x000002a8e9a90000, 0x000002a8ed9e0000)

Polling page: 0x000002a8cef70000

Metaspace:

Usage:
  Non-class:    724.25 KB used.
      Class:     65.59 KB used.
       Both:    789.84 KB used.

Virtual space:
  Non-class space:       64.00 MB reserved,     768.00 KB (  1%) committed,  1 nodes.
      Class space:        1.00 GB reserved,     128.00 KB ( <1%) committed,  1 nodes.
             Both:        1.06 GB reserved,     896.00 KB ( <1%) committed. 

Chunk freelists:
   Non-Class:  11.95 MB
       Class:  15.73 MB
        Both:  27.68 MB

MaxMetaspaceSize: unlimited
CompressedClassSpaceSize: 1.00 GB
Initial GC threshold: 21.00 MB
Current GC threshold: 21.00 MB
CDS: on
 - commit_granule_bytes: 65536.
 - commit_granule_words: 8192.
 - virtual_space_node_default_size: 8388608.
 - enlarge_chunks_in_place: 1.
 - use_allocation_guard: 0.


Internal statistics:

num_allocs_failed_limit: 0.
num_arena_births: 24.
num_arena_deaths: 0.
num_vsnodes_births: 2.
num_vsnodes_deaths: 0.
num_space_committed: 14.
num_space_uncommitted: 0.
num_chunks_returned_to_freelist: 0.
num_chunks_taken_from_freelist: 30.
num_chunk_merges: 0.
num_chunk_splits: 20.
num_chunks_enlarged: 12.
num_inconsistent_stats: 0.

CodeHeap 'non-profiled nmethods': size=120000Kb used=78Kb max_used=78Kb free=119921Kb
 bounds [0x000002a8e1020000, 0x000002a8e1290000, 0x000002a8e8550000]
CodeHeap 'profiled nmethods': size=120000Kb used=251Kb max_used=251Kb free=119748Kb
 bounds [0x000002a8d9550000, 0x000002a8d97c0000, 0x000002a8e0a80000]
CodeHeap 'non-nmethods': size=5760Kb used=1308Kb max_used=1319Kb free=4451Kb
 bounds [0x000002a8e0a80000, 0x000002a8e0cf0000, 0x000002a8e1020000]
 total_blobs=658 nmethods=235 adapters=328
 compilation: enabled
              stopped_count=0, restarted_count=0
 full_count=0

Compilation events (20 events):
Event: 0.186 Thread 0x000002a8f065c340  216       1       java.lang.invoke.MethodTypeForm::parameterSlotCount (5 bytes)
Event: 0.186 Thread 0x000002a8f065c340 nmethod 216 0x000002a8e1032210 code [0x000002a8e10323a0, 0x000002a8e1032468]
Event: 0.186 Thread 0x000002a8f065c340  219       3       jdk.internal.org.objectweb.asm.ByteVector::putShort (52 bytes)
Event: 0.187 Thread 0x000002a8f065c340 nmethod 219 0x000002a8d9589710 code [0x000002a8d95898c0, 0x000002a8d9589ad8]
Event: 0.187 Thread 0x000002a8f065c340  220       1       java.lang.invoke.MethodTypeForm::erasedType (5 bytes)
Event: 0.187 Thread 0x000002a8f065c340 nmethod 220 0x000002a8e1032510 code [0x000002a8e10326a0, 0x000002a8e1032770]
Event: 0.187 Thread 0x000002a8f065c340  221       3       java.util.zip.ZipUtils::CENHOW (9 bytes)
Event: 0.187 Thread 0x000002a8f065c340 nmethod 221 0x000002a8d9589c10 code [0x000002a8d9589dc0, 0x000002a8d9589f70]
Event: 0.189 Thread 0x000002a8f065c340  222       3       java.lang.StringLatin1::newString (24 bytes)
Event: 0.190 Thread 0x000002a8f065c340 nmethod 222 0x000002a8d958a090 code [0x000002a8d958a360, 0x000002a8d958b168]
Event: 0.193 Thread 0x000002a8f065c340  223       3       java.lang.System::getSecurityManager (12 bytes)
Event: 0.193 Thread 0x000002a8f065c340 nmethod 223 0x000002a8d958b690 code [0x000002a8d958b840, 0x000002a8d958b9b0]
Event: 0.194 Thread 0x000002a8f065c340  224       3       java.lang.StringUTF16::getChar (60 bytes)
Event: 0.194 Thread 0x000002a8f065c340 nmethod 224 0x000002a8d958ba90 code [0x000002a8d958bc40, 0x000002a8d958bdb0]
Event: 0.196 Thread 0x000002a8f065c340  225       3       java.lang.String::charAt (25 bytes)
Event: 0.197 Thread 0x000002a8f065c340 nmethod 225 0x000002a8d958be90 code [0x000002a8d958c080, 0x000002a8d958c5e0]
Event: 0.202 Thread 0x000002a8f065c340  226       3       java.lang.StringLatin1::lastIndexOf (40 bytes)
Event: 0.202 Thread 0x000002a8f065c340 nmethod 226 0x000002a8d958c810 code [0x000002a8d958c9e0, 0x000002a8d958cde8]
Event: 0.203 Thread 0x000002a8f065c340  227       3       java.util.Arrays::copyOf (33 bytes)
Event: 0.203 Thread 0x000002a8f065c340 nmethod 227 0x000002a8d958cf90 code [0x000002a8d958d180, 0x000002a8d958d680]

GC Heap History (0 events):
No events

Dll operation events (9 events):
Event: 0.013 Loaded shared library C:\Program Files\Java\jdk-21\bin\java.dll
Event: 0.076 Loaded shared library C:\Program Files\Java\jdk-21\bin\jsvml.dll
Event: 0.148 Loaded shared library C:\Program Files\Java\jdk-21\bin\zip.dll
Event: 0.153 Loaded shared library C:\Program Files\Java\jdk-21\bin\instrument.dll
Event: 0.161 Loaded shared library C:\Program Files\Java\jdk-21\bin\net.dll
Event: 0.163 Loaded shared library C:\Program Files\Java\jdk-21\bin\nio.dll
Event: 0.170 Loaded shared library C:\Program Files\Java\jdk-21\bin\zip.dll
Event: 0.192 Loaded shared library C:\Program Files\JetBrains\IntelliJ IDEA 2023.3.2\bin\breakgen64.dll
Event: 0.200 Loaded shared library C:\Users\MSI\IdeaProjects\RustJava\Rust\myTrainerlib\target\debug\myTrainerlib.dll

Deoptimization events (20 events):
Event: 0.171 Thread 0x000002a8d10e2ae0 Uncommon trap: trap_request=0xffffffde fr.pc=0x000002a8e102e870 relative=0x00000000000009b0
Event: 0.171 Thread 0x000002a8d10e2ae0 Uncommon trap: reason=class_check action=maybe_recompile pc=0x000002a8e102e870 method=java.util.HashMap.putVal(ILjava/lang/Object;Ljava/lang/Object;ZZ)Ljava/lang/Object; @ 152 c2
Event: 0.171 Thread 0x000002a8d10e2ae0 DEOPT PACKING pc=0x000002a8e102e870 sp=0x000000ae2f5fe2b0
Event: 0.171 Thread 0x000002a8d10e2ae0 DEOPT UNPACKING pc=0x000002a8e0ad46a2 sp=0x000000ae2f5fe240 mode 2
Event: 0.172 Thread 0x000002a8d10e2ae0 Uncommon trap: trap_request=0xffffffde fr.pc=0x000002a8e102e870 relative=0x00000000000009b0
Event: 0.172 Thread 0x000002a8d10e2ae0 Uncommon trap: reason=class_check action=maybe_recompile pc=0x000002a8e102e870 method=java.util.HashMap.putVal(ILjava/lang/Object;Ljava/lang/Object;ZZ)Ljava/lang/Object; @ 152 c2
Event: 0.172 Thread 0x000002a8d10e2ae0 DEOPT PACKING pc=0x000002a8e102e870 sp=0x000000ae2f5fe2b0
Event: 0.172 Thread 0x000002a8d10e2ae0 DEOPT UNPACKING pc=0x000002a8e0ad46a2 sp=0x000000ae2f5fe240 mode 2
Event: 0.172 Thread 0x000002a8d10e2ae0 Uncommon trap: trap_request=0xffffffde fr.pc=0x000002a8e102e870 relative=0x00000000000009b0
Event: 0.172 Thread 0x000002a8d10e2ae0 Uncommon trap: reason=class_check action=maybe_recompile pc=0x000002a8e102e870 method=java.util.HashMap.putVal(ILjava/lang/Object;Ljava/lang/Object;ZZ)Ljava/lang/Object; @ 152 c2
Event: 0.172 Thread 0x000002a8d10e2ae0 DEOPT PACKING pc=0x000002a8e102e870 sp=0x000000ae2f5fe2b0
Event: 0.172 Thread 0x000002a8d10e2ae0 DEOPT UNPACKING pc=0x000002a8e0ad46a2 sp=0x000000ae2f5fe240 mode 2
Event: 0.172 Thread 0x000002a8d10e2ae0 Uncommon trap: trap_request=0xffffffde fr.pc=0x000002a8e102e870 relative=0x00000000000009b0
Event: 0.172 Thread 0x000002a8d10e2ae0 Uncommon trap: reason=class_check action=maybe_recompile pc=0x000002a8e102e870 method=java.util.HashMap.putVal(ILjava/lang/Object;Ljava/lang/Object;ZZ)Ljava/lang/Object; @ 152 c2
Event: 0.172 Thread 0x000002a8d10e2ae0 DEOPT PACKING pc=0x000002a8e102e870 sp=0x000000ae2f5fe2b0
Event: 0.172 Thread 0x000002a8d10e2ae0 DEOPT UNPACKING pc=0x000002a8e0ad46a2 sp=0x000000ae2f5fe240 mode 2
Event: 0.194 Thread 0x000002a8d10e2ae0 Uncommon trap: trap_request=0xffffff45 fr.pc=0x000002a8e103116c relative=0x00000000000000cc
Event: 0.194 Thread 0x000002a8d10e2ae0 Uncommon trap: reason=unstable_if action=reinterpret pc=0x000002a8e103116c method=java.lang.String.isLatin1()Z @ 10 c2
Event: 0.194 Thread 0x000002a8d10e2ae0 DEOPT PACKING pc=0x000002a8e103116c sp=0x000000ae2f5fed20
Event: 0.194 Thread 0x000002a8d10e2ae0 DEOPT UNPACKING pc=0x000002a8e0ad46a2 sp=0x000000ae2f5fec60 mode 2

Classes loaded (20 events):
Event: 0.203 Loading class sun/net/ext/ExtendedSocketOptions
Event: 0.204 Loading class sun/net/ext/ExtendedSocketOptions done
Event: 0.204 Loading class jdk/net/ExtendedSocketOptions
Event: 0.204 Loading class jdk/net/ExtendedSocketOptions done
Event: 0.204 Loading class jdk/net/ExtendedSocketOptions$ExtSocketOption
Event: 0.204 Loading class java/net/SocketOption
Event: 0.204 Loading class java/net/SocketOption done
Event: 0.204 Loading class jdk/net/ExtendedSocketOptions$ExtSocketOption done
Event: 0.204 Loading class jdk/net/UnixDomainPrincipal
Event: 0.205 Loading class jdk/net/UnixDomainPrincipal done
Event: 0.205 Loading class java/lang/Math$RandomNumberGeneratorHolder
Event: 0.205 Loading class jdk/net/ExtendedSocketOptions$PlatformSocketOptions
Event: 0.205 Loading class java/lang/Math$RandomNumberGeneratorHolder done
Event: 0.205 Loading class jdk/net/ExtendedSocketOptions$PlatformSocketOptions done
Event: 0.205 Loading class jdk/net/ExtendedSocketOptions$2
Event: 0.205 Loading class jdk/net/ExtendedSocketOptions$2 done
Event: 0.205 Loading class jdk/internal/util/OperatingSystem
Event: 0.205 Loading class jdk/internal/util/OperatingSystem done
Event: 0.206 Loading class jdk/net/WindowsSocketOptions
Event: 0.206 Loading class jdk/net/WindowsSocketOptions done

Classes unloaded (0 events):
No events

Classes redefined (0 events):
No events

Internal exceptions (2 events):
Event: 0.178 Thread 0x000002a8d10e2ae0 Exception <a 'java/lang/NoSuchMethodError'{0x0000000712707dd8}: 'void java.lang.invoke.DirectMethodHandle$Holder.invokeStatic(java.lang.Object, java.lang.Object, java.lang.Object)'> (0x0000000712707dd8) 
thrown [s\open\src\hotspot\share\interpreter\linkResolver.cpp, line 773]
Event: 0.186 Thread 0x000002a8d10e2ae0 Exception <a 'java/lang/NoSuchMethodError'{0x000000071271f2e0}: 'java.lang.Object java.lang.invoke.Invokers$Holder.invokeExact_MT(java.lang.Object, java.lang.Object, java.lang.Object, java.lang.Object, java.lang.Object)'> (0x000000071271f2e0) 
thrown [s\open\src\hotspot\share\interpreter\linkResolver.cpp, line 773]

ZGC Phase Switch (0 events):
No events

VM Operations (2 events):
Event: 0.128 Executing VM operation: HandshakeAllThreads (Deoptimize)
Event: 0.128 Executing VM operation: HandshakeAllThreads (Deoptimize) done

Events (12 events):
Event: 0.045 Thread 0x000002a8d10e2ae0 Thread added: 0x000002a8d10e2ae0
Event: 0.071 Thread 0x000002a8f063e830 Thread added: 0x000002a8f063e830
Event: 0.071 Thread 0x000002a8f063f800 Thread added: 0x000002a8f063f800
Event: 0.072 Thread 0x000002a8f0644a20 Thread added: 0x000002a8f0644a20
Event: 0.072 Thread 0x000002a8f0647640 Thread added: 0x000002a8f0647640
Event: 0.072 Thread 0x000002a8f06504b0 Thread added: 0x000002a8f06504b0
Event: 0.072 Thread 0x000002a8f0652120 Thread added: 0x000002a8f0652120
Event: 0.072 Thread 0x000002a8f0659d10 Thread added: 0x000002a8f0659d10
Event: 0.072 Thread 0x000002a8f065c340 Thread added: 0x000002a8f065c340
Event: 0.117 Thread 0x000002a8f06527b0 Thread added: 0x000002a8f06527b0
Event: 0.193 Thread 0x000002a8f0653b60 Thread added: 0x000002a8f0653b60
Event: 0.193 Thread 0x000002a8f0654880 Thread added: 0x000002a8f0654880


Dynamic libraries:
0x00007ff6c2c50000 - 0x00007ff6c2c60000 	C:\Program Files\Java\jdk-21\bin\java.exe
0x00007ffc4eb30000 - 0x00007ffc4ed28000 	C:\Windows\SYSTEM32\ntdll.dll
0x00007ffc4d700000 - 0x00007ffc4d7bd000 	C:\Windows\System32\KERNEL32.DLL
0x00007ffc4c210000 - 0x00007ffc4c506000 	C:\Windows\System32\KERNELBASE.dll
0x00007ffc4c650000 - 0x00007ffc4c750000 	C:\Windows\System32\ucrtbase.dll
0x00007ffc48f60000 - 0x00007ffc48f79000 	C:\Program Files\Java\jdk-21\bin\jli.dll
0x00007ffc464b0000 - 0x00007ffc464cb000 	C:\Program Files\Java\jdk-21\bin\VCRUNTIME140.dll
0x00007ffc4d090000 - 0x00007ffc4d13e000 	C:\Windows\System32\ADVAPI32.dll
0x00007ffc4e8f0000 - 0x00007ffc4e98e000 	C:\Windows\System32\msvcrt.dll
0x00007ffc4d7c0000 - 0x00007ffc4d85c000 	C:\Windows\System32\sechost.dll
0x00007ffc4e9c0000 - 0x00007ffc4eae6000 	C:\Windows\System32\RPCRT4.dll
0x00007ffc4e270000 - 0x00007ffc4e40e000 	C:\Windows\System32\USER32.dll
0x00007ffc4c750000 - 0x00007ffc4c772000 	C:\Windows\System32\win32u.dll
0x00007ffc2fc60000 - 0x00007ffc2fefa000 	C:\Windows\WinSxS\amd64_microsoft.windows.common-controls_6595b64144ccf1df_6.0.19041.1110_none_60b5254171f9507e\COMCTL32.dll
0x00007ffc4d000000 - 0x00007ffc4d02c000 	C:\Windows\System32\GDI32.dll
0x00007ffc4c7d0000 - 0x00007ffc4c8ea000 	C:\Windows\System32\gdi32full.dll
0x00007ffc4c8f0000 - 0x00007ffc4c98d000 	C:\Windows\System32\msvcp_win.dll
0x00007ffc45930000 - 0x00007ffc4593a000 	C:\Windows\SYSTEM32\VERSION.dll
0x00007ffc4e990000 - 0x00007ffc4e9c0000 	C:\Windows\System32\IMM32.DLL
0x00007ffc48f50000 - 0x00007ffc48f5c000 	C:\Program Files\Java\jdk-21\bin\vcruntime140_1.dll
0x00007ffc20700000 - 0x00007ffc2078e000 	C:\Program Files\Java\jdk-21\bin\msvcp140.dll
0x00007ffc0fc90000 - 0x00007ffc109a3000 	C:\Program Files\Java\jdk-21\bin\server\jvm.dll
0x00007ffc4d5c0000 - 0x00007ffc4d62b000 	C:\Windows\System32\WS2_32.dll
0x00007ffc4b7b0000 - 0x00007ffc4b7fb000 	C:\Windows\SYSTEM32\POWRPROF.dll
0x00007ffc2f6e0000 - 0x00007ffc2f707000 	C:\Windows\SYSTEM32\WINMM.dll
0x00007ffc4b630000 - 0x00007ffc4b642000 	C:\Windows\SYSTEM32\UMPDC.dll
0x00007ffc4a0a0000 - 0x00007ffc4a0b2000 	C:\Windows\SYSTEM32\kernel.appcore.dll
0x00007ffc48e50000 - 0x00007ffc48e5a000 	C:\Program Files\Java\jdk-21\bin\jimage.dll
0x00007ffc3ad80000 - 0x00007ffc3af64000 	C:\Windows\SYSTEM32\DBGHELP.DLL
0x00007ffc363c0000 - 0x00007ffc363f4000 	C:\Windows\SYSTEM32\dbgcore.DLL
0x00007ffc4c510000 - 0x00007ffc4c592000 	C:\Windows\System32\bcryptPrimitives.dll
0x00007ffc48e30000 - 0x00007ffc48e3f000 	C:\Program Files\Java\jdk-21\bin\instrument.dll
0x00007ffc44c40000 - 0x00007ffc44c5f000 	C:\Program Files\Java\jdk-21\bin\java.dll
0x00007ffc4db20000 - 0x00007ffc4e265000 	C:\Windows\System32\SHELL32.dll
0x00007ffc4a2a0000 - 0x00007ffc4aa3b000 	C:\Windows\SYSTEM32\windows.storage.dll
0x00007ffc4e410000 - 0x00007ffc4e764000 	C:\Windows\System32\combase.dll
0x00007ffc4bc50000 - 0x00007ffc4bc7e000 	C:\Windows\SYSTEM32\Wldp.dll
0x00007ffc4d510000 - 0x00007ffc4d5bd000 	C:\Windows\System32\SHCORE.dll
0x00007ffc4da10000 - 0x00007ffc4da65000 	C:\Windows\System32\shlwapi.dll
0x00007ffc4c140000 - 0x00007ffc4c165000 	C:\Windows\SYSTEM32\profapi.dll
0x00007ffc13a60000 - 0x00007ffc13b37000 	C:\Program Files\Java\jdk-21\bin\jsvml.dll
0x00007ffc3b000000 - 0x00007ffc3b018000 	C:\Program Files\Java\jdk-21\bin\zip.dll
0x00007ffc46480000 - 0x00007ffc46490000 	C:\Program Files\Java\jdk-21\bin\net.dll
0x00007ffc46230000 - 0x00007ffc4633a000 	C:\Windows\SYSTEM32\WINHTTP.dll
0x00007ffc4b9b0000 - 0x00007ffc4ba1a000 	C:\Windows\system32\mswsock.dll
0x00007ffc3b020000 - 0x00007ffc3b036000 	C:\Program Files\Java\jdk-21\bin\nio.dll
0x00007ffc383f0000 - 0x00007ffc3840a000 	C:\Program Files\JetBrains\IntelliJ IDEA 2023.3.2\bin\breakgen64.dll
0x00007ffc139a0000 - 0x00007ffc13a52000 	C:\Users\MSI\IdeaProjects\RustJava\Rust\myTrainerlib\target\debug\myTrainerlib.dll
0x00007ffc44870000 - 0x00007ffc44877000 	C:\Program Files\Java\jdk-21\bin\extnet.dll

dbghelp: loaded successfully - version: 4.0.5 - missing functions: none
symbol engine: initialized successfully - sym options: 0x614 - pdb path: .;C:\Program Files\Java\jdk-21\bin;C:\Windows\SYSTEM32;C:\Windows\WinSxS\amd64_microsoft.windows.common-controls_6595b64144ccf1df_6.0.19041.1110_none_60b5254171f9507e;C:\Program Files\Java\jdk-21\bin\server;C:\Program Files\JetBrains\IntelliJ IDEA 2023.3.2\bin;C:\Users\MSI\IdeaProjects\RustJava\Rust\myTrainerlib\target\debug

VM Arguments:
jvm_args: -javaagent:C:\Program Files\JetBrains\IntelliJ IDEA 2023.3.2\lib\idea_rt.jar=63333:C:\Program Files\JetBrains\IntelliJ IDEA 2023.3.2\bin -Dfile.encoding=UTF-8 -Dsun.stdout.encoding=UTF-8 -Dsun.stderr.encoding=UTF-8 
java_command: Main
java_class_path (initial): C:\Users\MSI\IdeaProjects\RustJava\out\production\RustJava;C:\Users\MSI\Downloads\jna-jpms-5.14.0.jar
Launcher Type: SUN_STANDARD

[Global flags]
     intx CICompilerCount                          = 4                                         {product} {ergonomic}
     uint ConcGCThreads                            = 3                                         {product} {ergonomic}
     uint G1ConcRefinementThreads                  = 10                                        {product} {ergonomic}
   size_t G1HeapRegionSize                         = 2097152                                   {product} {ergonomic}
    uintx GCDrainStackTargetSize                   = 64                                        {product} {ergonomic}
   size_t InitialHeapSize                          = 266338304                                 {product} {ergonomic}
   size_t MarkStackSize                            = 4194304                                   {product} {ergonomic}
   size_t MaxHeapSize                              = 4248829952                                {product} {ergonomic}
   size_t MaxNewSize                               = 2548039680                                {product} {ergonomic}
   size_t MinHeapDeltaBytes                        = 2097152                                   {product} {ergonomic}
   size_t MinHeapSize                              = 8388608                                   {product} {ergonomic}
    uintx NonNMethodCodeHeapSize                   = 5839372                                {pd product} {ergonomic}
    uintx NonProfiledCodeHeapSize                  = 122909434                              {pd product} {ergonomic}
    uintx ProfiledCodeHeapSize                     = 122909434                              {pd product} {ergonomic}
    uintx ReservedCodeCacheSize                    = 251658240                              {pd product} {ergonomic}
     bool SegmentedCodeCache                       = true                                      {product} {ergonomic}
   size_t SoftMaxHeapSize                          = 4248829952                             {manageable} {ergonomic}
     bool UseCompressedOops                        = true                           {product lp64_product} {ergonomic}
     bool UseG1GC                                  = true                                      {product} {ergonomic}
     bool UseLargePagesIndividualAllocation        = false                                  {pd product} {ergonomic}

Logging:
Log output configuration:
 #0: stdout all=warning uptime,level,tags foldmultilines=false
 #1: stderr all=off uptime,level,tags foldmultilines=false

Environment Variables:
PATH=C:\Program Files (x86)\VMware\VMware Player\bin\;C:\Program Files\Common Files\Oracle\Java\javapath;C:\Windows\system32;C:\Windows;C:\Windows\System32\Wbem;C:\Windows\System32\WindowsPowerShell\v1.0\;C:\Windows\System32\OpenSSH\;C:\Program Files\Git\cmd;C:\Users\MSI\AppData\Roaming\nvm;C:\Program Files\nodejs;C:\Program Files\Java\jdk-21\bin;C:\Users\MSI\AppData\Local\Programs\Python\Python312\Scripts\;C:\Users\MSI\AppData\Local\Programs\Python\Python312\;C:\Users\MSI\AppData\Local\Programs\Python\Launcher\;C:\Users\MSI\.cargo\bin;C:\Users\MSI\AppData\Local\Microsoft\WindowsApps;C:\Users\MSI\AppData\Local\GitHubDesktop\bin;C:\Program Files\JetBrains\IntelliJ IDEA Educational Edition 2022.2.2\bin;;C:\Program Files\JetBrains\PyCharm Community Edition 2022.1.2\bin;;C:\Users\MSI\AppData\Local\Programs\Microsoft VS Code\bin;C:\Users\MSI\AppData\Roaming\npm;C:\Users\MSI\AppData\Roaming\nvm;C:\Program Files\nodejs;C:\Program Files\JetBrains\CLion 2023.3.2\bin;;C:\Program Files\JetBrains\IntelliJ IDEA 2023.3.2\bin;;C:\Program Files\Neovim\bin
USERNAME=MSI
OS=Windows_NT
PROCESSOR_IDENTIFIER=Intel64 Family 6 Model 165 Stepping 2, GenuineIntel
TMP=C:\Users\MSI\AppData\Local\Temp
TEMP=C:\Users\MSI\AppData\Local\Temp




---------------  S Y S T E M  ---------------

OS:
 Windows 10 , 64 bit Build 19041 (10.0.19041.3393)
OS uptime: 4 days 15:53 hours

CPU: total 12 (initial active 12) (6 cores per cpu, 2 threads per core) family 6 model 165 stepping 2 microcode 0xe2, cx8, cmov, fxsr, ht, mmx, 3dnowpref, sse, sse2, sse3, ssse3, sse4.1, sse4.2, popcnt, lzcnt, tsc, tscinvbit, avx, avx2, aes, erms, clmul, bmi1, bmi2, adx, fma, vzeroupper, clflush, clflushopt, rdtscp, f16c, pku
Processor Information for all 12 processors :
  Max Mhz: 2496, Current Mhz: 2496, Mhz Limit: 2496

Memory: 4k page, system-wide physical 16205M (6389M free)
TotalPageFile size 18637M (AvailPageFile size 4072M)
current process WorkingSet (physical memory assigned to process): 38M, peak: 38M
current process commit charge ("private bytes"): 343M, peak: 343M

vm_info: Java HotSpot(TM) 64-Bit Server VM (21+35-LTS-2513) for windows-amd64 JRE (21+35-LTS-2513), built on 2023-08-09T20:25:10Z by "mach5one" with MS VC++ 17.1 (VS2022)

END.
